[2024-11-26T06:09:13.025+0000] {processor.py:161} INFO - Started process (PID=161) to work on /home/airflow/.local/lib/python3.12/site-packages/airflow/example_dags/example_display_name.py
[2024-11-26T06:09:13.026+0000] {processor.py:830} INFO - Processing file /home/airflow/.local/lib/python3.12/site-packages/airflow/example_dags/example_display_name.py for tasks to queue
[2024-11-26T06:09:13.027+0000] {logging_mixin.py:188} INFO - [2024-11-26T06:09:13.027+0000] {dagbag.py:545} INFO - Filling up the DagBag from /home/airflow/.local/lib/python3.12/site-packages/airflow/example_dags/example_display_name.py
[2024-11-26T06:09:13.031+0000] {processor.py:840} INFO - DAG(s) 'example_display_name' retrieved from /home/airflow/.local/lib/python3.12/site-packages/airflow/example_dags/example_display_name.py
[2024-11-26T06:09:13.094+0000] {logging_mixin.py:188} INFO - [2024-11-26T06:09:13.094+0000] {dag.py:3096} INFO - Sync 1 DAGs
[2024-11-26T06:09:13.101+0000] {logging_mixin.py:188} INFO - [2024-11-26T06:09:13.100+0000] {dag.py:3954} INFO - Setting next_dagrun for example_display_name to None, run_after=None
[2024-11-26T06:09:13.159+0000] {processor.py:183} INFO - Processing /home/airflow/.local/lib/python3.12/site-packages/airflow/example_dags/example_display_name.py took 0.137 seconds
[2024-11-26T06:09:43.903+0000] {processor.py:161} INFO - Started process (PID=224) to work on /home/airflow/.local/lib/python3.12/site-packages/airflow/example_dags/example_display_name.py
[2024-11-26T06:09:43.904+0000] {processor.py:830} INFO - Processing file /home/airflow/.local/lib/python3.12/site-packages/airflow/example_dags/example_display_name.py for tasks to queue
[2024-11-26T06:09:43.905+0000] {logging_mixin.py:188} INFO - [2024-11-26T06:09:43.905+0000] {dagbag.py:545} INFO - Filling up the DagBag from /home/airflow/.local/lib/python3.12/site-packages/airflow/example_dags/example_display_name.py
[2024-11-26T06:09:43.909+0000] {processor.py:840} INFO - DAG(s) 'example_display_name' retrieved from /home/airflow/.local/lib/python3.12/site-packages/airflow/example_dags/example_display_name.py
[2024-11-26T06:09:43.921+0000] {logging_mixin.py:188} INFO - [2024-11-26T06:09:43.921+0000] {dag.py:3096} INFO - Sync 1 DAGs
[2024-11-26T06:09:43.929+0000] {logging_mixin.py:188} INFO - [2024-11-26T06:09:43.929+0000] {dag.py:3954} INFO - Setting next_dagrun for example_display_name to None, run_after=None
[2024-11-26T06:09:43.945+0000] {processor.py:183} INFO - Processing /home/airflow/.local/lib/python3.12/site-packages/airflow/example_dags/example_display_name.py took 0.046 seconds
[2024-11-26T06:10:14.487+0000] {processor.py:161} INFO - Started process (PID=287) to work on /home/airflow/.local/lib/python3.12/site-packages/airflow/example_dags/example_display_name.py
[2024-11-26T06:10:14.488+0000] {processor.py:830} INFO - Processing file /home/airflow/.local/lib/python3.12/site-packages/airflow/example_dags/example_display_name.py for tasks to queue
[2024-11-26T06:10:14.489+0000] {logging_mixin.py:188} INFO - [2024-11-26T06:10:14.489+0000] {dagbag.py:545} INFO - Filling up the DagBag from /home/airflow/.local/lib/python3.12/site-packages/airflow/example_dags/example_display_name.py
[2024-11-26T06:10:14.492+0000] {processor.py:840} INFO - DAG(s) 'example_display_name' retrieved from /home/airflow/.local/lib/python3.12/site-packages/airflow/example_dags/example_display_name.py
[2024-11-26T06:10:14.504+0000] {logging_mixin.py:188} INFO - [2024-11-26T06:10:14.504+0000] {dag.py:3096} INFO - Sync 1 DAGs
[2024-11-26T06:10:14.511+0000] {logging_mixin.py:188} INFO - [2024-11-26T06:10:14.511+0000] {dag.py:3954} INFO - Setting next_dagrun for example_display_name to None, run_after=None
[2024-11-26T06:10:14.540+0000] {processor.py:183} INFO - Processing /home/airflow/.local/lib/python3.12/site-packages/airflow/example_dags/example_display_name.py took 0.056 seconds
[2024-11-26T06:10:45.160+0000] {processor.py:161} INFO - Started process (PID=350) to work on /home/airflow/.local/lib/python3.12/site-packages/airflow/example_dags/example_display_name.py
[2024-11-26T06:10:45.161+0000] {processor.py:830} INFO - Processing file /home/airflow/.local/lib/python3.12/site-packages/airflow/example_dags/example_display_name.py for tasks to queue
[2024-11-26T06:10:45.162+0000] {logging_mixin.py:188} INFO - [2024-11-26T06:10:45.162+0000] {dagbag.py:545} INFO - Filling up the DagBag from /home/airflow/.local/lib/python3.12/site-packages/airflow/example_dags/example_display_name.py
[2024-11-26T06:10:45.166+0000] {processor.py:840} INFO - DAG(s) 'example_display_name' retrieved from /home/airflow/.local/lib/python3.12/site-packages/airflow/example_dags/example_display_name.py
[2024-11-26T06:10:45.177+0000] {logging_mixin.py:188} INFO - [2024-11-26T06:10:45.177+0000] {dag.py:3096} INFO - Sync 1 DAGs
[2024-11-26T06:10:45.184+0000] {logging_mixin.py:188} INFO - [2024-11-26T06:10:45.184+0000] {dag.py:3954} INFO - Setting next_dagrun for example_display_name to None, run_after=None
[2024-11-26T06:10:45.204+0000] {processor.py:183} INFO - Processing /home/airflow/.local/lib/python3.12/site-packages/airflow/example_dags/example_display_name.py took 0.047 seconds
[2024-11-26T06:11:15.726+0000] {processor.py:161} INFO - Started process (PID=413) to work on /home/airflow/.local/lib/python3.12/site-packages/airflow/example_dags/example_display_name.py
[2024-11-26T06:11:15.726+0000] {processor.py:830} INFO - Processing file /home/airflow/.local/lib/python3.12/site-packages/airflow/example_dags/example_display_name.py for tasks to queue
[2024-11-26T06:11:15.727+0000] {logging_mixin.py:188} INFO - [2024-11-26T06:11:15.727+0000] {dagbag.py:545} INFO - Filling up the DagBag from /home/airflow/.local/lib/python3.12/site-packages/airflow/example_dags/example_display_name.py
[2024-11-26T06:11:15.731+0000] {processor.py:840} INFO - DAG(s) 'example_display_name' retrieved from /home/airflow/.local/lib/python3.12/site-packages/airflow/example_dags/example_display_name.py
[2024-11-26T06:11:15.742+0000] {logging_mixin.py:188} INFO - [2024-11-26T06:11:15.742+0000] {dag.py:3096} INFO - Sync 1 DAGs
[2024-11-26T06:11:15.750+0000] {logging_mixin.py:188} INFO - [2024-11-26T06:11:15.750+0000] {dag.py:3954} INFO - Setting next_dagrun for example_display_name to None, run_after=None
[2024-11-26T06:11:15.777+0000] {processor.py:183} INFO - Processing /home/airflow/.local/lib/python3.12/site-packages/airflow/example_dags/example_display_name.py took 0.056 seconds
[2024-11-26T06:11:46.359+0000] {processor.py:161} INFO - Started process (PID=476) to work on /home/airflow/.local/lib/python3.12/site-packages/airflow/example_dags/example_display_name.py
[2024-11-26T06:11:46.359+0000] {processor.py:830} INFO - Processing file /home/airflow/.local/lib/python3.12/site-packages/airflow/example_dags/example_display_name.py for tasks to queue
[2024-11-26T06:11:46.360+0000] {logging_mixin.py:188} INFO - [2024-11-26T06:11:46.360+0000] {dagbag.py:545} INFO - Filling up the DagBag from /home/airflow/.local/lib/python3.12/site-packages/airflow/example_dags/example_display_name.py
[2024-11-26T06:11:46.364+0000] {processor.py:840} INFO - DAG(s) 'example_display_name' retrieved from /home/airflow/.local/lib/python3.12/site-packages/airflow/example_dags/example_display_name.py
[2024-11-26T06:11:46.375+0000] {logging_mixin.py:188} INFO - [2024-11-26T06:11:46.375+0000] {dag.py:3096} INFO - Sync 1 DAGs
[2024-11-26T06:11:46.383+0000] {logging_mixin.py:188} INFO - [2024-11-26T06:11:46.383+0000] {dag.py:3954} INFO - Setting next_dagrun for example_display_name to None, run_after=None
[2024-11-26T06:11:46.402+0000] {processor.py:183} INFO - Processing /home/airflow/.local/lib/python3.12/site-packages/airflow/example_dags/example_display_name.py took 0.047 seconds
[2024-11-26T06:12:16.741+0000] {processor.py:161} INFO - Started process (PID=539) to work on /home/airflow/.local/lib/python3.12/site-packages/airflow/example_dags/example_display_name.py
[2024-11-26T06:12:16.741+0000] {processor.py:830} INFO - Processing file /home/airflow/.local/lib/python3.12/site-packages/airflow/example_dags/example_display_name.py for tasks to queue
[2024-11-26T06:12:16.742+0000] {logging_mixin.py:188} INFO - [2024-11-26T06:12:16.742+0000] {dagbag.py:545} INFO - Filling up the DagBag from /home/airflow/.local/lib/python3.12/site-packages/airflow/example_dags/example_display_name.py
[2024-11-26T06:12:16.746+0000] {processor.py:840} INFO - DAG(s) 'example_display_name' retrieved from /home/airflow/.local/lib/python3.12/site-packages/airflow/example_dags/example_display_name.py
[2024-11-26T06:12:16.757+0000] {logging_mixin.py:188} INFO - [2024-11-26T06:12:16.757+0000] {dag.py:3096} INFO - Sync 1 DAGs
[2024-11-26T06:12:16.764+0000] {logging_mixin.py:188} INFO - [2024-11-26T06:12:16.764+0000] {dag.py:3954} INFO - Setting next_dagrun for example_display_name to None, run_after=None
[2024-11-26T06:12:16.794+0000] {processor.py:183} INFO - Processing /home/airflow/.local/lib/python3.12/site-packages/airflow/example_dags/example_display_name.py took 0.057 seconds
[2024-11-26T06:12:47.254+0000] {processor.py:161} INFO - Started process (PID=602) to work on /home/airflow/.local/lib/python3.12/site-packages/airflow/example_dags/example_display_name.py
[2024-11-26T06:12:47.255+0000] {processor.py:830} INFO - Processing file /home/airflow/.local/lib/python3.12/site-packages/airflow/example_dags/example_display_name.py for tasks to queue
[2024-11-26T06:12:47.256+0000] {logging_mixin.py:188} INFO - [2024-11-26T06:12:47.256+0000] {dagbag.py:545} INFO - Filling up the DagBag from /home/airflow/.local/lib/python3.12/site-packages/airflow/example_dags/example_display_name.py
[2024-11-26T06:12:47.260+0000] {processor.py:840} INFO - DAG(s) 'example_display_name' retrieved from /home/airflow/.local/lib/python3.12/site-packages/airflow/example_dags/example_display_name.py
[2024-11-26T06:12:47.271+0000] {logging_mixin.py:188} INFO - [2024-11-26T06:12:47.271+0000] {dag.py:3096} INFO - Sync 1 DAGs
[2024-11-26T06:12:47.278+0000] {logging_mixin.py:188} INFO - [2024-11-26T06:12:47.278+0000] {dag.py:3954} INFO - Setting next_dagrun for example_display_name to None, run_after=None
[2024-11-26T06:12:47.308+0000] {processor.py:183} INFO - Processing /home/airflow/.local/lib/python3.12/site-packages/airflow/example_dags/example_display_name.py took 0.057 seconds
[2024-11-26T06:13:17.566+0000] {processor.py:161} INFO - Started process (PID=665) to work on /home/airflow/.local/lib/python3.12/site-packages/airflow/example_dags/example_display_name.py
[2024-11-26T06:13:17.567+0000] {processor.py:830} INFO - Processing file /home/airflow/.local/lib/python3.12/site-packages/airflow/example_dags/example_display_name.py for tasks to queue
[2024-11-26T06:13:17.568+0000] {logging_mixin.py:188} INFO - [2024-11-26T06:13:17.568+0000] {dagbag.py:545} INFO - Filling up the DagBag from /home/airflow/.local/lib/python3.12/site-packages/airflow/example_dags/example_display_name.py
[2024-11-26T06:13:17.572+0000] {processor.py:840} INFO - DAG(s) 'example_display_name' retrieved from /home/airflow/.local/lib/python3.12/site-packages/airflow/example_dags/example_display_name.py
[2024-11-26T06:13:17.583+0000] {logging_mixin.py:188} INFO - [2024-11-26T06:13:17.583+0000] {dag.py:3096} INFO - Sync 1 DAGs
[2024-11-26T06:13:17.590+0000] {logging_mixin.py:188} INFO - [2024-11-26T06:13:17.590+0000] {dag.py:3954} INFO - Setting next_dagrun for example_display_name to None, run_after=None
[2024-11-26T06:13:17.609+0000] {processor.py:183} INFO - Processing /home/airflow/.local/lib/python3.12/site-packages/airflow/example_dags/example_display_name.py took 0.047 seconds
