[2024-11-26T06:09:12.417+0000] {processor.py:161} INFO - Started process (PID=153) to work on /home/airflow/.local/lib/python3.12/site-packages/airflow/example_dags/example_short_circuit_decorator.py
[2024-11-26T06:09:12.417+0000] {processor.py:830} INFO - Processing file /home/airflow/.local/lib/python3.12/site-packages/airflow/example_dags/example_short_circuit_decorator.py for tasks to queue
[2024-11-26T06:09:12.418+0000] {logging_mixin.py:188} INFO - [2024-11-26T06:09:12.418+0000] {dagbag.py:545} INFO - Filling up the DagBag from /home/airflow/.local/lib/python3.12/site-packages/airflow/example_dags/example_short_circuit_decorator.py
[2024-11-26T06:09:12.425+0000] {processor.py:840} INFO - DAG(s) 'example_short_circuit_decorator' retrieved from /home/airflow/.local/lib/python3.12/site-packages/airflow/example_dags/example_short_circuit_decorator.py
[2024-11-26T06:09:12.495+0000] {logging_mixin.py:188} INFO - [2024-11-26T06:09:12.494+0000] {dag.py:3096} INFO - Sync 1 DAGs
[2024-11-26T06:09:12.506+0000] {logging_mixin.py:188} INFO - [2024-11-26T06:09:12.506+0000] {dag.py:3954} INFO - Setting next_dagrun for example_short_circuit_decorator to 2024-11-25 00:00:00+00:00, run_after=2024-11-26 00:00:00+00:00
[2024-11-26T06:09:12.564+0000] {processor.py:183} INFO - Processing /home/airflow/.local/lib/python3.12/site-packages/airflow/example_dags/example_short_circuit_decorator.py took 0.150 seconds
[2024-11-26T06:09:42.620+0000] {processor.py:161} INFO - Started process (PID=216) to work on /home/airflow/.local/lib/python3.12/site-packages/airflow/example_dags/example_short_circuit_decorator.py
[2024-11-26T06:09:42.620+0000] {processor.py:830} INFO - Processing file /home/airflow/.local/lib/python3.12/site-packages/airflow/example_dags/example_short_circuit_decorator.py for tasks to queue
[2024-11-26T06:09:42.622+0000] {logging_mixin.py:188} INFO - [2024-11-26T06:09:42.621+0000] {dagbag.py:545} INFO - Filling up the DagBag from /home/airflow/.local/lib/python3.12/site-packages/airflow/example_dags/example_short_circuit_decorator.py
[2024-11-26T06:09:42.627+0000] {processor.py:840} INFO - DAG(s) 'example_short_circuit_decorator' retrieved from /home/airflow/.local/lib/python3.12/site-packages/airflow/example_dags/example_short_circuit_decorator.py
[2024-11-26T06:09:42.641+0000] {logging_mixin.py:188} INFO - [2024-11-26T06:09:42.641+0000] {dag.py:3096} INFO - Sync 1 DAGs
[2024-11-26T06:09:42.654+0000] {logging_mixin.py:188} INFO - [2024-11-26T06:09:42.654+0000] {dag.py:3954} INFO - Setting next_dagrun for example_short_circuit_decorator to 2024-11-25 00:00:00+00:00, run_after=2024-11-26 00:00:00+00:00
[2024-11-26T06:09:42.672+0000] {processor.py:183} INFO - Processing /home/airflow/.local/lib/python3.12/site-packages/airflow/example_dags/example_short_circuit_decorator.py took 0.056 seconds
[2024-11-26T06:10:13.233+0000] {processor.py:161} INFO - Started process (PID=279) to work on /home/airflow/.local/lib/python3.12/site-packages/airflow/example_dags/example_short_circuit_decorator.py
[2024-11-26T06:10:13.233+0000] {processor.py:830} INFO - Processing file /home/airflow/.local/lib/python3.12/site-packages/airflow/example_dags/example_short_circuit_decorator.py for tasks to queue
[2024-11-26T06:10:13.234+0000] {logging_mixin.py:188} INFO - [2024-11-26T06:10:13.234+0000] {dagbag.py:545} INFO - Filling up the DagBag from /home/airflow/.local/lib/python3.12/site-packages/airflow/example_dags/example_short_circuit_decorator.py
[2024-11-26T06:10:13.240+0000] {processor.py:840} INFO - DAG(s) 'example_short_circuit_decorator' retrieved from /home/airflow/.local/lib/python3.12/site-packages/airflow/example_dags/example_short_circuit_decorator.py
[2024-11-26T06:10:13.254+0000] {logging_mixin.py:188} INFO - [2024-11-26T06:10:13.253+0000] {dag.py:3096} INFO - Sync 1 DAGs
[2024-11-26T06:10:13.266+0000] {logging_mixin.py:188} INFO - [2024-11-26T06:10:13.266+0000] {dag.py:3954} INFO - Setting next_dagrun for example_short_circuit_decorator to 2024-11-25 00:00:00+00:00, run_after=2024-11-26 00:00:00+00:00
[2024-11-26T06:10:13.287+0000] {processor.py:183} INFO - Processing /home/airflow/.local/lib/python3.12/site-packages/airflow/example_dags/example_short_circuit_decorator.py took 0.058 seconds
[2024-11-26T06:10:43.886+0000] {processor.py:161} INFO - Started process (PID=342) to work on /home/airflow/.local/lib/python3.12/site-packages/airflow/example_dags/example_short_circuit_decorator.py
[2024-11-26T06:10:43.886+0000] {processor.py:830} INFO - Processing file /home/airflow/.local/lib/python3.12/site-packages/airflow/example_dags/example_short_circuit_decorator.py for tasks to queue
[2024-11-26T06:10:43.887+0000] {logging_mixin.py:188} INFO - [2024-11-26T06:10:43.887+0000] {dagbag.py:545} INFO - Filling up the DagBag from /home/airflow/.local/lib/python3.12/site-packages/airflow/example_dags/example_short_circuit_decorator.py
[2024-11-26T06:10:43.893+0000] {processor.py:840} INFO - DAG(s) 'example_short_circuit_decorator' retrieved from /home/airflow/.local/lib/python3.12/site-packages/airflow/example_dags/example_short_circuit_decorator.py
[2024-11-26T06:10:43.906+0000] {logging_mixin.py:188} INFO - [2024-11-26T06:10:43.906+0000] {dag.py:3096} INFO - Sync 1 DAGs
[2024-11-26T06:10:43.919+0000] {logging_mixin.py:188} INFO - [2024-11-26T06:10:43.919+0000] {dag.py:3954} INFO - Setting next_dagrun for example_short_circuit_decorator to 2024-11-25 00:00:00+00:00, run_after=2024-11-26 00:00:00+00:00
[2024-11-26T06:10:43.941+0000] {processor.py:183} INFO - Processing /home/airflow/.local/lib/python3.12/site-packages/airflow/example_dags/example_short_circuit_decorator.py took 0.059 seconds
[2024-11-26T06:11:14.482+0000] {processor.py:161} INFO - Started process (PID=405) to work on /home/airflow/.local/lib/python3.12/site-packages/airflow/example_dags/example_short_circuit_decorator.py
[2024-11-26T06:11:14.482+0000] {processor.py:830} INFO - Processing file /home/airflow/.local/lib/python3.12/site-packages/airflow/example_dags/example_short_circuit_decorator.py for tasks to queue
[2024-11-26T06:11:14.483+0000] {logging_mixin.py:188} INFO - [2024-11-26T06:11:14.483+0000] {dagbag.py:545} INFO - Filling up the DagBag from /home/airflow/.local/lib/python3.12/site-packages/airflow/example_dags/example_short_circuit_decorator.py
[2024-11-26T06:11:14.489+0000] {processor.py:840} INFO - DAG(s) 'example_short_circuit_decorator' retrieved from /home/airflow/.local/lib/python3.12/site-packages/airflow/example_dags/example_short_circuit_decorator.py
[2024-11-26T06:11:14.503+0000] {logging_mixin.py:188} INFO - [2024-11-26T06:11:14.502+0000] {dag.py:3096} INFO - Sync 1 DAGs
[2024-11-26T06:11:14.515+0000] {logging_mixin.py:188} INFO - [2024-11-26T06:11:14.515+0000] {dag.py:3954} INFO - Setting next_dagrun for example_short_circuit_decorator to 2024-11-25 00:00:00+00:00, run_after=2024-11-26 00:00:00+00:00
[2024-11-26T06:11:14.535+0000] {processor.py:183} INFO - Processing /home/airflow/.local/lib/python3.12/site-packages/airflow/example_dags/example_short_circuit_decorator.py took 0.057 seconds
[2024-11-26T06:11:45.076+0000] {processor.py:161} INFO - Started process (PID=468) to work on /home/airflow/.local/lib/python3.12/site-packages/airflow/example_dags/example_short_circuit_decorator.py
[2024-11-26T06:11:45.076+0000] {processor.py:830} INFO - Processing file /home/airflow/.local/lib/python3.12/site-packages/airflow/example_dags/example_short_circuit_decorator.py for tasks to queue
[2024-11-26T06:11:45.077+0000] {logging_mixin.py:188} INFO - [2024-11-26T06:11:45.077+0000] {dagbag.py:545} INFO - Filling up the DagBag from /home/airflow/.local/lib/python3.12/site-packages/airflow/example_dags/example_short_circuit_decorator.py
[2024-11-26T06:11:45.083+0000] {processor.py:840} INFO - DAG(s) 'example_short_circuit_decorator' retrieved from /home/airflow/.local/lib/python3.12/site-packages/airflow/example_dags/example_short_circuit_decorator.py
[2024-11-26T06:11:45.096+0000] {logging_mixin.py:188} INFO - [2024-11-26T06:11:45.096+0000] {dag.py:3096} INFO - Sync 1 DAGs
[2024-11-26T06:11:45.109+0000] {logging_mixin.py:188} INFO - [2024-11-26T06:11:45.109+0000] {dag.py:3954} INFO - Setting next_dagrun for example_short_circuit_decorator to 2024-11-25 00:00:00+00:00, run_after=2024-11-26 00:00:00+00:00
[2024-11-26T06:11:45.129+0000] {processor.py:183} INFO - Processing /home/airflow/.local/lib/python3.12/site-packages/airflow/example_dags/example_short_circuit_decorator.py took 0.057 seconds
[2024-11-26T06:12:15.459+0000] {processor.py:161} INFO - Started process (PID=531) to work on /home/airflow/.local/lib/python3.12/site-packages/airflow/example_dags/example_short_circuit_decorator.py
[2024-11-26T06:12:15.460+0000] {processor.py:830} INFO - Processing file /home/airflow/.local/lib/python3.12/site-packages/airflow/example_dags/example_short_circuit_decorator.py for tasks to queue
[2024-11-26T06:12:15.461+0000] {logging_mixin.py:188} INFO - [2024-11-26T06:12:15.461+0000] {dagbag.py:545} INFO - Filling up the DagBag from /home/airflow/.local/lib/python3.12/site-packages/airflow/example_dags/example_short_circuit_decorator.py
[2024-11-26T06:12:15.466+0000] {processor.py:840} INFO - DAG(s) 'example_short_circuit_decorator' retrieved from /home/airflow/.local/lib/python3.12/site-packages/airflow/example_dags/example_short_circuit_decorator.py
[2024-11-26T06:12:15.481+0000] {logging_mixin.py:188} INFO - [2024-11-26T06:12:15.481+0000] {dag.py:3096} INFO - Sync 1 DAGs
[2024-11-26T06:12:15.495+0000] {logging_mixin.py:188} INFO - [2024-11-26T06:12:15.495+0000] {dag.py:3954} INFO - Setting next_dagrun for example_short_circuit_decorator to 2024-11-25 00:00:00+00:00, run_after=2024-11-26 00:00:00+00:00
[2024-11-26T06:12:15.511+0000] {processor.py:183} INFO - Processing /home/airflow/.local/lib/python3.12/site-packages/airflow/example_dags/example_short_circuit_decorator.py took 0.056 seconds
[2024-11-26T06:12:46.012+0000] {processor.py:161} INFO - Started process (PID=594) to work on /home/airflow/.local/lib/python3.12/site-packages/airflow/example_dags/example_short_circuit_decorator.py
[2024-11-26T06:12:46.012+0000] {processor.py:830} INFO - Processing file /home/airflow/.local/lib/python3.12/site-packages/airflow/example_dags/example_short_circuit_decorator.py for tasks to queue
[2024-11-26T06:12:46.013+0000] {logging_mixin.py:188} INFO - [2024-11-26T06:12:46.013+0000] {dagbag.py:545} INFO - Filling up the DagBag from /home/airflow/.local/lib/python3.12/site-packages/airflow/example_dags/example_short_circuit_decorator.py
[2024-11-26T06:12:46.019+0000] {processor.py:840} INFO - DAG(s) 'example_short_circuit_decorator' retrieved from /home/airflow/.local/lib/python3.12/site-packages/airflow/example_dags/example_short_circuit_decorator.py
[2024-11-26T06:12:46.033+0000] {logging_mixin.py:188} INFO - [2024-11-26T06:12:46.032+0000] {dag.py:3096} INFO - Sync 1 DAGs
[2024-11-26T06:12:46.045+0000] {logging_mixin.py:188} INFO - [2024-11-26T06:12:46.045+0000] {dag.py:3954} INFO - Setting next_dagrun for example_short_circuit_decorator to 2024-11-25 00:00:00+00:00, run_after=2024-11-26 00:00:00+00:00
[2024-11-26T06:12:46.065+0000] {processor.py:183} INFO - Processing /home/airflow/.local/lib/python3.12/site-packages/airflow/example_dags/example_short_circuit_decorator.py took 0.057 seconds
[2024-11-26T06:13:16.304+0000] {processor.py:161} INFO - Started process (PID=657) to work on /home/airflow/.local/lib/python3.12/site-packages/airflow/example_dags/example_short_circuit_decorator.py
[2024-11-26T06:13:16.305+0000] {processor.py:830} INFO - Processing file /home/airflow/.local/lib/python3.12/site-packages/airflow/example_dags/example_short_circuit_decorator.py for tasks to queue
[2024-11-26T06:13:16.306+0000] {logging_mixin.py:188} INFO - [2024-11-26T06:13:16.306+0000] {dagbag.py:545} INFO - Filling up the DagBag from /home/airflow/.local/lib/python3.12/site-packages/airflow/example_dags/example_short_circuit_decorator.py
[2024-11-26T06:13:16.312+0000] {processor.py:840} INFO - DAG(s) 'example_short_circuit_decorator' retrieved from /home/airflow/.local/lib/python3.12/site-packages/airflow/example_dags/example_short_circuit_decorator.py
[2024-11-26T06:13:16.326+0000] {logging_mixin.py:188} INFO - [2024-11-26T06:13:16.326+0000] {dag.py:3096} INFO - Sync 1 DAGs
[2024-11-26T06:13:16.338+0000] {logging_mixin.py:188} INFO - [2024-11-26T06:13:16.338+0000] {dag.py:3954} INFO - Setting next_dagrun for example_short_circuit_decorator to 2024-11-25 00:00:00+00:00, run_after=2024-11-26 00:00:00+00:00
[2024-11-26T06:13:16.357+0000] {processor.py:183} INFO - Processing /home/airflow/.local/lib/python3.12/site-packages/airflow/example_dags/example_short_circuit_decorator.py took 0.056 seconds
