[2024-11-26T06:09:12.124+0000] {processor.py:161} INFO - Started process (PID=150) to work on /home/airflow/.local/lib/python3.12/site-packages/airflow/example_dags/example_subdag_operator.py
[2024-11-26T06:09:12.125+0000] {processor.py:830} INFO - Processing file /home/airflow/.local/lib/python3.12/site-packages/airflow/example_dags/example_subdag_operator.py for tasks to queue
[2024-11-26T06:09:12.126+0000] {logging_mixin.py:188} INFO - [2024-11-26T06:09:12.126+0000] {dagbag.py:545} INFO - Filling up the DagBag from /home/airflow/.local/lib/python3.12/site-packages/airflow/example_dags/example_subdag_operator.py
[2024-11-26T06:09:12.140+0000] {processor.py:840} INFO - DAG(s) 'example_subdag_operator.section-1', 'example_subdag_operator.section-2', 'example_subdag_operator' retrieved from /home/airflow/.local/lib/python3.12/site-packages/airflow/example_dags/example_subdag_operator.py
[2024-11-26T06:09:12.202+0000] {logging_mixin.py:188} INFO - [2024-11-26T06:09:12.202+0000] {dag.py:3096} INFO - Sync 3 DAGs
[2024-11-26T06:09:12.216+0000] {logging_mixin.py:188} INFO - [2024-11-26T06:09:12.215+0000] {dag.py:3954} INFO - Setting next_dagrun for example_subdag_operator to 2022-01-01 00:00:00+00:00, run_after=2022-01-01 00:00:00+00:00
[2024-11-26T06:09:12.218+0000] {logging_mixin.py:188} INFO - [2024-11-26T06:09:12.218+0000] {dag.py:3954} INFO - Setting next_dagrun for example_subdag_operator.section-1 to None, run_after=None
[2024-11-26T06:09:12.219+0000] {logging_mixin.py:188} INFO - [2024-11-26T06:09:12.219+0000] {dag.py:3954} INFO - Setting next_dagrun for example_subdag_operator.section-2 to None, run_after=None
[2024-11-26T06:09:12.224+0000] {logging_mixin.py:188} INFO - [2024-11-26T06:09:12.224+0000] {dag.py:3096} INFO - Sync 2 DAGs
[2024-11-26T06:09:12.227+0000] {logging_mixin.py:188} INFO - [2024-11-26T06:09:12.227+0000] {dag.py:3954} INFO - Setting next_dagrun for example_subdag_operator.section-1 to None, run_after=None
[2024-11-26T06:09:12.227+0000] {logging_mixin.py:188} INFO - [2024-11-26T06:09:12.227+0000] {dag.py:3954} INFO - Setting next_dagrun for example_subdag_operator.section-2 to None, run_after=None
[2024-11-26T06:09:12.367+0000] {processor.py:183} INFO - Processing /home/airflow/.local/lib/python3.12/site-packages/airflow/example_dags/example_subdag_operator.py took 0.246 seconds
[2024-11-26T06:09:42.539+0000] {processor.py:161} INFO - Started process (PID=213) to work on /home/airflow/.local/lib/python3.12/site-packages/airflow/example_dags/example_subdag_operator.py
[2024-11-26T06:09:42.540+0000] {processor.py:830} INFO - Processing file /home/airflow/.local/lib/python3.12/site-packages/airflow/example_dags/example_subdag_operator.py for tasks to queue
[2024-11-26T06:09:42.541+0000] {logging_mixin.py:188} INFO - [2024-11-26T06:09:42.541+0000] {dagbag.py:545} INFO - Filling up the DagBag from /home/airflow/.local/lib/python3.12/site-packages/airflow/example_dags/example_subdag_operator.py
[2024-11-26T06:09:42.555+0000] {processor.py:840} INFO - DAG(s) 'example_subdag_operator.section-1', 'example_subdag_operator.section-2', 'example_subdag_operator' retrieved from /home/airflow/.local/lib/python3.12/site-packages/airflow/example_dags/example_subdag_operator.py
[2024-11-26T06:09:42.565+0000] {logging_mixin.py:188} INFO - [2024-11-26T06:09:42.564+0000] {dag.py:3096} INFO - Sync 3 DAGs
[2024-11-26T06:09:42.577+0000] {logging_mixin.py:188} INFO - [2024-11-26T06:09:42.577+0000] {dag.py:3954} INFO - Setting next_dagrun for example_subdag_operator to 2022-01-01 00:00:00+00:00, run_after=2022-01-01 00:00:00+00:00
[2024-11-26T06:09:42.579+0000] {logging_mixin.py:188} INFO - [2024-11-26T06:09:42.579+0000] {dag.py:3954} INFO - Setting next_dagrun for example_subdag_operator.section-1 to None, run_after=None
[2024-11-26T06:09:42.580+0000] {logging_mixin.py:188} INFO - [2024-11-26T06:09:42.580+0000] {dag.py:3954} INFO - Setting next_dagrun for example_subdag_operator.section-2 to None, run_after=None
[2024-11-26T06:09:42.584+0000] {logging_mixin.py:188} INFO - [2024-11-26T06:09:42.583+0000] {dag.py:3096} INFO - Sync 2 DAGs
[2024-11-26T06:09:42.586+0000] {logging_mixin.py:188} INFO - [2024-11-26T06:09:42.586+0000] {dag.py:3954} INFO - Setting next_dagrun for example_subdag_operator.section-1 to None, run_after=None
[2024-11-26T06:09:42.586+0000] {logging_mixin.py:188} INFO - [2024-11-26T06:09:42.586+0000] {dag.py:3954} INFO - Setting next_dagrun for example_subdag_operator.section-2 to None, run_after=None
[2024-11-26T06:09:42.601+0000] {processor.py:183} INFO - Processing /home/airflow/.local/lib/python3.12/site-packages/airflow/example_dags/example_subdag_operator.py took 0.066 seconds
[2024-11-26T06:10:13.154+0000] {processor.py:161} INFO - Started process (PID=277) to work on /home/airflow/.local/lib/python3.12/site-packages/airflow/example_dags/example_subdag_operator.py
[2024-11-26T06:10:13.154+0000] {processor.py:830} INFO - Processing file /home/airflow/.local/lib/python3.12/site-packages/airflow/example_dags/example_subdag_operator.py for tasks to queue
[2024-11-26T06:10:13.156+0000] {logging_mixin.py:188} INFO - [2024-11-26T06:10:13.155+0000] {dagbag.py:545} INFO - Filling up the DagBag from /home/airflow/.local/lib/python3.12/site-packages/airflow/example_dags/example_subdag_operator.py
[2024-11-26T06:10:13.169+0000] {processor.py:840} INFO - DAG(s) 'example_subdag_operator.section-1', 'example_subdag_operator.section-2', 'example_subdag_operator' retrieved from /home/airflow/.local/lib/python3.12/site-packages/airflow/example_dags/example_subdag_operator.py
[2024-11-26T06:10:13.178+0000] {logging_mixin.py:188} INFO - [2024-11-26T06:10:13.178+0000] {dag.py:3096} INFO - Sync 3 DAGs
[2024-11-26T06:10:13.191+0000] {logging_mixin.py:188} INFO - [2024-11-26T06:10:13.191+0000] {dag.py:3954} INFO - Setting next_dagrun for example_subdag_operator to 2022-01-01 00:00:00+00:00, run_after=2022-01-01 00:00:00+00:00
[2024-11-26T06:10:13.194+0000] {logging_mixin.py:188} INFO - [2024-11-26T06:10:13.194+0000] {dag.py:3954} INFO - Setting next_dagrun for example_subdag_operator.section-1 to None, run_after=None
[2024-11-26T06:10:13.195+0000] {logging_mixin.py:188} INFO - [2024-11-26T06:10:13.194+0000] {dag.py:3954} INFO - Setting next_dagrun for example_subdag_operator.section-2 to None, run_after=None
[2024-11-26T06:10:13.199+0000] {logging_mixin.py:188} INFO - [2024-11-26T06:10:13.199+0000] {dag.py:3096} INFO - Sync 2 DAGs
[2024-11-26T06:10:13.202+0000] {logging_mixin.py:188} INFO - [2024-11-26T06:10:13.202+0000] {dag.py:3954} INFO - Setting next_dagrun for example_subdag_operator.section-1 to None, run_after=None
[2024-11-26T06:10:13.202+0000] {logging_mixin.py:188} INFO - [2024-11-26T06:10:13.202+0000] {dag.py:3954} INFO - Setting next_dagrun for example_subdag_operator.section-2 to None, run_after=None
[2024-11-26T06:10:13.215+0000] {processor.py:183} INFO - Processing /home/airflow/.local/lib/python3.12/site-packages/airflow/example_dags/example_subdag_operator.py took 0.065 seconds
[2024-11-26T06:10:43.736+0000] {processor.py:161} INFO - Started process (PID=339) to work on /home/airflow/.local/lib/python3.12/site-packages/airflow/example_dags/example_subdag_operator.py
[2024-11-26T06:10:43.748+0000] {processor.py:830} INFO - Processing file /home/airflow/.local/lib/python3.12/site-packages/airflow/example_dags/example_subdag_operator.py for tasks to queue
[2024-11-26T06:10:43.749+0000] {logging_mixin.py:188} INFO - [2024-11-26T06:10:43.749+0000] {dagbag.py:545} INFO - Filling up the DagBag from /home/airflow/.local/lib/python3.12/site-packages/airflow/example_dags/example_subdag_operator.py
[2024-11-26T06:10:43.763+0000] {processor.py:840} INFO - DAG(s) 'example_subdag_operator.section-1', 'example_subdag_operator.section-2', 'example_subdag_operator' retrieved from /home/airflow/.local/lib/python3.12/site-packages/airflow/example_dags/example_subdag_operator.py
[2024-11-26T06:10:43.772+0000] {logging_mixin.py:188} INFO - [2024-11-26T06:10:43.772+0000] {dag.py:3096} INFO - Sync 3 DAGs
[2024-11-26T06:10:43.785+0000] {logging_mixin.py:188} INFO - [2024-11-26T06:10:43.784+0000] {dag.py:3954} INFO - Setting next_dagrun for example_subdag_operator to 2022-01-01 00:00:00+00:00, run_after=2022-01-01 00:00:00+00:00
[2024-11-26T06:10:43.787+0000] {logging_mixin.py:188} INFO - [2024-11-26T06:10:43.787+0000] {dag.py:3954} INFO - Setting next_dagrun for example_subdag_operator.section-1 to None, run_after=None
[2024-11-26T06:10:43.787+0000] {logging_mixin.py:188} INFO - [2024-11-26T06:10:43.787+0000] {dag.py:3954} INFO - Setting next_dagrun for example_subdag_operator.section-2 to None, run_after=None
[2024-11-26T06:10:43.791+0000] {logging_mixin.py:188} INFO - [2024-11-26T06:10:43.791+0000] {dag.py:3096} INFO - Sync 2 DAGs
[2024-11-26T06:10:43.794+0000] {logging_mixin.py:188} INFO - [2024-11-26T06:10:43.793+0000] {dag.py:3954} INFO - Setting next_dagrun for example_subdag_operator.section-1 to None, run_after=None
[2024-11-26T06:10:43.794+0000] {logging_mixin.py:188} INFO - [2024-11-26T06:10:43.794+0000] {dag.py:3954} INFO - Setting next_dagrun for example_subdag_operator.section-2 to None, run_after=None
[2024-11-26T06:10:43.809+0000] {processor.py:183} INFO - Processing /home/airflow/.local/lib/python3.12/site-packages/airflow/example_dags/example_subdag_operator.py took 0.076 seconds
[2024-11-26T06:11:14.371+0000] {processor.py:161} INFO - Started process (PID=402) to work on /home/airflow/.local/lib/python3.12/site-packages/airflow/example_dags/example_subdag_operator.py
[2024-11-26T06:11:14.371+0000] {processor.py:830} INFO - Processing file /home/airflow/.local/lib/python3.12/site-packages/airflow/example_dags/example_subdag_operator.py for tasks to queue
[2024-11-26T06:11:14.372+0000] {logging_mixin.py:188} INFO - [2024-11-26T06:11:14.372+0000] {dagbag.py:545} INFO - Filling up the DagBag from /home/airflow/.local/lib/python3.12/site-packages/airflow/example_dags/example_subdag_operator.py
[2024-11-26T06:11:14.386+0000] {processor.py:840} INFO - DAG(s) 'example_subdag_operator.section-1', 'example_subdag_operator.section-2', 'example_subdag_operator' retrieved from /home/airflow/.local/lib/python3.12/site-packages/airflow/example_dags/example_subdag_operator.py
[2024-11-26T06:11:14.395+0000] {logging_mixin.py:188} INFO - [2024-11-26T06:11:14.395+0000] {dag.py:3096} INFO - Sync 3 DAGs
[2024-11-26T06:11:14.408+0000] {logging_mixin.py:188} INFO - [2024-11-26T06:11:14.408+0000] {dag.py:3954} INFO - Setting next_dagrun for example_subdag_operator to 2022-01-01 00:00:00+00:00, run_after=2022-01-01 00:00:00+00:00
[2024-11-26T06:11:14.410+0000] {logging_mixin.py:188} INFO - [2024-11-26T06:11:14.410+0000] {dag.py:3954} INFO - Setting next_dagrun for example_subdag_operator.section-1 to None, run_after=None
[2024-11-26T06:11:14.410+0000] {logging_mixin.py:188} INFO - [2024-11-26T06:11:14.410+0000] {dag.py:3954} INFO - Setting next_dagrun for example_subdag_operator.section-2 to None, run_after=None
[2024-11-26T06:11:14.414+0000] {logging_mixin.py:188} INFO - [2024-11-26T06:11:14.414+0000] {dag.py:3096} INFO - Sync 2 DAGs
[2024-11-26T06:11:14.417+0000] {logging_mixin.py:188} INFO - [2024-11-26T06:11:14.417+0000] {dag.py:3954} INFO - Setting next_dagrun for example_subdag_operator.section-1 to None, run_after=None
[2024-11-26T06:11:14.417+0000] {logging_mixin.py:188} INFO - [2024-11-26T06:11:14.417+0000] {dag.py:3954} INFO - Setting next_dagrun for example_subdag_operator.section-2 to None, run_after=None
[2024-11-26T06:11:14.424+0000] {processor.py:183} INFO - Processing /home/airflow/.local/lib/python3.12/site-packages/airflow/example_dags/example_subdag_operator.py took 0.056 seconds
[2024-11-26T06:11:44.977+0000] {processor.py:161} INFO - Started process (PID=465) to work on /home/airflow/.local/lib/python3.12/site-packages/airflow/example_dags/example_subdag_operator.py
[2024-11-26T06:11:44.978+0000] {processor.py:830} INFO - Processing file /home/airflow/.local/lib/python3.12/site-packages/airflow/example_dags/example_subdag_operator.py for tasks to queue
[2024-11-26T06:11:44.979+0000] {logging_mixin.py:188} INFO - [2024-11-26T06:11:44.978+0000] {dagbag.py:545} INFO - Filling up the DagBag from /home/airflow/.local/lib/python3.12/site-packages/airflow/example_dags/example_subdag_operator.py
[2024-11-26T06:11:44.993+0000] {processor.py:840} INFO - DAG(s) 'example_subdag_operator.section-1', 'example_subdag_operator.section-2', 'example_subdag_operator' retrieved from /home/airflow/.local/lib/python3.12/site-packages/airflow/example_dags/example_subdag_operator.py
[2024-11-26T06:11:45.002+0000] {logging_mixin.py:188} INFO - [2024-11-26T06:11:45.002+0000] {dag.py:3096} INFO - Sync 3 DAGs
[2024-11-26T06:11:45.015+0000] {logging_mixin.py:188} INFO - [2024-11-26T06:11:45.015+0000] {dag.py:3954} INFO - Setting next_dagrun for example_subdag_operator to 2022-01-01 00:00:00+00:00, run_after=2022-01-01 00:00:00+00:00
[2024-11-26T06:11:45.017+0000] {logging_mixin.py:188} INFO - [2024-11-26T06:11:45.017+0000] {dag.py:3954} INFO - Setting next_dagrun for example_subdag_operator.section-1 to None, run_after=None
[2024-11-26T06:11:45.018+0000] {logging_mixin.py:188} INFO - [2024-11-26T06:11:45.018+0000] {dag.py:3954} INFO - Setting next_dagrun for example_subdag_operator.section-2 to None, run_after=None
[2024-11-26T06:11:45.022+0000] {logging_mixin.py:188} INFO - [2024-11-26T06:11:45.022+0000] {dag.py:3096} INFO - Sync 2 DAGs
[2024-11-26T06:11:45.024+0000] {logging_mixin.py:188} INFO - [2024-11-26T06:11:45.024+0000] {dag.py:3954} INFO - Setting next_dagrun for example_subdag_operator.section-1 to None, run_after=None
[2024-11-26T06:11:45.025+0000] {logging_mixin.py:188} INFO - [2024-11-26T06:11:45.025+0000] {dag.py:3954} INFO - Setting next_dagrun for example_subdag_operator.section-2 to None, run_after=None
[2024-11-26T06:11:45.037+0000] {processor.py:183} INFO - Processing /home/airflow/.local/lib/python3.12/site-packages/airflow/example_dags/example_subdag_operator.py took 0.064 seconds
[2024-11-26T06:12:15.348+0000] {processor.py:161} INFO - Started process (PID=528) to work on /home/airflow/.local/lib/python3.12/site-packages/airflow/example_dags/example_subdag_operator.py
[2024-11-26T06:12:15.349+0000] {processor.py:830} INFO - Processing file /home/airflow/.local/lib/python3.12/site-packages/airflow/example_dags/example_subdag_operator.py for tasks to queue
[2024-11-26T06:12:15.350+0000] {logging_mixin.py:188} INFO - [2024-11-26T06:12:15.350+0000] {dagbag.py:545} INFO - Filling up the DagBag from /home/airflow/.local/lib/python3.12/site-packages/airflow/example_dags/example_subdag_operator.py
[2024-11-26T06:12:15.364+0000] {processor.py:840} INFO - DAG(s) 'example_subdag_operator.section-1', 'example_subdag_operator.section-2', 'example_subdag_operator' retrieved from /home/airflow/.local/lib/python3.12/site-packages/airflow/example_dags/example_subdag_operator.py
[2024-11-26T06:12:15.374+0000] {logging_mixin.py:188} INFO - [2024-11-26T06:12:15.374+0000] {dag.py:3096} INFO - Sync 3 DAGs
[2024-11-26T06:12:15.387+0000] {logging_mixin.py:188} INFO - [2024-11-26T06:12:15.387+0000] {dag.py:3954} INFO - Setting next_dagrun for example_subdag_operator to 2022-01-01 00:00:00+00:00, run_after=2022-01-01 00:00:00+00:00
[2024-11-26T06:12:15.389+0000] {logging_mixin.py:188} INFO - [2024-11-26T06:12:15.389+0000] {dag.py:3954} INFO - Setting next_dagrun for example_subdag_operator.section-1 to None, run_after=None
[2024-11-26T06:12:15.390+0000] {logging_mixin.py:188} INFO - [2024-11-26T06:12:15.390+0000] {dag.py:3954} INFO - Setting next_dagrun for example_subdag_operator.section-2 to None, run_after=None
[2024-11-26T06:12:15.394+0000] {logging_mixin.py:188} INFO - [2024-11-26T06:12:15.394+0000] {dag.py:3096} INFO - Sync 2 DAGs
[2024-11-26T06:12:15.397+0000] {logging_mixin.py:188} INFO - [2024-11-26T06:12:15.397+0000] {dag.py:3954} INFO - Setting next_dagrun for example_subdag_operator.section-1 to None, run_after=None
[2024-11-26T06:12:15.397+0000] {logging_mixin.py:188} INFO - [2024-11-26T06:12:15.397+0000] {dag.py:3954} INFO - Setting next_dagrun for example_subdag_operator.section-2 to None, run_after=None
[2024-11-26T06:12:15.410+0000] {processor.py:183} INFO - Processing /home/airflow/.local/lib/python3.12/site-packages/airflow/example_dags/example_subdag_operator.py took 0.065 seconds
[2024-11-26T06:12:45.890+0000] {processor.py:161} INFO - Started process (PID=591) to work on /home/airflow/.local/lib/python3.12/site-packages/airflow/example_dags/example_subdag_operator.py
[2024-11-26T06:12:45.891+0000] {processor.py:830} INFO - Processing file /home/airflow/.local/lib/python3.12/site-packages/airflow/example_dags/example_subdag_operator.py for tasks to queue
[2024-11-26T06:12:45.892+0000] {logging_mixin.py:188} INFO - [2024-11-26T06:12:45.892+0000] {dagbag.py:545} INFO - Filling up the DagBag from /home/airflow/.local/lib/python3.12/site-packages/airflow/example_dags/example_subdag_operator.py
[2024-11-26T06:12:45.906+0000] {processor.py:840} INFO - DAG(s) 'example_subdag_operator.section-1', 'example_subdag_operator.section-2', 'example_subdag_operator' retrieved from /home/airflow/.local/lib/python3.12/site-packages/airflow/example_dags/example_subdag_operator.py
[2024-11-26T06:12:45.915+0000] {logging_mixin.py:188} INFO - [2024-11-26T06:12:45.914+0000] {dag.py:3096} INFO - Sync 3 DAGs
[2024-11-26T06:12:45.927+0000] {logging_mixin.py:188} INFO - [2024-11-26T06:12:45.927+0000] {dag.py:3954} INFO - Setting next_dagrun for example_subdag_operator to 2022-01-01 00:00:00+00:00, run_after=2022-01-01 00:00:00+00:00
[2024-11-26T06:12:45.929+0000] {logging_mixin.py:188} INFO - [2024-11-26T06:12:45.929+0000] {dag.py:3954} INFO - Setting next_dagrun for example_subdag_operator.section-1 to None, run_after=None
[2024-11-26T06:12:45.930+0000] {logging_mixin.py:188} INFO - [2024-11-26T06:12:45.930+0000] {dag.py:3954} INFO - Setting next_dagrun for example_subdag_operator.section-2 to None, run_after=None
[2024-11-26T06:12:45.934+0000] {logging_mixin.py:188} INFO - [2024-11-26T06:12:45.934+0000] {dag.py:3096} INFO - Sync 2 DAGs
[2024-11-26T06:12:45.937+0000] {logging_mixin.py:188} INFO - [2024-11-26T06:12:45.937+0000] {dag.py:3954} INFO - Setting next_dagrun for example_subdag_operator.section-1 to None, run_after=None
[2024-11-26T06:12:45.937+0000] {logging_mixin.py:188} INFO - [2024-11-26T06:12:45.937+0000] {dag.py:3954} INFO - Setting next_dagrun for example_subdag_operator.section-2 to None, run_after=None
[2024-11-26T06:12:45.953+0000] {processor.py:183} INFO - Processing /home/airflow/.local/lib/python3.12/site-packages/airflow/example_dags/example_subdag_operator.py took 0.066 seconds
[2024-11-26T06:13:16.203+0000] {processor.py:161} INFO - Started process (PID=654) to work on /home/airflow/.local/lib/python3.12/site-packages/airflow/example_dags/example_subdag_operator.py
[2024-11-26T06:13:16.204+0000] {processor.py:830} INFO - Processing file /home/airflow/.local/lib/python3.12/site-packages/airflow/example_dags/example_subdag_operator.py for tasks to queue
[2024-11-26T06:13:16.205+0000] {logging_mixin.py:188} INFO - [2024-11-26T06:13:16.205+0000] {dagbag.py:545} INFO - Filling up the DagBag from /home/airflow/.local/lib/python3.12/site-packages/airflow/example_dags/example_subdag_operator.py
[2024-11-26T06:13:16.219+0000] {processor.py:840} INFO - DAG(s) 'example_subdag_operator.section-1', 'example_subdag_operator.section-2', 'example_subdag_operator' retrieved from /home/airflow/.local/lib/python3.12/site-packages/airflow/example_dags/example_subdag_operator.py
[2024-11-26T06:13:16.228+0000] {logging_mixin.py:188} INFO - [2024-11-26T06:13:16.228+0000] {dag.py:3096} INFO - Sync 3 DAGs
[2024-11-26T06:13:16.241+0000] {logging_mixin.py:188} INFO - [2024-11-26T06:13:16.241+0000] {dag.py:3954} INFO - Setting next_dagrun for example_subdag_operator to 2022-01-01 00:00:00+00:00, run_after=2022-01-01 00:00:00+00:00
[2024-11-26T06:13:16.243+0000] {logging_mixin.py:188} INFO - [2024-11-26T06:13:16.243+0000] {dag.py:3954} INFO - Setting next_dagrun for example_subdag_operator.section-1 to None, run_after=None
[2024-11-26T06:13:16.244+0000] {logging_mixin.py:188} INFO - [2024-11-26T06:13:16.244+0000] {dag.py:3954} INFO - Setting next_dagrun for example_subdag_operator.section-2 to None, run_after=None
[2024-11-26T06:13:16.248+0000] {logging_mixin.py:188} INFO - [2024-11-26T06:13:16.248+0000] {dag.py:3096} INFO - Sync 2 DAGs
[2024-11-26T06:13:16.251+0000] {logging_mixin.py:188} INFO - [2024-11-26T06:13:16.250+0000] {dag.py:3954} INFO - Setting next_dagrun for example_subdag_operator.section-1 to None, run_after=None
[2024-11-26T06:13:16.251+0000] {logging_mixin.py:188} INFO - [2024-11-26T06:13:16.251+0000] {dag.py:3954} INFO - Setting next_dagrun for example_subdag_operator.section-2 to None, run_after=None
[2024-11-26T06:13:16.266+0000] {processor.py:183} INFO - Processing /home/airflow/.local/lib/python3.12/site-packages/airflow/example_dags/example_subdag_operator.py took 0.066 seconds
