[2024-11-26T06:09:11.317+0000] {processor.py:161} INFO - Started process (PID=142) to work on /home/airflow/.local/lib/python3.12/site-packages/airflow/example_dags/example_xcomargs.py
[2024-11-26T06:09:11.318+0000] {processor.py:830} INFO - Processing file /home/airflow/.local/lib/python3.12/site-packages/airflow/example_dags/example_xcomargs.py for tasks to queue
[2024-11-26T06:09:11.319+0000] {logging_mixin.py:188} INFO - [2024-11-26T06:09:11.318+0000] {dagbag.py:545} INFO - Filling up the DagBag from /home/airflow/.local/lib/python3.12/site-packages/airflow/example_dags/example_xcomargs.py
[2024-11-26T06:09:11.326+0000] {processor.py:840} INFO - DAG(s) 'example_xcom_args_with_operators', 'example_xcom_args' retrieved from /home/airflow/.local/lib/python3.12/site-packages/airflow/example_dags/example_xcomargs.py
[2024-11-26T06:09:11.402+0000] {logging_mixin.py:188} INFO - [2024-11-26T06:09:11.402+0000] {dag.py:3096} INFO - Sync 2 DAGs
[2024-11-26T06:09:11.409+0000] {logging_mixin.py:188} INFO - [2024-11-26T06:09:11.409+0000] {dag.py:3954} INFO - Setting next_dagrun for example_xcom_args to None, run_after=None
[2024-11-26T06:09:11.411+0000] {logging_mixin.py:188} INFO - [2024-11-26T06:09:11.411+0000] {dag.py:3954} INFO - Setting next_dagrun for example_xcom_args_with_operators to None, run_after=None
[2024-11-26T06:09:11.431+0000] {processor.py:183} INFO - Processing /home/airflow/.local/lib/python3.12/site-packages/airflow/example_dags/example_xcomargs.py took 0.118 seconds
[2024-11-26T06:09:42.205+0000] {processor.py:161} INFO - Started process (PID=205) to work on /home/airflow/.local/lib/python3.12/site-packages/airflow/example_dags/example_xcomargs.py
[2024-11-26T06:09:42.206+0000] {processor.py:830} INFO - Processing file /home/airflow/.local/lib/python3.12/site-packages/airflow/example_dags/example_xcomargs.py for tasks to queue
[2024-11-26T06:09:42.207+0000] {logging_mixin.py:188} INFO - [2024-11-26T06:09:42.207+0000] {dagbag.py:545} INFO - Filling up the DagBag from /home/airflow/.local/lib/python3.12/site-packages/airflow/example_dags/example_xcomargs.py
[2024-11-26T06:09:42.212+0000] {processor.py:840} INFO - DAG(s) 'example_xcom_args_with_operators', 'example_xcom_args' retrieved from /home/airflow/.local/lib/python3.12/site-packages/airflow/example_dags/example_xcomargs.py
[2024-11-26T06:09:42.226+0000] {logging_mixin.py:188} INFO - [2024-11-26T06:09:42.226+0000] {dag.py:3096} INFO - Sync 2 DAGs
[2024-11-26T06:09:42.234+0000] {logging_mixin.py:188} INFO - [2024-11-26T06:09:42.234+0000] {dag.py:3954} INFO - Setting next_dagrun for example_xcom_args to None, run_after=None
[2024-11-26T06:09:42.236+0000] {logging_mixin.py:188} INFO - [2024-11-26T06:09:42.236+0000] {dag.py:3954} INFO - Setting next_dagrun for example_xcom_args_with_operators to None, run_after=None
[2024-11-26T06:09:42.248+0000] {processor.py:183} INFO - Processing /home/airflow/.local/lib/python3.12/site-packages/airflow/example_dags/example_xcomargs.py took 0.046 seconds
[2024-11-26T06:10:12.820+0000] {processor.py:161} INFO - Started process (PID=268) to work on /home/airflow/.local/lib/python3.12/site-packages/airflow/example_dags/example_xcomargs.py
[2024-11-26T06:10:12.820+0000] {processor.py:830} INFO - Processing file /home/airflow/.local/lib/python3.12/site-packages/airflow/example_dags/example_xcomargs.py for tasks to queue
[2024-11-26T06:10:12.821+0000] {logging_mixin.py:188} INFO - [2024-11-26T06:10:12.821+0000] {dagbag.py:545} INFO - Filling up the DagBag from /home/airflow/.local/lib/python3.12/site-packages/airflow/example_dags/example_xcomargs.py
[2024-11-26T06:10:12.827+0000] {processor.py:840} INFO - DAG(s) 'example_xcom_args_with_operators', 'example_xcom_args' retrieved from /home/airflow/.local/lib/python3.12/site-packages/airflow/example_dags/example_xcomargs.py
[2024-11-26T06:10:12.840+0000] {logging_mixin.py:188} INFO - [2024-11-26T06:10:12.840+0000] {dag.py:3096} INFO - Sync 2 DAGs
[2024-11-26T06:10:12.848+0000] {logging_mixin.py:188} INFO - [2024-11-26T06:10:12.848+0000] {dag.py:3954} INFO - Setting next_dagrun for example_xcom_args to None, run_after=None
[2024-11-26T06:10:12.851+0000] {logging_mixin.py:188} INFO - [2024-11-26T06:10:12.850+0000] {dag.py:3954} INFO - Setting next_dagrun for example_xcom_args_with_operators to None, run_after=None
[2024-11-26T06:10:12.862+0000] {processor.py:183} INFO - Processing /home/airflow/.local/lib/python3.12/site-packages/airflow/example_dags/example_xcomargs.py took 0.046 seconds
[2024-11-26T06:10:43.464+0000] {processor.py:161} INFO - Started process (PID=331) to work on /home/airflow/.local/lib/python3.12/site-packages/airflow/example_dags/example_xcomargs.py
[2024-11-26T06:10:43.464+0000] {processor.py:830} INFO - Processing file /home/airflow/.local/lib/python3.12/site-packages/airflow/example_dags/example_xcomargs.py for tasks to queue
[2024-11-26T06:10:43.465+0000] {logging_mixin.py:188} INFO - [2024-11-26T06:10:43.465+0000] {dagbag.py:545} INFO - Filling up the DagBag from /home/airflow/.local/lib/python3.12/site-packages/airflow/example_dags/example_xcomargs.py
[2024-11-26T06:10:43.470+0000] {processor.py:840} INFO - DAG(s) 'example_xcom_args', 'example_xcom_args_with_operators' retrieved from /home/airflow/.local/lib/python3.12/site-packages/airflow/example_dags/example_xcomargs.py
[2024-11-26T06:10:43.485+0000] {logging_mixin.py:188} INFO - [2024-11-26T06:10:43.485+0000] {dag.py:3096} INFO - Sync 2 DAGs
[2024-11-26T06:10:43.493+0000] {logging_mixin.py:188} INFO - [2024-11-26T06:10:43.493+0000] {dag.py:3954} INFO - Setting next_dagrun for example_xcom_args to None, run_after=None
[2024-11-26T06:10:43.495+0000] {logging_mixin.py:188} INFO - [2024-11-26T06:10:43.495+0000] {dag.py:3954} INFO - Setting next_dagrun for example_xcom_args_with_operators to None, run_after=None
[2024-11-26T06:10:43.517+0000] {processor.py:183} INFO - Processing /home/airflow/.local/lib/python3.12/site-packages/airflow/example_dags/example_xcomargs.py took 0.057 seconds
[2024-11-26T06:11:14.088+0000] {processor.py:161} INFO - Started process (PID=394) to work on /home/airflow/.local/lib/python3.12/site-packages/airflow/example_dags/example_xcomargs.py
[2024-11-26T06:11:14.097+0000] {processor.py:830} INFO - Processing file /home/airflow/.local/lib/python3.12/site-packages/airflow/example_dags/example_xcomargs.py for tasks to queue
[2024-11-26T06:11:14.098+0000] {logging_mixin.py:188} INFO - [2024-11-26T06:11:14.098+0000] {dagbag.py:545} INFO - Filling up the DagBag from /home/airflow/.local/lib/python3.12/site-packages/airflow/example_dags/example_xcomargs.py
[2024-11-26T06:11:14.103+0000] {processor.py:840} INFO - DAG(s) 'example_xcom_args_with_operators', 'example_xcom_args' retrieved from /home/airflow/.local/lib/python3.12/site-packages/airflow/example_dags/example_xcomargs.py
[2024-11-26T06:11:14.117+0000] {logging_mixin.py:188} INFO - [2024-11-26T06:11:14.116+0000] {dag.py:3096} INFO - Sync 2 DAGs
[2024-11-26T06:11:14.125+0000] {logging_mixin.py:188} INFO - [2024-11-26T06:11:14.125+0000] {dag.py:3954} INFO - Setting next_dagrun for example_xcom_args to None, run_after=None
[2024-11-26T06:11:14.127+0000] {logging_mixin.py:188} INFO - [2024-11-26T06:11:14.127+0000] {dag.py:3954} INFO - Setting next_dagrun for example_xcom_args_with_operators to None, run_after=None
[2024-11-26T06:11:14.141+0000] {processor.py:183} INFO - Processing /home/airflow/.local/lib/python3.12/site-packages/airflow/example_dags/example_xcomargs.py took 0.057 seconds
[2024-11-26T06:11:44.693+0000] {processor.py:161} INFO - Started process (PID=457) to work on /home/airflow/.local/lib/python3.12/site-packages/airflow/example_dags/example_xcomargs.py
[2024-11-26T06:11:44.693+0000] {processor.py:830} INFO - Processing file /home/airflow/.local/lib/python3.12/site-packages/airflow/example_dags/example_xcomargs.py for tasks to queue
[2024-11-26T06:11:44.694+0000] {logging_mixin.py:188} INFO - [2024-11-26T06:11:44.694+0000] {dagbag.py:545} INFO - Filling up the DagBag from /home/airflow/.local/lib/python3.12/site-packages/airflow/example_dags/example_xcomargs.py
[2024-11-26T06:11:44.700+0000] {processor.py:840} INFO - DAG(s) 'example_xcom_args_with_operators', 'example_xcom_args' retrieved from /home/airflow/.local/lib/python3.12/site-packages/airflow/example_dags/example_xcomargs.py
[2024-11-26T06:11:44.714+0000] {logging_mixin.py:188} INFO - [2024-11-26T06:11:44.713+0000] {dag.py:3096} INFO - Sync 2 DAGs
[2024-11-26T06:11:44.722+0000] {logging_mixin.py:188} INFO - [2024-11-26T06:11:44.722+0000] {dag.py:3954} INFO - Setting next_dagrun for example_xcom_args to None, run_after=None
[2024-11-26T06:11:44.724+0000] {logging_mixin.py:188} INFO - [2024-11-26T06:11:44.724+0000] {dag.py:3954} INFO - Setting next_dagrun for example_xcom_args_with_operators to None, run_after=None
[2024-11-26T06:11:44.735+0000] {processor.py:183} INFO - Processing /home/airflow/.local/lib/python3.12/site-packages/airflow/example_dags/example_xcomargs.py took 0.047 seconds
[2024-11-26T06:12:15.075+0000] {processor.py:161} INFO - Started process (PID=520) to work on /home/airflow/.local/lib/python3.12/site-packages/airflow/example_dags/example_xcomargs.py
[2024-11-26T06:12:15.076+0000] {processor.py:830} INFO - Processing file /home/airflow/.local/lib/python3.12/site-packages/airflow/example_dags/example_xcomargs.py for tasks to queue
[2024-11-26T06:12:15.077+0000] {logging_mixin.py:188} INFO - [2024-11-26T06:12:15.077+0000] {dagbag.py:545} INFO - Filling up the DagBag from /home/airflow/.local/lib/python3.12/site-packages/airflow/example_dags/example_xcomargs.py
[2024-11-26T06:12:15.082+0000] {processor.py:840} INFO - DAG(s) 'example_xcom_args', 'example_xcom_args_with_operators' retrieved from /home/airflow/.local/lib/python3.12/site-packages/airflow/example_dags/example_xcomargs.py
[2024-11-26T06:12:15.097+0000] {logging_mixin.py:188} INFO - [2024-11-26T06:12:15.097+0000] {dag.py:3096} INFO - Sync 2 DAGs
[2024-11-26T06:12:15.106+0000] {logging_mixin.py:188} INFO - [2024-11-26T06:12:15.106+0000] {dag.py:3954} INFO - Setting next_dagrun for example_xcom_args to None, run_after=None
[2024-11-26T06:12:15.108+0000] {logging_mixin.py:188} INFO - [2024-11-26T06:12:15.108+0000] {dag.py:3954} INFO - Setting next_dagrun for example_xcom_args_with_operators to None, run_after=None
[2024-11-26T06:12:15.127+0000] {processor.py:183} INFO - Processing /home/airflow/.local/lib/python3.12/site-packages/airflow/example_dags/example_xcomargs.py took 0.056 seconds
[2024-11-26T06:12:45.628+0000] {processor.py:161} INFO - Started process (PID=583) to work on /home/airflow/.local/lib/python3.12/site-packages/airflow/example_dags/example_xcomargs.py
[2024-11-26T06:12:45.628+0000] {processor.py:830} INFO - Processing file /home/airflow/.local/lib/python3.12/site-packages/airflow/example_dags/example_xcomargs.py for tasks to queue
[2024-11-26T06:12:45.629+0000] {logging_mixin.py:188} INFO - [2024-11-26T06:12:45.629+0000] {dagbag.py:545} INFO - Filling up the DagBag from /home/airflow/.local/lib/python3.12/site-packages/airflow/example_dags/example_xcomargs.py
[2024-11-26T06:12:45.634+0000] {processor.py:840} INFO - DAG(s) 'example_xcom_args_with_operators', 'example_xcom_args' retrieved from /home/airflow/.local/lib/python3.12/site-packages/airflow/example_dags/example_xcomargs.py
[2024-11-26T06:12:45.648+0000] {logging_mixin.py:188} INFO - [2024-11-26T06:12:45.648+0000] {dag.py:3096} INFO - Sync 2 DAGs
[2024-11-26T06:12:45.657+0000] {logging_mixin.py:188} INFO - [2024-11-26T06:12:45.657+0000] {dag.py:3954} INFO - Setting next_dagrun for example_xcom_args to None, run_after=None
[2024-11-26T06:12:45.659+0000] {logging_mixin.py:188} INFO - [2024-11-26T06:12:45.659+0000] {dag.py:3954} INFO - Setting next_dagrun for example_xcom_args_with_operators to None, run_after=None
[2024-11-26T06:12:45.671+0000] {processor.py:183} INFO - Processing /home/airflow/.local/lib/python3.12/site-packages/airflow/example_dags/example_xcomargs.py took 0.046 seconds
[2024-11-26T06:13:15.920+0000] {processor.py:161} INFO - Started process (PID=646) to work on /home/airflow/.local/lib/python3.12/site-packages/airflow/example_dags/example_xcomargs.py
[2024-11-26T06:13:15.921+0000] {processor.py:830} INFO - Processing file /home/airflow/.local/lib/python3.12/site-packages/airflow/example_dags/example_xcomargs.py for tasks to queue
[2024-11-26T06:13:15.922+0000] {logging_mixin.py:188} INFO - [2024-11-26T06:13:15.921+0000] {dagbag.py:545} INFO - Filling up the DagBag from /home/airflow/.local/lib/python3.12/site-packages/airflow/example_dags/example_xcomargs.py
[2024-11-26T06:13:15.927+0000] {processor.py:840} INFO - DAG(s) 'example_xcom_args', 'example_xcom_args_with_operators' retrieved from /home/airflow/.local/lib/python3.12/site-packages/airflow/example_dags/example_xcomargs.py
[2024-11-26T06:13:15.941+0000] {logging_mixin.py:188} INFO - [2024-11-26T06:13:15.940+0000] {dag.py:3096} INFO - Sync 2 DAGs
[2024-11-26T06:13:15.949+0000] {logging_mixin.py:188} INFO - [2024-11-26T06:13:15.948+0000] {dag.py:3954} INFO - Setting next_dagrun for example_xcom_args to None, run_after=None
[2024-11-26T06:13:15.951+0000] {logging_mixin.py:188} INFO - [2024-11-26T06:13:15.951+0000] {dag.py:3954} INFO - Setting next_dagrun for example_xcom_args_with_operators to None, run_after=None
[2024-11-26T06:13:15.963+0000] {processor.py:183} INFO - Processing /home/airflow/.local/lib/python3.12/site-packages/airflow/example_dags/example_xcomargs.py took 0.046 seconds
