[2024-11-26T06:09:12.411+0000] {processor.py:161} INFO - Started process (PID=152) to work on /home/airflow/.local/lib/python3.12/site-packages/airflow/example_dags/example_skip_dag.py
[2024-11-26T06:09:12.411+0000] {processor.py:830} INFO - Processing file /home/airflow/.local/lib/python3.12/site-packages/airflow/example_dags/example_skip_dag.py for tasks to queue
[2024-11-26T06:09:12.413+0000] {logging_mixin.py:188} INFO - [2024-11-26T06:09:12.413+0000] {dagbag.py:545} INFO - Filling up the DagBag from /home/airflow/.local/lib/python3.12/site-packages/airflow/example_dags/example_skip_dag.py
[2024-11-26T06:09:12.417+0000] {processor.py:840} INFO - DAG(s) 'example_skip_dag' retrieved from /home/airflow/.local/lib/python3.12/site-packages/airflow/example_dags/example_skip_dag.py
[2024-11-26T06:09:12.487+0000] {logging_mixin.py:188} INFO - [2024-11-26T06:09:12.487+0000] {dag.py:3096} INFO - Sync 1 DAGs
[2024-11-26T06:09:12.499+0000] {logging_mixin.py:188} INFO - [2024-11-26T06:09:12.499+0000] {dag.py:3954} INFO - Setting next_dagrun for example_skip_dag to 2024-11-25 00:00:00+00:00, run_after=2024-11-26 00:00:00+00:00
[2024-11-26T06:09:12.553+0000] {processor.py:183} INFO - Processing /home/airflow/.local/lib/python3.12/site-packages/airflow/example_dags/example_skip_dag.py took 0.146 seconds
[2024-11-26T06:09:42.609+0000] {processor.py:161} INFO - Started process (PID=215) to work on /home/airflow/.local/lib/python3.12/site-packages/airflow/example_dags/example_skip_dag.py
[2024-11-26T06:09:42.610+0000] {processor.py:830} INFO - Processing file /home/airflow/.local/lib/python3.12/site-packages/airflow/example_dags/example_skip_dag.py for tasks to queue
[2024-11-26T06:09:42.611+0000] {logging_mixin.py:188} INFO - [2024-11-26T06:09:42.611+0000] {dagbag.py:545} INFO - Filling up the DagBag from /home/airflow/.local/lib/python3.12/site-packages/airflow/example_dags/example_skip_dag.py
[2024-11-26T06:09:42.615+0000] {processor.py:840} INFO - DAG(s) 'example_skip_dag' retrieved from /home/airflow/.local/lib/python3.12/site-packages/airflow/example_dags/example_skip_dag.py
[2024-11-26T06:09:42.628+0000] {logging_mixin.py:188} INFO - [2024-11-26T06:09:42.628+0000] {dag.py:3096} INFO - Sync 1 DAGs
[2024-11-26T06:09:42.642+0000] {logging_mixin.py:188} INFO - [2024-11-26T06:09:42.641+0000] {dag.py:3954} INFO - Setting next_dagrun for example_skip_dag to 2024-11-25 00:00:00+00:00, run_after=2024-11-26 00:00:00+00:00
[2024-11-26T06:09:42.662+0000] {processor.py:183} INFO - Processing /home/airflow/.local/lib/python3.12/site-packages/airflow/example_dags/example_skip_dag.py took 0.056 seconds
[2024-11-26T06:10:13.203+0000] {processor.py:161} INFO - Started process (PID=278) to work on /home/airflow/.local/lib/python3.12/site-packages/airflow/example_dags/example_skip_dag.py
[2024-11-26T06:10:13.212+0000] {processor.py:830} INFO - Processing file /home/airflow/.local/lib/python3.12/site-packages/airflow/example_dags/example_skip_dag.py for tasks to queue
[2024-11-26T06:10:13.213+0000] {logging_mixin.py:188} INFO - [2024-11-26T06:10:13.213+0000] {dagbag.py:545} INFO - Filling up the DagBag from /home/airflow/.local/lib/python3.12/site-packages/airflow/example_dags/example_skip_dag.py
[2024-11-26T06:10:13.217+0000] {processor.py:840} INFO - DAG(s) 'example_skip_dag' retrieved from /home/airflow/.local/lib/python3.12/site-packages/airflow/example_dags/example_skip_dag.py
[2024-11-26T06:10:13.230+0000] {logging_mixin.py:188} INFO - [2024-11-26T06:10:13.230+0000] {dag.py:3096} INFO - Sync 1 DAGs
[2024-11-26T06:10:13.243+0000] {logging_mixin.py:188} INFO - [2024-11-26T06:10:13.243+0000] {dag.py:3954} INFO - Setting next_dagrun for example_skip_dag to 2024-11-25 00:00:00+00:00, run_after=2024-11-26 00:00:00+00:00
[2024-11-26T06:10:13.256+0000] {processor.py:183} INFO - Processing /home/airflow/.local/lib/python3.12/site-packages/airflow/example_dags/example_skip_dag.py took 0.056 seconds
[2024-11-26T06:10:43.880+0000] {processor.py:161} INFO - Started process (PID=341) to work on /home/airflow/.local/lib/python3.12/site-packages/airflow/example_dags/example_skip_dag.py
[2024-11-26T06:10:43.881+0000] {processor.py:830} INFO - Processing file /home/airflow/.local/lib/python3.12/site-packages/airflow/example_dags/example_skip_dag.py for tasks to queue
[2024-11-26T06:10:43.882+0000] {logging_mixin.py:188} INFO - [2024-11-26T06:10:43.882+0000] {dagbag.py:545} INFO - Filling up the DagBag from /home/airflow/.local/lib/python3.12/site-packages/airflow/example_dags/example_skip_dag.py
[2024-11-26T06:10:43.886+0000] {processor.py:840} INFO - DAG(s) 'example_skip_dag' retrieved from /home/airflow/.local/lib/python3.12/site-packages/airflow/example_dags/example_skip_dag.py
[2024-11-26T06:10:43.899+0000] {logging_mixin.py:188} INFO - [2024-11-26T06:10:43.899+0000] {dag.py:3096} INFO - Sync 1 DAGs
[2024-11-26T06:10:43.912+0000] {logging_mixin.py:188} INFO - [2024-11-26T06:10:43.912+0000] {dag.py:3954} INFO - Setting next_dagrun for example_skip_dag to 2024-11-25 00:00:00+00:00, run_after=2024-11-26 00:00:00+00:00
[2024-11-26T06:10:43.931+0000] {processor.py:183} INFO - Processing /home/airflow/.local/lib/python3.12/site-packages/airflow/example_dags/example_skip_dag.py took 0.055 seconds
[2024-11-26T06:11:14.441+0000] {processor.py:161} INFO - Started process (PID=404) to work on /home/airflow/.local/lib/python3.12/site-packages/airflow/example_dags/example_skip_dag.py
[2024-11-26T06:11:14.442+0000] {processor.py:830} INFO - Processing file /home/airflow/.local/lib/python3.12/site-packages/airflow/example_dags/example_skip_dag.py for tasks to queue
[2024-11-26T06:11:14.443+0000] {logging_mixin.py:188} INFO - [2024-11-26T06:11:14.442+0000] {dagbag.py:545} INFO - Filling up the DagBag from /home/airflow/.local/lib/python3.12/site-packages/airflow/example_dags/example_skip_dag.py
[2024-11-26T06:11:14.447+0000] {processor.py:840} INFO - DAG(s) 'example_skip_dag' retrieved from /home/airflow/.local/lib/python3.12/site-packages/airflow/example_dags/example_skip_dag.py
[2024-11-26T06:11:14.460+0000] {logging_mixin.py:188} INFO - [2024-11-26T06:11:14.459+0000] {dag.py:3096} INFO - Sync 1 DAGs
[2024-11-26T06:11:14.472+0000] {logging_mixin.py:188} INFO - [2024-11-26T06:11:14.472+0000] {dag.py:3954} INFO - Setting next_dagrun for example_skip_dag to 2024-11-25 00:00:00+00:00, run_after=2024-11-26 00:00:00+00:00
[2024-11-26T06:11:14.485+0000] {processor.py:183} INFO - Processing /home/airflow/.local/lib/python3.12/site-packages/airflow/example_dags/example_skip_dag.py took 0.047 seconds
[2024-11-26T06:11:45.054+0000] {processor.py:161} INFO - Started process (PID=467) to work on /home/airflow/.local/lib/python3.12/site-packages/airflow/example_dags/example_skip_dag.py
[2024-11-26T06:11:45.055+0000] {processor.py:830} INFO - Processing file /home/airflow/.local/lib/python3.12/site-packages/airflow/example_dags/example_skip_dag.py for tasks to queue
[2024-11-26T06:11:45.056+0000] {logging_mixin.py:188} INFO - [2024-11-26T06:11:45.056+0000] {dagbag.py:545} INFO - Filling up the DagBag from /home/airflow/.local/lib/python3.12/site-packages/airflow/example_dags/example_skip_dag.py
[2024-11-26T06:11:45.060+0000] {processor.py:840} INFO - DAG(s) 'example_skip_dag' retrieved from /home/airflow/.local/lib/python3.12/site-packages/airflow/example_dags/example_skip_dag.py
[2024-11-26T06:11:45.073+0000] {logging_mixin.py:188} INFO - [2024-11-26T06:11:45.073+0000] {dag.py:3096} INFO - Sync 1 DAGs
[2024-11-26T06:11:45.086+0000] {logging_mixin.py:188} INFO - [2024-11-26T06:11:45.086+0000] {dag.py:3954} INFO - Setting next_dagrun for example_skip_dag to 2024-11-25 00:00:00+00:00, run_after=2024-11-26 00:00:00+00:00
[2024-11-26T06:11:45.099+0000] {processor.py:183} INFO - Processing /home/airflow/.local/lib/python3.12/site-packages/airflow/example_dags/example_skip_dag.py took 0.048 seconds
[2024-11-26T06:12:15.429+0000] {processor.py:161} INFO - Started process (PID=530) to work on /home/airflow/.local/lib/python3.12/site-packages/airflow/example_dags/example_skip_dag.py
[2024-11-26T06:12:15.430+0000] {processor.py:830} INFO - Processing file /home/airflow/.local/lib/python3.12/site-packages/airflow/example_dags/example_skip_dag.py for tasks to queue
[2024-11-26T06:12:15.431+0000] {logging_mixin.py:188} INFO - [2024-11-26T06:12:15.431+0000] {dagbag.py:545} INFO - Filling up the DagBag from /home/airflow/.local/lib/python3.12/site-packages/airflow/example_dags/example_skip_dag.py
[2024-11-26T06:12:15.435+0000] {processor.py:840} INFO - DAG(s) 'example_skip_dag' retrieved from /home/airflow/.local/lib/python3.12/site-packages/airflow/example_dags/example_skip_dag.py
[2024-11-26T06:12:15.448+0000] {logging_mixin.py:188} INFO - [2024-11-26T06:12:15.448+0000] {dag.py:3096} INFO - Sync 1 DAGs
[2024-11-26T06:12:15.462+0000] {logging_mixin.py:188} INFO - [2024-11-26T06:12:15.462+0000] {dag.py:3954} INFO - Setting next_dagrun for example_skip_dag to 2024-11-25 00:00:00+00:00, run_after=2024-11-26 00:00:00+00:00
[2024-11-26T06:12:15.481+0000] {processor.py:183} INFO - Processing /home/airflow/.local/lib/python3.12/site-packages/airflow/example_dags/example_skip_dag.py took 0.056 seconds
[2024-11-26T06:12:45.971+0000] {processor.py:161} INFO - Started process (PID=593) to work on /home/airflow/.local/lib/python3.12/site-packages/airflow/example_dags/example_skip_dag.py
[2024-11-26T06:12:45.972+0000] {processor.py:830} INFO - Processing file /home/airflow/.local/lib/python3.12/site-packages/airflow/example_dags/example_skip_dag.py for tasks to queue
[2024-11-26T06:12:45.973+0000] {logging_mixin.py:188} INFO - [2024-11-26T06:12:45.972+0000] {dagbag.py:545} INFO - Filling up the DagBag from /home/airflow/.local/lib/python3.12/site-packages/airflow/example_dags/example_skip_dag.py
[2024-11-26T06:12:45.976+0000] {processor.py:840} INFO - DAG(s) 'example_skip_dag' retrieved from /home/airflow/.local/lib/python3.12/site-packages/airflow/example_dags/example_skip_dag.py
[2024-11-26T06:12:45.989+0000] {logging_mixin.py:188} INFO - [2024-11-26T06:12:45.989+0000] {dag.py:3096} INFO - Sync 1 DAGs
[2024-11-26T06:12:46.002+0000] {logging_mixin.py:188} INFO - [2024-11-26T06:12:46.002+0000] {dag.py:3954} INFO - Setting next_dagrun for example_skip_dag to 2024-11-25 00:00:00+00:00, run_after=2024-11-26 00:00:00+00:00
[2024-11-26T06:12:46.015+0000] {processor.py:183} INFO - Processing /home/airflow/.local/lib/python3.12/site-packages/airflow/example_dags/example_skip_dag.py took 0.047 seconds
[2024-11-26T06:13:16.285+0000] {processor.py:161} INFO - Started process (PID=656) to work on /home/airflow/.local/lib/python3.12/site-packages/airflow/example_dags/example_skip_dag.py
[2024-11-26T06:13:16.285+0000] {processor.py:830} INFO - Processing file /home/airflow/.local/lib/python3.12/site-packages/airflow/example_dags/example_skip_dag.py for tasks to queue
[2024-11-26T06:13:16.286+0000] {logging_mixin.py:188} INFO - [2024-11-26T06:13:16.286+0000] {dagbag.py:545} INFO - Filling up the DagBag from /home/airflow/.local/lib/python3.12/site-packages/airflow/example_dags/example_skip_dag.py
[2024-11-26T06:13:16.290+0000] {processor.py:840} INFO - DAG(s) 'example_skip_dag' retrieved from /home/airflow/.local/lib/python3.12/site-packages/airflow/example_dags/example_skip_dag.py
[2024-11-26T06:13:16.303+0000] {logging_mixin.py:188} INFO - [2024-11-26T06:13:16.303+0000] {dag.py:3096} INFO - Sync 1 DAGs
[2024-11-26T06:13:16.316+0000] {logging_mixin.py:188} INFO - [2024-11-26T06:13:16.316+0000] {dag.py:3954} INFO - Setting next_dagrun for example_skip_dag to 2024-11-25 00:00:00+00:00, run_after=2024-11-26 00:00:00+00:00
[2024-11-26T06:13:16.337+0000] {processor.py:183} INFO - Processing /home/airflow/.local/lib/python3.12/site-packages/airflow/example_dags/example_skip_dag.py took 0.056 seconds
