[2024-11-26T06:09:09.921+0000] {processor.py:161} INFO - Started process (PID=125) to work on /home/airflow/.local/lib/python3.12/site-packages/airflow/example_dags/example_sensors.py
[2024-11-26T06:09:09.922+0000] {processor.py:830} INFO - Processing file /home/airflow/.local/lib/python3.12/site-packages/airflow/example_dags/example_sensors.py for tasks to queue
[2024-11-26T06:09:09.923+0000] {logging_mixin.py:188} INFO - [2024-11-26T06:09:09.923+0000] {dagbag.py:545} INFO - Filling up the DagBag from /home/airflow/.local/lib/python3.12/site-packages/airflow/example_dags/example_sensors.py
[2024-11-26T06:09:09.931+0000] {processor.py:840} INFO - DAG(s) 'example_sensors' retrieved from /home/airflow/.local/lib/python3.12/site-packages/airflow/example_dags/example_sensors.py
[2024-11-26T06:09:10.005+0000] {logging_mixin.py:188} INFO - [2024-11-26T06:09:10.005+0000] {dag.py:3096} INFO - Sync 1 DAGs
[2024-11-26T06:09:10.011+0000] {logging_mixin.py:188} INFO - [2024-11-26T06:09:10.011+0000] {dag.py:3954} INFO - Setting next_dagrun for example_sensors to None, run_after=None
[2024-11-26T06:09:10.067+0000] {processor.py:183} INFO - Processing /home/airflow/.local/lib/python3.12/site-packages/airflow/example_dags/example_sensors.py took 0.149 seconds
[2024-11-26T06:09:40.104+0000] {processor.py:161} INFO - Started process (PID=186) to work on /home/airflow/.local/lib/python3.12/site-packages/airflow/example_dags/example_sensors.py
[2024-11-26T06:09:40.104+0000] {processor.py:830} INFO - Processing file /home/airflow/.local/lib/python3.12/site-packages/airflow/example_dags/example_sensors.py for tasks to queue
[2024-11-26T06:09:40.105+0000] {logging_mixin.py:188} INFO - [2024-11-26T06:09:40.105+0000] {dagbag.py:545} INFO - Filling up the DagBag from /home/airflow/.local/lib/python3.12/site-packages/airflow/example_dags/example_sensors.py
[2024-11-26T06:09:40.111+0000] {processor.py:840} INFO - DAG(s) 'example_sensors' retrieved from /home/airflow/.local/lib/python3.12/site-packages/airflow/example_dags/example_sensors.py
[2024-11-26T06:09:40.128+0000] {logging_mixin.py:188} INFO - [2024-11-26T06:09:40.128+0000] {dag.py:3096} INFO - Sync 1 DAGs
[2024-11-26T06:09:40.136+0000] {logging_mixin.py:188} INFO - [2024-11-26T06:09:40.136+0000] {dag.py:3954} INFO - Setting next_dagrun for example_sensors to None, run_after=None
[2024-11-26T06:09:40.158+0000] {processor.py:183} INFO - Processing /home/airflow/.local/lib/python3.12/site-packages/airflow/example_dags/example_sensors.py took 0.058 seconds
[2024-11-26T06:10:11.234+0000] {processor.py:161} INFO - Started process (PID=251) to work on /home/airflow/.local/lib/python3.12/site-packages/airflow/example_dags/example_sensors.py
[2024-11-26T06:10:11.242+0000] {processor.py:830} INFO - Processing file /home/airflow/.local/lib/python3.12/site-packages/airflow/example_dags/example_sensors.py for tasks to queue
[2024-11-26T06:10:11.243+0000] {logging_mixin.py:188} INFO - [2024-11-26T06:10:11.243+0000] {dagbag.py:545} INFO - Filling up the DagBag from /home/airflow/.local/lib/python3.12/site-packages/airflow/example_dags/example_sensors.py
[2024-11-26T06:10:11.249+0000] {processor.py:840} INFO - DAG(s) 'example_sensors' retrieved from /home/airflow/.local/lib/python3.12/site-packages/airflow/example_dags/example_sensors.py
[2024-11-26T06:10:11.264+0000] {logging_mixin.py:188} INFO - [2024-11-26T06:10:11.264+0000] {dag.py:3096} INFO - Sync 1 DAGs
[2024-11-26T06:10:11.272+0000] {logging_mixin.py:188} INFO - [2024-11-26T06:10:11.272+0000] {dag.py:3954} INFO - Setting next_dagrun for example_sensors to None, run_after=None
[2024-11-26T06:10:11.287+0000] {processor.py:183} INFO - Processing /home/airflow/.local/lib/python3.12/site-packages/airflow/example_dags/example_sensors.py took 0.056 seconds
[2024-11-26T06:10:41.834+0000] {processor.py:161} INFO - Started process (PID=314) to work on /home/airflow/.local/lib/python3.12/site-packages/airflow/example_dags/example_sensors.py
[2024-11-26T06:10:41.835+0000] {processor.py:830} INFO - Processing file /home/airflow/.local/lib/python3.12/site-packages/airflow/example_dags/example_sensors.py for tasks to queue
[2024-11-26T06:10:41.836+0000] {logging_mixin.py:188} INFO - [2024-11-26T06:10:41.835+0000] {dagbag.py:545} INFO - Filling up the DagBag from /home/airflow/.local/lib/python3.12/site-packages/airflow/example_dags/example_sensors.py
[2024-11-26T06:10:41.841+0000] {processor.py:840} INFO - DAG(s) 'example_sensors' retrieved from /home/airflow/.local/lib/python3.12/site-packages/airflow/example_dags/example_sensors.py
[2024-11-26T06:10:41.856+0000] {logging_mixin.py:188} INFO - [2024-11-26T06:10:41.856+0000] {dag.py:3096} INFO - Sync 1 DAGs
[2024-11-26T06:10:41.863+0000] {logging_mixin.py:188} INFO - [2024-11-26T06:10:41.863+0000] {dag.py:3954} INFO - Setting next_dagrun for example_sensors to None, run_after=None
[2024-11-26T06:10:41.891+0000] {processor.py:183} INFO - Processing /home/airflow/.local/lib/python3.12/site-packages/airflow/example_dags/example_sensors.py took 0.060 seconds
[2024-11-26T06:11:12.501+0000] {processor.py:161} INFO - Started process (PID=377) to work on /home/airflow/.local/lib/python3.12/site-packages/airflow/example_dags/example_sensors.py
[2024-11-26T06:11:12.502+0000] {processor.py:830} INFO - Processing file /home/airflow/.local/lib/python3.12/site-packages/airflow/example_dags/example_sensors.py for tasks to queue
[2024-11-26T06:11:12.503+0000] {logging_mixin.py:188} INFO - [2024-11-26T06:11:12.503+0000] {dagbag.py:545} INFO - Filling up the DagBag from /home/airflow/.local/lib/python3.12/site-packages/airflow/example_dags/example_sensors.py
[2024-11-26T06:11:12.509+0000] {processor.py:840} INFO - DAG(s) 'example_sensors' retrieved from /home/airflow/.local/lib/python3.12/site-packages/airflow/example_dags/example_sensors.py
[2024-11-26T06:11:12.524+0000] {logging_mixin.py:188} INFO - [2024-11-26T06:11:12.524+0000] {dag.py:3096} INFO - Sync 1 DAGs
[2024-11-26T06:11:12.531+0000] {logging_mixin.py:188} INFO - [2024-11-26T06:11:12.531+0000] {dag.py:3954} INFO - Setting next_dagrun for example_sensors to None, run_after=None
[2024-11-26T06:11:12.556+0000] {processor.py:183} INFO - Processing /home/airflow/.local/lib/python3.12/site-packages/airflow/example_dags/example_sensors.py took 0.058 seconds
[2024-11-26T06:11:43.096+0000] {processor.py:161} INFO - Started process (PID=440) to work on /home/airflow/.local/lib/python3.12/site-packages/airflow/example_dags/example_sensors.py
[2024-11-26T06:11:43.096+0000] {processor.py:830} INFO - Processing file /home/airflow/.local/lib/python3.12/site-packages/airflow/example_dags/example_sensors.py for tasks to queue
[2024-11-26T06:11:43.097+0000] {logging_mixin.py:188} INFO - [2024-11-26T06:11:43.097+0000] {dagbag.py:545} INFO - Filling up the DagBag from /home/airflow/.local/lib/python3.12/site-packages/airflow/example_dags/example_sensors.py
[2024-11-26T06:11:43.103+0000] {processor.py:840} INFO - DAG(s) 'example_sensors' retrieved from /home/airflow/.local/lib/python3.12/site-packages/airflow/example_dags/example_sensors.py
[2024-11-26T06:11:43.119+0000] {logging_mixin.py:188} INFO - [2024-11-26T06:11:43.119+0000] {dag.py:3096} INFO - Sync 1 DAGs
[2024-11-26T06:11:43.127+0000] {logging_mixin.py:188} INFO - [2024-11-26T06:11:43.127+0000] {dag.py:3954} INFO - Setting next_dagrun for example_sensors to None, run_after=None
[2024-11-26T06:11:43.139+0000] {processor.py:183} INFO - Processing /home/airflow/.local/lib/python3.12/site-packages/airflow/example_dags/example_sensors.py took 0.047 seconds
[2024-11-26T06:12:13.486+0000] {processor.py:161} INFO - Started process (PID=503) to work on /home/airflow/.local/lib/python3.12/site-packages/airflow/example_dags/example_sensors.py
[2024-11-26T06:12:13.486+0000] {processor.py:830} INFO - Processing file /home/airflow/.local/lib/python3.12/site-packages/airflow/example_dags/example_sensors.py for tasks to queue
[2024-11-26T06:12:13.488+0000] {logging_mixin.py:188} INFO - [2024-11-26T06:12:13.487+0000] {dagbag.py:545} INFO - Filling up the DagBag from /home/airflow/.local/lib/python3.12/site-packages/airflow/example_dags/example_sensors.py
[2024-11-26T06:12:13.493+0000] {processor.py:840} INFO - DAG(s) 'example_sensors' retrieved from /home/airflow/.local/lib/python3.12/site-packages/airflow/example_dags/example_sensors.py
[2024-11-26T06:12:13.509+0000] {logging_mixin.py:188} INFO - [2024-11-26T06:12:13.509+0000] {dag.py:3096} INFO - Sync 1 DAGs
[2024-11-26T06:12:13.517+0000] {logging_mixin.py:188} INFO - [2024-11-26T06:12:13.516+0000] {dag.py:3954} INFO - Setting next_dagrun for example_sensors to None, run_after=None
[2024-11-26T06:12:13.531+0000] {processor.py:183} INFO - Processing /home/airflow/.local/lib/python3.12/site-packages/airflow/example_dags/example_sensors.py took 0.049 seconds
[2024-11-26T06:12:43.933+0000] {processor.py:161} INFO - Started process (PID=566) to work on /home/airflow/.local/lib/python3.12/site-packages/airflow/example_dags/example_sensors.py
[2024-11-26T06:12:43.944+0000] {processor.py:830} INFO - Processing file /home/airflow/.local/lib/python3.12/site-packages/airflow/example_dags/example_sensors.py for tasks to queue
[2024-11-26T06:12:43.946+0000] {logging_mixin.py:188} INFO - [2024-11-26T06:12:43.945+0000] {dagbag.py:545} INFO - Filling up the DagBag from /home/airflow/.local/lib/python3.12/site-packages/airflow/example_dags/example_sensors.py
[2024-11-26T06:12:43.951+0000] {processor.py:840} INFO - DAG(s) 'example_sensors' retrieved from /home/airflow/.local/lib/python3.12/site-packages/airflow/example_dags/example_sensors.py
[2024-11-26T06:12:43.968+0000] {logging_mixin.py:188} INFO - [2024-11-26T06:12:43.968+0000] {dag.py:3096} INFO - Sync 1 DAGs
[2024-11-26T06:12:43.976+0000] {logging_mixin.py:188} INFO - [2024-11-26T06:12:43.976+0000] {dag.py:3954} INFO - Setting next_dagrun for example_sensors to None, run_after=None
[2024-11-26T06:12:43.994+0000] {processor.py:183} INFO - Processing /home/airflow/.local/lib/python3.12/site-packages/airflow/example_dags/example_sensors.py took 0.065 seconds
[2024-11-26T06:13:14.071+0000] {processor.py:161} INFO - Started process (PID=627) to work on /home/airflow/.local/lib/python3.12/site-packages/airflow/example_dags/example_sensors.py
[2024-11-26T06:13:14.083+0000] {processor.py:830} INFO - Processing file /home/airflow/.local/lib/python3.12/site-packages/airflow/example_dags/example_sensors.py for tasks to queue
[2024-11-26T06:13:14.084+0000] {logging_mixin.py:188} INFO - [2024-11-26T06:13:14.084+0000] {dagbag.py:545} INFO - Filling up the DagBag from /home/airflow/.local/lib/python3.12/site-packages/airflow/example_dags/example_sensors.py
[2024-11-26T06:13:14.090+0000] {processor.py:840} INFO - DAG(s) 'example_sensors' retrieved from /home/airflow/.local/lib/python3.12/site-packages/airflow/example_dags/example_sensors.py
[2024-11-26T06:13:14.105+0000] {logging_mixin.py:188} INFO - [2024-11-26T06:13:14.105+0000] {dag.py:3096} INFO - Sync 1 DAGs
[2024-11-26T06:13:14.113+0000] {logging_mixin.py:188} INFO - [2024-11-26T06:13:14.113+0000] {dag.py:3954} INFO - Setting next_dagrun for example_sensors to None, run_after=None
[2024-11-26T06:13:14.134+0000] {processor.py:183} INFO - Processing /home/airflow/.local/lib/python3.12/site-packages/airflow/example_dags/example_sensors.py took 0.067 seconds
