[2024-11-26T06:09:13.308+0000] {processor.py:161} INFO - Started process (PID=164) to work on /home/airflow/.local/lib/python3.12/site-packages/airflow/example_dags/example_short_circuit_operator.py
[2024-11-26T06:09:13.309+0000] {processor.py:830} INFO - Processing file /home/airflow/.local/lib/python3.12/site-packages/airflow/example_dags/example_short_circuit_operator.py for tasks to queue
[2024-11-26T06:09:13.310+0000] {logging_mixin.py:188} INFO - [2024-11-26T06:09:13.310+0000] {dagbag.py:545} INFO - Filling up the DagBag from /home/airflow/.local/lib/python3.12/site-packages/airflow/example_dags/example_short_circuit_operator.py
[2024-11-26T06:09:13.315+0000] {processor.py:840} INFO - DAG(s) 'example_short_circuit_operator' retrieved from /home/airflow/.local/lib/python3.12/site-packages/airflow/example_dags/example_short_circuit_operator.py
[2024-11-26T06:09:13.384+0000] {logging_mixin.py:188} INFO - [2024-11-26T06:09:13.384+0000] {dag.py:3096} INFO - Sync 1 DAGs
[2024-11-26T06:09:13.395+0000] {logging_mixin.py:188} INFO - [2024-11-26T06:09:13.395+0000] {dag.py:3954} INFO - Setting next_dagrun for example_short_circuit_operator to 2024-11-25 00:00:00+00:00, run_after=2024-11-26 00:00:00+00:00
[2024-11-26T06:09:13.411+0000] {processor.py:183} INFO - Processing /home/airflow/.local/lib/python3.12/site-packages/airflow/example_dags/example_short_circuit_operator.py took 0.106 seconds
[2024-11-26T06:09:44.023+0000] {processor.py:161} INFO - Started process (PID=227) to work on /home/airflow/.local/lib/python3.12/site-packages/airflow/example_dags/example_short_circuit_operator.py
[2024-11-26T06:09:44.024+0000] {processor.py:830} INFO - Processing file /home/airflow/.local/lib/python3.12/site-packages/airflow/example_dags/example_short_circuit_operator.py for tasks to queue
[2024-11-26T06:09:44.025+0000] {logging_mixin.py:188} INFO - [2024-11-26T06:09:44.025+0000] {dagbag.py:545} INFO - Filling up the DagBag from /home/airflow/.local/lib/python3.12/site-packages/airflow/example_dags/example_short_circuit_operator.py
[2024-11-26T06:09:44.030+0000] {processor.py:840} INFO - DAG(s) 'example_short_circuit_operator' retrieved from /home/airflow/.local/lib/python3.12/site-packages/airflow/example_dags/example_short_circuit_operator.py
[2024-11-26T06:09:44.044+0000] {logging_mixin.py:188} INFO - [2024-11-26T06:09:44.044+0000] {dag.py:3096} INFO - Sync 1 DAGs
[2024-11-26T06:09:44.058+0000] {logging_mixin.py:188} INFO - [2024-11-26T06:09:44.058+0000] {dag.py:3954} INFO - Setting next_dagrun for example_short_circuit_operator to 2024-11-25 00:00:00+00:00, run_after=2024-11-26 00:00:00+00:00
[2024-11-26T06:09:44.077+0000] {processor.py:183} INFO - Processing /home/airflow/.local/lib/python3.12/site-packages/airflow/example_dags/example_short_circuit_operator.py took 0.057 seconds
[2024-11-26T06:10:14.618+0000] {processor.py:161} INFO - Started process (PID=290) to work on /home/airflow/.local/lib/python3.12/site-packages/airflow/example_dags/example_short_circuit_operator.py
[2024-11-26T06:10:14.618+0000] {processor.py:830} INFO - Processing file /home/airflow/.local/lib/python3.12/site-packages/airflow/example_dags/example_short_circuit_operator.py for tasks to queue
[2024-11-26T06:10:14.619+0000] {logging_mixin.py:188} INFO - [2024-11-26T06:10:14.619+0000] {dagbag.py:545} INFO - Filling up the DagBag from /home/airflow/.local/lib/python3.12/site-packages/airflow/example_dags/example_short_circuit_operator.py
[2024-11-26T06:10:14.624+0000] {processor.py:840} INFO - DAG(s) 'example_short_circuit_operator' retrieved from /home/airflow/.local/lib/python3.12/site-packages/airflow/example_dags/example_short_circuit_operator.py
[2024-11-26T06:10:14.638+0000] {logging_mixin.py:188} INFO - [2024-11-26T06:10:14.638+0000] {dag.py:3096} INFO - Sync 1 DAGs
[2024-11-26T06:10:14.651+0000] {logging_mixin.py:188} INFO - [2024-11-26T06:10:14.651+0000] {dag.py:3954} INFO - Setting next_dagrun for example_short_circuit_operator to 2024-11-25 00:00:00+00:00, run_after=2024-11-26 00:00:00+00:00
[2024-11-26T06:10:14.670+0000] {processor.py:183} INFO - Processing /home/airflow/.local/lib/python3.12/site-packages/airflow/example_dags/example_short_circuit_operator.py took 0.056 seconds
[2024-11-26T06:10:45.282+0000] {processor.py:161} INFO - Started process (PID=353) to work on /home/airflow/.local/lib/python3.12/site-packages/airflow/example_dags/example_short_circuit_operator.py
[2024-11-26T06:10:45.282+0000] {processor.py:830} INFO - Processing file /home/airflow/.local/lib/python3.12/site-packages/airflow/example_dags/example_short_circuit_operator.py for tasks to queue
[2024-11-26T06:10:45.283+0000] {logging_mixin.py:188} INFO - [2024-11-26T06:10:45.283+0000] {dagbag.py:545} INFO - Filling up the DagBag from /home/airflow/.local/lib/python3.12/site-packages/airflow/example_dags/example_short_circuit_operator.py
[2024-11-26T06:10:45.288+0000] {processor.py:840} INFO - DAG(s) 'example_short_circuit_operator' retrieved from /home/airflow/.local/lib/python3.12/site-packages/airflow/example_dags/example_short_circuit_operator.py
[2024-11-26T06:10:45.302+0000] {logging_mixin.py:188} INFO - [2024-11-26T06:10:45.302+0000] {dag.py:3096} INFO - Sync 1 DAGs
[2024-11-26T06:10:45.314+0000] {logging_mixin.py:188} INFO - [2024-11-26T06:10:45.314+0000] {dag.py:3954} INFO - Setting next_dagrun for example_short_circuit_operator to 2024-11-25 00:00:00+00:00, run_after=2024-11-26 00:00:00+00:00
[2024-11-26T06:10:45.335+0000] {processor.py:183} INFO - Processing /home/airflow/.local/lib/python3.12/site-packages/airflow/example_dags/example_short_circuit_operator.py took 0.057 seconds
[2024-11-26T06:11:15.855+0000] {processor.py:161} INFO - Started process (PID=416) to work on /home/airflow/.local/lib/python3.12/site-packages/airflow/example_dags/example_short_circuit_operator.py
[2024-11-26T06:11:15.856+0000] {processor.py:830} INFO - Processing file /home/airflow/.local/lib/python3.12/site-packages/airflow/example_dags/example_short_circuit_operator.py for tasks to queue
[2024-11-26T06:11:15.857+0000] {logging_mixin.py:188} INFO - [2024-11-26T06:11:15.857+0000] {dagbag.py:545} INFO - Filling up the DagBag from /home/airflow/.local/lib/python3.12/site-packages/airflow/example_dags/example_short_circuit_operator.py
[2024-11-26T06:11:15.861+0000] {processor.py:840} INFO - DAG(s) 'example_short_circuit_operator' retrieved from /home/airflow/.local/lib/python3.12/site-packages/airflow/example_dags/example_short_circuit_operator.py
[2024-11-26T06:11:15.876+0000] {logging_mixin.py:188} INFO - [2024-11-26T06:11:15.875+0000] {dag.py:3096} INFO - Sync 1 DAGs
[2024-11-26T06:11:15.888+0000] {logging_mixin.py:188} INFO - [2024-11-26T06:11:15.888+0000] {dag.py:3954} INFO - Setting next_dagrun for example_short_circuit_operator to 2024-11-25 00:00:00+00:00, run_after=2024-11-26 00:00:00+00:00
[2024-11-26T06:11:15.899+0000] {processor.py:183} INFO - Processing /home/airflow/.local/lib/python3.12/site-packages/airflow/example_dags/example_short_circuit_operator.py took 0.047 seconds
[2024-11-26T06:11:46.479+0000] {processor.py:161} INFO - Started process (PID=479) to work on /home/airflow/.local/lib/python3.12/site-packages/airflow/example_dags/example_short_circuit_operator.py
[2024-11-26T06:11:46.479+0000] {processor.py:830} INFO - Processing file /home/airflow/.local/lib/python3.12/site-packages/airflow/example_dags/example_short_circuit_operator.py for tasks to queue
[2024-11-26T06:11:46.481+0000] {logging_mixin.py:188} INFO - [2024-11-26T06:11:46.480+0000] {dagbag.py:545} INFO - Filling up the DagBag from /home/airflow/.local/lib/python3.12/site-packages/airflow/example_dags/example_short_circuit_operator.py
[2024-11-26T06:11:46.485+0000] {processor.py:840} INFO - DAG(s) 'example_short_circuit_operator' retrieved from /home/airflow/.local/lib/python3.12/site-packages/airflow/example_dags/example_short_circuit_operator.py
[2024-11-26T06:11:46.499+0000] {logging_mixin.py:188} INFO - [2024-11-26T06:11:46.499+0000] {dag.py:3096} INFO - Sync 1 DAGs
[2024-11-26T06:11:46.512+0000] {logging_mixin.py:188} INFO - [2024-11-26T06:11:46.511+0000] {dag.py:3954} INFO - Setting next_dagrun for example_short_circuit_operator to 2024-11-25 00:00:00+00:00, run_after=2024-11-26 00:00:00+00:00
[2024-11-26T06:11:46.523+0000] {processor.py:183} INFO - Processing /home/airflow/.local/lib/python3.12/site-packages/airflow/example_dags/example_short_circuit_operator.py took 0.047 seconds
[2024-11-26T06:12:16.872+0000] {processor.py:161} INFO - Started process (PID=542) to work on /home/airflow/.local/lib/python3.12/site-packages/airflow/example_dags/example_short_circuit_operator.py
[2024-11-26T06:12:16.873+0000] {processor.py:830} INFO - Processing file /home/airflow/.local/lib/python3.12/site-packages/airflow/example_dags/example_short_circuit_operator.py for tasks to queue
[2024-11-26T06:12:16.874+0000] {logging_mixin.py:188} INFO - [2024-11-26T06:12:16.874+0000] {dagbag.py:545} INFO - Filling up the DagBag from /home/airflow/.local/lib/python3.12/site-packages/airflow/example_dags/example_short_circuit_operator.py
[2024-11-26T06:12:16.878+0000] {processor.py:840} INFO - DAG(s) 'example_short_circuit_operator' retrieved from /home/airflow/.local/lib/python3.12/site-packages/airflow/example_dags/example_short_circuit_operator.py
[2024-11-26T06:12:16.892+0000] {logging_mixin.py:188} INFO - [2024-11-26T06:12:16.892+0000] {dag.py:3096} INFO - Sync 1 DAGs
[2024-11-26T06:12:16.905+0000] {logging_mixin.py:188} INFO - [2024-11-26T06:12:16.905+0000] {dag.py:3954} INFO - Setting next_dagrun for example_short_circuit_operator to 2024-11-25 00:00:00+00:00, run_after=2024-11-26 00:00:00+00:00
[2024-11-26T06:12:16.925+0000] {processor.py:183} INFO - Processing /home/airflow/.local/lib/python3.12/site-packages/airflow/example_dags/example_short_circuit_operator.py took 0.056 seconds
[2024-11-26T06:12:47.385+0000] {processor.py:161} INFO - Started process (PID=605) to work on /home/airflow/.local/lib/python3.12/site-packages/airflow/example_dags/example_short_circuit_operator.py
[2024-11-26T06:12:47.400+0000] {processor.py:830} INFO - Processing file /home/airflow/.local/lib/python3.12/site-packages/airflow/example_dags/example_short_circuit_operator.py for tasks to queue
[2024-11-26T06:12:47.401+0000] {logging_mixin.py:188} INFO - [2024-11-26T06:12:47.401+0000] {dagbag.py:545} INFO - Filling up the DagBag from /home/airflow/.local/lib/python3.12/site-packages/airflow/example_dags/example_short_circuit_operator.py
[2024-11-26T06:12:47.405+0000] {processor.py:840} INFO - DAG(s) 'example_short_circuit_operator' retrieved from /home/airflow/.local/lib/python3.12/site-packages/airflow/example_dags/example_short_circuit_operator.py
[2024-11-26T06:12:47.420+0000] {logging_mixin.py:188} INFO - [2024-11-26T06:12:47.420+0000] {dag.py:3096} INFO - Sync 1 DAGs
[2024-11-26T06:12:47.433+0000] {logging_mixin.py:188} INFO - [2024-11-26T06:12:47.433+0000] {dag.py:3954} INFO - Setting next_dagrun for example_short_circuit_operator to 2024-11-25 00:00:00+00:00, run_after=2024-11-26 00:00:00+00:00
[2024-11-26T06:12:47.448+0000] {processor.py:183} INFO - Processing /home/airflow/.local/lib/python3.12/site-packages/airflow/example_dags/example_short_circuit_operator.py took 0.067 seconds
[2024-11-26T06:13:17.686+0000] {processor.py:161} INFO - Started process (PID=668) to work on /home/airflow/.local/lib/python3.12/site-packages/airflow/example_dags/example_short_circuit_operator.py
[2024-11-26T06:13:17.687+0000] {processor.py:830} INFO - Processing file /home/airflow/.local/lib/python3.12/site-packages/airflow/example_dags/example_short_circuit_operator.py for tasks to queue
[2024-11-26T06:13:17.688+0000] {logging_mixin.py:188} INFO - [2024-11-26T06:13:17.687+0000] {dagbag.py:545} INFO - Filling up the DagBag from /home/airflow/.local/lib/python3.12/site-packages/airflow/example_dags/example_short_circuit_operator.py
[2024-11-26T06:13:17.692+0000] {processor.py:840} INFO - DAG(s) 'example_short_circuit_operator' retrieved from /home/airflow/.local/lib/python3.12/site-packages/airflow/example_dags/example_short_circuit_operator.py
[2024-11-26T06:13:17.706+0000] {logging_mixin.py:188} INFO - [2024-11-26T06:13:17.706+0000] {dag.py:3096} INFO - Sync 1 DAGs
[2024-11-26T06:13:17.719+0000] {logging_mixin.py:188} INFO - [2024-11-26T06:13:17.719+0000] {dag.py:3954} INFO - Setting next_dagrun for example_short_circuit_operator to 2024-11-25 00:00:00+00:00, run_after=2024-11-26 00:00:00+00:00
[2024-11-26T06:13:17.772+0000] {processor.py:183} INFO - Processing /home/airflow/.local/lib/python3.12/site-packages/airflow/example_dags/example_short_circuit_operator.py took 0.090 seconds
