[2024-11-26T06:09:11.635+0000] {processor.py:161} INFO - Started process (PID=147) to work on /home/airflow/.local/lib/python3.12/site-packages/airflow/example_dags/example_datasets.py
[2024-11-26T06:09:11.635+0000] {processor.py:830} INFO - Processing file /home/airflow/.local/lib/python3.12/site-packages/airflow/example_dags/example_datasets.py for tasks to queue
[2024-11-26T06:09:11.636+0000] {logging_mixin.py:188} INFO - [2024-11-26T06:09:11.636+0000] {dagbag.py:545} INFO - Filling up the DagBag from /home/airflow/.local/lib/python3.12/site-packages/airflow/example_dags/example_datasets.py
[2024-11-26T06:09:11.649+0000] {processor.py:840} INFO - DAG(s) 'conditional_dataset_and_time_based_timetable', 'dataset_consumes_1_never_scheduled', 'dataset_consumes_1', 'dataset_consumes_unknown_never_scheduled', 'consume_1_and_2_with_dataset_expressions', 'consume_1_or_2_with_dataset_expressions', 'dataset_produces_2', 'consume_1_or_both_2_and_3_with_dataset_expressions', 'dataset_produces_1', 'dataset_consumes_1_and_2' retrieved from /home/airflow/.local/lib/python3.12/site-packages/airflow/example_dags/example_datasets.py
[2024-11-26T06:09:11.771+0000] {logging_mixin.py:188} INFO - [2024-11-26T06:09:11.770+0000] {dag.py:3096} INFO - Sync 10 DAGs
[2024-11-26T06:09:11.788+0000] {logging_mixin.py:188} INFO - [2024-11-26T06:09:11.788+0000] {dag.py:3954} INFO - Setting next_dagrun for conditional_dataset_and_time_based_timetable to 2024-11-20 01:00:00+00:00, run_after=2024-11-20 01:00:00+00:00
[2024-11-26T06:09:11.790+0000] {logging_mixin.py:188} INFO - [2024-11-26T06:09:11.790+0000] {dag.py:3954} INFO - Setting next_dagrun for consume_1_and_2_with_dataset_expressions to None, run_after=None
[2024-11-26T06:09:11.791+0000] {logging_mixin.py:188} INFO - [2024-11-26T06:09:11.791+0000] {dag.py:3954} INFO - Setting next_dagrun for consume_1_or_2_with_dataset_expressions to None, run_after=None
[2024-11-26T06:09:11.792+0000] {logging_mixin.py:188} INFO - [2024-11-26T06:09:11.792+0000] {dag.py:3954} INFO - Setting next_dagrun for consume_1_or_both_2_and_3_with_dataset_expressions to None, run_after=None
[2024-11-26T06:09:11.792+0000] {logging_mixin.py:188} INFO - [2024-11-26T06:09:11.792+0000] {dag.py:3954} INFO - Setting next_dagrun for dataset_consumes_1 to None, run_after=None
[2024-11-26T06:09:11.793+0000] {logging_mixin.py:188} INFO - [2024-11-26T06:09:11.793+0000] {dag.py:3954} INFO - Setting next_dagrun for dataset_consumes_1_and_2 to None, run_after=None
[2024-11-26T06:09:11.793+0000] {logging_mixin.py:188} INFO - [2024-11-26T06:09:11.793+0000] {dag.py:3954} INFO - Setting next_dagrun for dataset_consumes_1_never_scheduled to None, run_after=None
[2024-11-26T06:09:11.794+0000] {logging_mixin.py:188} INFO - [2024-11-26T06:09:11.794+0000] {dag.py:3954} INFO - Setting next_dagrun for dataset_consumes_unknown_never_scheduled to None, run_after=None
[2024-11-26T06:09:11.795+0000] {logging_mixin.py:188} INFO - [2024-11-26T06:09:11.795+0000] {dag.py:3954} INFO - Setting next_dagrun for dataset_produces_1 to 2024-11-25 00:00:00+00:00, run_after=2024-11-26 00:00:00+00:00
[2024-11-26T06:09:11.796+0000] {logging_mixin.py:188} INFO - [2024-11-26T06:09:11.796+0000] {dag.py:3954} INFO - Setting next_dagrun for dataset_produces_2 to None, run_after=None
[2024-11-26T06:09:11.868+0000] {processor.py:183} INFO - Processing /home/airflow/.local/lib/python3.12/site-packages/airflow/example_dags/example_datasets.py took 0.237 seconds
[2024-11-26T06:09:42.357+0000] {processor.py:161} INFO - Started process (PID=210) to work on /home/airflow/.local/lib/python3.12/site-packages/airflow/example_dags/example_datasets.py
[2024-11-26T06:09:42.358+0000] {processor.py:830} INFO - Processing file /home/airflow/.local/lib/python3.12/site-packages/airflow/example_dags/example_datasets.py for tasks to queue
[2024-11-26T06:09:42.359+0000] {logging_mixin.py:188} INFO - [2024-11-26T06:09:42.359+0000] {dagbag.py:545} INFO - Filling up the DagBag from /home/airflow/.local/lib/python3.12/site-packages/airflow/example_dags/example_datasets.py
[2024-11-26T06:09:42.368+0000] {processor.py:840} INFO - DAG(s) 'dataset_consumes_1_and_2', 'dataset_consumes_unknown_never_scheduled', 'consume_1_or_2_with_dataset_expressions', 'dataset_produces_2', 'dataset_produces_1', 'consume_1_and_2_with_dataset_expressions', 'conditional_dataset_and_time_based_timetable', 'consume_1_or_both_2_and_3_with_dataset_expressions', 'dataset_consumes_1_never_scheduled', 'dataset_consumes_1' retrieved from /home/airflow/.local/lib/python3.12/site-packages/airflow/example_dags/example_datasets.py
[2024-11-26T06:09:42.395+0000] {logging_mixin.py:188} INFO - [2024-11-26T06:09:42.395+0000] {dag.py:3096} INFO - Sync 10 DAGs
[2024-11-26T06:09:42.410+0000] {logging_mixin.py:188} INFO - [2024-11-26T06:09:42.410+0000] {dag.py:3954} INFO - Setting next_dagrun for conditional_dataset_and_time_based_timetable to 2024-11-20 01:00:00+00:00, run_after=2024-11-20 01:00:00+00:00
[2024-11-26T06:09:42.412+0000] {logging_mixin.py:188} INFO - [2024-11-26T06:09:42.412+0000] {dag.py:3954} INFO - Setting next_dagrun for consume_1_and_2_with_dataset_expressions to None, run_after=None
[2024-11-26T06:09:42.412+0000] {logging_mixin.py:188} INFO - [2024-11-26T06:09:42.412+0000] {dag.py:3954} INFO - Setting next_dagrun for consume_1_or_2_with_dataset_expressions to None, run_after=None
[2024-11-26T06:09:42.413+0000] {logging_mixin.py:188} INFO - [2024-11-26T06:09:42.413+0000] {dag.py:3954} INFO - Setting next_dagrun for consume_1_or_both_2_and_3_with_dataset_expressions to None, run_after=None
[2024-11-26T06:09:42.414+0000] {logging_mixin.py:188} INFO - [2024-11-26T06:09:42.413+0000] {dag.py:3954} INFO - Setting next_dagrun for dataset_consumes_1 to None, run_after=None
[2024-11-26T06:09:42.414+0000] {logging_mixin.py:188} INFO - [2024-11-26T06:09:42.414+0000] {dag.py:3954} INFO - Setting next_dagrun for dataset_consumes_1_and_2 to None, run_after=None
[2024-11-26T06:09:42.415+0000] {logging_mixin.py:188} INFO - [2024-11-26T06:09:42.415+0000] {dag.py:3954} INFO - Setting next_dagrun for dataset_consumes_1_never_scheduled to None, run_after=None
[2024-11-26T06:09:42.415+0000] {logging_mixin.py:188} INFO - [2024-11-26T06:09:42.415+0000] {dag.py:3954} INFO - Setting next_dagrun for dataset_consumes_unknown_never_scheduled to None, run_after=None
[2024-11-26T06:09:42.417+0000] {logging_mixin.py:188} INFO - [2024-11-26T06:09:42.416+0000] {dag.py:3954} INFO - Setting next_dagrun for dataset_produces_1 to 2024-11-25 00:00:00+00:00, run_after=2024-11-26 00:00:00+00:00
[2024-11-26T06:09:42.417+0000] {logging_mixin.py:188} INFO - [2024-11-26T06:09:42.417+0000] {dag.py:3954} INFO - Setting next_dagrun for dataset_produces_2 to None, run_after=None
[2024-11-26T06:09:42.460+0000] {processor.py:183} INFO - Processing /home/airflow/.local/lib/python3.12/site-packages/airflow/example_dags/example_datasets.py took 0.106 seconds
[2024-11-26T06:10:12.972+0000] {processor.py:161} INFO - Started process (PID=273) to work on /home/airflow/.local/lib/python3.12/site-packages/airflow/example_dags/example_datasets.py
[2024-11-26T06:10:12.983+0000] {processor.py:830} INFO - Processing file /home/airflow/.local/lib/python3.12/site-packages/airflow/example_dags/example_datasets.py for tasks to queue
[2024-11-26T06:10:12.984+0000] {logging_mixin.py:188} INFO - [2024-11-26T06:10:12.983+0000] {dagbag.py:545} INFO - Filling up the DagBag from /home/airflow/.local/lib/python3.12/site-packages/airflow/example_dags/example_datasets.py
[2024-11-26T06:10:12.992+0000] {processor.py:840} INFO - DAG(s) 'consume_1_or_both_2_and_3_with_dataset_expressions', 'dataset_consumes_unknown_never_scheduled', 'dataset_produces_2', 'dataset_consumes_1_never_scheduled', 'consume_1_and_2_with_dataset_expressions', 'dataset_consumes_1', 'dataset_consumes_1_and_2', 'conditional_dataset_and_time_based_timetable', 'dataset_produces_1', 'consume_1_or_2_with_dataset_expressions' retrieved from /home/airflow/.local/lib/python3.12/site-packages/airflow/example_dags/example_datasets.py
[2024-11-26T06:10:13.019+0000] {logging_mixin.py:188} INFO - [2024-11-26T06:10:13.018+0000] {dag.py:3096} INFO - Sync 10 DAGs
[2024-11-26T06:10:13.033+0000] {logging_mixin.py:188} INFO - [2024-11-26T06:10:13.033+0000] {dag.py:3954} INFO - Setting next_dagrun for conditional_dataset_and_time_based_timetable to 2024-11-20 01:00:00+00:00, run_after=2024-11-20 01:00:00+00:00
[2024-11-26T06:10:13.035+0000] {logging_mixin.py:188} INFO - [2024-11-26T06:10:13.035+0000] {dag.py:3954} INFO - Setting next_dagrun for consume_1_and_2_with_dataset_expressions to None, run_after=None
[2024-11-26T06:10:13.036+0000] {logging_mixin.py:188} INFO - [2024-11-26T06:10:13.036+0000] {dag.py:3954} INFO - Setting next_dagrun for consume_1_or_2_with_dataset_expressions to None, run_after=None
[2024-11-26T06:10:13.036+0000] {logging_mixin.py:188} INFO - [2024-11-26T06:10:13.036+0000] {dag.py:3954} INFO - Setting next_dagrun for consume_1_or_both_2_and_3_with_dataset_expressions to None, run_after=None
[2024-11-26T06:10:13.037+0000] {logging_mixin.py:188} INFO - [2024-11-26T06:10:13.037+0000] {dag.py:3954} INFO - Setting next_dagrun for dataset_consumes_1 to None, run_after=None
[2024-11-26T06:10:13.037+0000] {logging_mixin.py:188} INFO - [2024-11-26T06:10:13.037+0000] {dag.py:3954} INFO - Setting next_dagrun for dataset_consumes_1_and_2 to None, run_after=None
[2024-11-26T06:10:13.038+0000] {logging_mixin.py:188} INFO - [2024-11-26T06:10:13.038+0000] {dag.py:3954} INFO - Setting next_dagrun for dataset_consumes_1_never_scheduled to None, run_after=None
[2024-11-26T06:10:13.039+0000] {logging_mixin.py:188} INFO - [2024-11-26T06:10:13.039+0000] {dag.py:3954} INFO - Setting next_dagrun for dataset_consumes_unknown_never_scheduled to None, run_after=None
[2024-11-26T06:10:13.040+0000] {logging_mixin.py:188} INFO - [2024-11-26T06:10:13.040+0000] {dag.py:3954} INFO - Setting next_dagrun for dataset_produces_1 to 2024-11-25 00:00:00+00:00, run_after=2024-11-26 00:00:00+00:00
[2024-11-26T06:10:13.040+0000] {logging_mixin.py:188} INFO - [2024-11-26T06:10:13.040+0000] {dag.py:3954} INFO - Setting next_dagrun for dataset_produces_2 to None, run_after=None
[2024-11-26T06:10:13.064+0000] {processor.py:183} INFO - Processing /home/airflow/.local/lib/python3.12/site-packages/airflow/example_dags/example_datasets.py took 0.096 seconds
[2024-11-26T06:10:43.617+0000] {processor.py:161} INFO - Started process (PID=336) to work on /home/airflow/.local/lib/python3.12/site-packages/airflow/example_dags/example_datasets.py
[2024-11-26T06:10:43.617+0000] {processor.py:830} INFO - Processing file /home/airflow/.local/lib/python3.12/site-packages/airflow/example_dags/example_datasets.py for tasks to queue
[2024-11-26T06:10:43.618+0000] {logging_mixin.py:188} INFO - [2024-11-26T06:10:43.618+0000] {dagbag.py:545} INFO - Filling up the DagBag from /home/airflow/.local/lib/python3.12/site-packages/airflow/example_dags/example_datasets.py
[2024-11-26T06:10:43.627+0000] {processor.py:840} INFO - DAG(s) 'dataset_consumes_1_and_2', 'dataset_consumes_1', 'dataset_produces_2', 'dataset_produces_1', 'consume_1_or_both_2_and_3_with_dataset_expressions', 'consume_1_and_2_with_dataset_expressions', 'consume_1_or_2_with_dataset_expressions', 'dataset_consumes_1_never_scheduled', 'conditional_dataset_and_time_based_timetable', 'dataset_consumes_unknown_never_scheduled' retrieved from /home/airflow/.local/lib/python3.12/site-packages/airflow/example_dags/example_datasets.py
[2024-11-26T06:10:43.654+0000] {logging_mixin.py:188} INFO - [2024-11-26T06:10:43.654+0000] {dag.py:3096} INFO - Sync 10 DAGs
[2024-11-26T06:10:43.669+0000] {logging_mixin.py:188} INFO - [2024-11-26T06:10:43.669+0000] {dag.py:3954} INFO - Setting next_dagrun for conditional_dataset_and_time_based_timetable to 2024-11-20 01:00:00+00:00, run_after=2024-11-20 01:00:00+00:00
[2024-11-26T06:10:43.671+0000] {logging_mixin.py:188} INFO - [2024-11-26T06:10:43.671+0000] {dag.py:3954} INFO - Setting next_dagrun for consume_1_and_2_with_dataset_expressions to None, run_after=None
[2024-11-26T06:10:43.672+0000] {logging_mixin.py:188} INFO - [2024-11-26T06:10:43.672+0000] {dag.py:3954} INFO - Setting next_dagrun for consume_1_or_2_with_dataset_expressions to None, run_after=None
[2024-11-26T06:10:43.673+0000] {logging_mixin.py:188} INFO - [2024-11-26T06:10:43.672+0000] {dag.py:3954} INFO - Setting next_dagrun for consume_1_or_both_2_and_3_with_dataset_expressions to None, run_after=None
[2024-11-26T06:10:43.673+0000] {logging_mixin.py:188} INFO - [2024-11-26T06:10:43.673+0000] {dag.py:3954} INFO - Setting next_dagrun for dataset_consumes_1 to None, run_after=None
[2024-11-26T06:10:43.674+0000] {logging_mixin.py:188} INFO - [2024-11-26T06:10:43.674+0000] {dag.py:3954} INFO - Setting next_dagrun for dataset_consumes_1_and_2 to None, run_after=None
[2024-11-26T06:10:43.674+0000] {logging_mixin.py:188} INFO - [2024-11-26T06:10:43.674+0000] {dag.py:3954} INFO - Setting next_dagrun for dataset_consumes_1_never_scheduled to None, run_after=None
[2024-11-26T06:10:43.675+0000] {logging_mixin.py:188} INFO - [2024-11-26T06:10:43.675+0000] {dag.py:3954} INFO - Setting next_dagrun for dataset_consumes_unknown_never_scheduled to None, run_after=None
[2024-11-26T06:10:43.676+0000] {logging_mixin.py:188} INFO - [2024-11-26T06:10:43.676+0000] {dag.py:3954} INFO - Setting next_dagrun for dataset_produces_1 to 2024-11-25 00:00:00+00:00, run_after=2024-11-26 00:00:00+00:00
[2024-11-26T06:10:43.677+0000] {logging_mixin.py:188} INFO - [2024-11-26T06:10:43.677+0000] {dag.py:3954} INFO - Setting next_dagrun for dataset_produces_2 to None, run_after=None
[2024-11-26T06:10:43.709+0000] {processor.py:183} INFO - Processing /home/airflow/.local/lib/python3.12/site-packages/airflow/example_dags/example_datasets.py took 0.096 seconds
[2024-11-26T06:11:14.271+0000] {processor.py:161} INFO - Started process (PID=399) to work on /home/airflow/.local/lib/python3.12/site-packages/airflow/example_dags/example_datasets.py
[2024-11-26T06:11:14.272+0000] {processor.py:830} INFO - Processing file /home/airflow/.local/lib/python3.12/site-packages/airflow/example_dags/example_datasets.py for tasks to queue
[2024-11-26T06:11:14.273+0000] {logging_mixin.py:188} INFO - [2024-11-26T06:11:14.273+0000] {dagbag.py:545} INFO - Filling up the DagBag from /home/airflow/.local/lib/python3.12/site-packages/airflow/example_dags/example_datasets.py
[2024-11-26T06:11:14.282+0000] {processor.py:840} INFO - DAG(s) 'consume_1_and_2_with_dataset_expressions', 'dataset_consumes_1', 'consume_1_or_2_with_dataset_expressions', 'dataset_consumes_1_never_scheduled', 'dataset_consumes_1_and_2', 'dataset_produces_2', 'consume_1_or_both_2_and_3_with_dataset_expressions', 'dataset_produces_1', 'conditional_dataset_and_time_based_timetable', 'dataset_consumes_unknown_never_scheduled' retrieved from /home/airflow/.local/lib/python3.12/site-packages/airflow/example_dags/example_datasets.py
[2024-11-26T06:11:14.308+0000] {logging_mixin.py:188} INFO - [2024-11-26T06:11:14.308+0000] {dag.py:3096} INFO - Sync 10 DAGs
[2024-11-26T06:11:14.323+0000] {logging_mixin.py:188} INFO - [2024-11-26T06:11:14.323+0000] {dag.py:3954} INFO - Setting next_dagrun for conditional_dataset_and_time_based_timetable to 2024-11-20 01:00:00+00:00, run_after=2024-11-20 01:00:00+00:00
[2024-11-26T06:11:14.325+0000] {logging_mixin.py:188} INFO - [2024-11-26T06:11:14.325+0000] {dag.py:3954} INFO - Setting next_dagrun for consume_1_and_2_with_dataset_expressions to None, run_after=None
[2024-11-26T06:11:14.326+0000] {logging_mixin.py:188} INFO - [2024-11-26T06:11:14.325+0000] {dag.py:3954} INFO - Setting next_dagrun for consume_1_or_2_with_dataset_expressions to None, run_after=None
[2024-11-26T06:11:14.326+0000] {logging_mixin.py:188} INFO - [2024-11-26T06:11:14.326+0000] {dag.py:3954} INFO - Setting next_dagrun for consume_1_or_both_2_and_3_with_dataset_expressions to None, run_after=None
[2024-11-26T06:11:14.327+0000] {logging_mixin.py:188} INFO - [2024-11-26T06:11:14.327+0000] {dag.py:3954} INFO - Setting next_dagrun for dataset_consumes_1 to None, run_after=None
[2024-11-26T06:11:14.327+0000] {logging_mixin.py:188} INFO - [2024-11-26T06:11:14.327+0000] {dag.py:3954} INFO - Setting next_dagrun for dataset_consumes_1_and_2 to None, run_after=None
[2024-11-26T06:11:14.328+0000] {logging_mixin.py:188} INFO - [2024-11-26T06:11:14.328+0000] {dag.py:3954} INFO - Setting next_dagrun for dataset_consumes_1_never_scheduled to None, run_after=None
[2024-11-26T06:11:14.328+0000] {logging_mixin.py:188} INFO - [2024-11-26T06:11:14.328+0000] {dag.py:3954} INFO - Setting next_dagrun for dataset_consumes_unknown_never_scheduled to None, run_after=None
[2024-11-26T06:11:14.330+0000] {logging_mixin.py:188} INFO - [2024-11-26T06:11:14.330+0000] {dag.py:3954} INFO - Setting next_dagrun for dataset_produces_1 to 2024-11-25 00:00:00+00:00, run_after=2024-11-26 00:00:00+00:00
[2024-11-26T06:11:14.330+0000] {logging_mixin.py:188} INFO - [2024-11-26T06:11:14.330+0000] {dag.py:3954} INFO - Setting next_dagrun for dataset_produces_2 to None, run_after=None
[2024-11-26T06:11:14.353+0000] {processor.py:183} INFO - Processing /home/airflow/.local/lib/python3.12/site-packages/airflow/example_dags/example_datasets.py took 0.085 seconds
[2024-11-26T06:11:44.877+0000] {processor.py:161} INFO - Started process (PID=462) to work on /home/airflow/.local/lib/python3.12/site-packages/airflow/example_dags/example_datasets.py
[2024-11-26T06:11:44.877+0000] {processor.py:830} INFO - Processing file /home/airflow/.local/lib/python3.12/site-packages/airflow/example_dags/example_datasets.py for tasks to queue
[2024-11-26T06:11:44.879+0000] {logging_mixin.py:188} INFO - [2024-11-26T06:11:44.878+0000] {dagbag.py:545} INFO - Filling up the DagBag from /home/airflow/.local/lib/python3.12/site-packages/airflow/example_dags/example_datasets.py
[2024-11-26T06:11:44.888+0000] {processor.py:840} INFO - DAG(s) 'dataset_consumes_unknown_never_scheduled', 'dataset_produces_1', 'dataset_consumes_1_never_scheduled', 'dataset_produces_2', 'dataset_consumes_1_and_2', 'conditional_dataset_and_time_based_timetable', 'consume_1_and_2_with_dataset_expressions', 'consume_1_or_both_2_and_3_with_dataset_expressions', 'dataset_consumes_1', 'consume_1_or_2_with_dataset_expressions' retrieved from /home/airflow/.local/lib/python3.12/site-packages/airflow/example_dags/example_datasets.py
[2024-11-26T06:11:44.914+0000] {logging_mixin.py:188} INFO - [2024-11-26T06:11:44.914+0000] {dag.py:3096} INFO - Sync 10 DAGs
[2024-11-26T06:11:44.930+0000] {logging_mixin.py:188} INFO - [2024-11-26T06:11:44.929+0000] {dag.py:3954} INFO - Setting next_dagrun for conditional_dataset_and_time_based_timetable to 2024-11-20 01:00:00+00:00, run_after=2024-11-20 01:00:00+00:00
[2024-11-26T06:11:44.932+0000] {logging_mixin.py:188} INFO - [2024-11-26T06:11:44.932+0000] {dag.py:3954} INFO - Setting next_dagrun for consume_1_and_2_with_dataset_expressions to None, run_after=None
[2024-11-26T06:11:44.932+0000] {logging_mixin.py:188} INFO - [2024-11-26T06:11:44.932+0000] {dag.py:3954} INFO - Setting next_dagrun for consume_1_or_2_with_dataset_expressions to None, run_after=None
[2024-11-26T06:11:44.933+0000] {logging_mixin.py:188} INFO - [2024-11-26T06:11:44.933+0000] {dag.py:3954} INFO - Setting next_dagrun for consume_1_or_both_2_and_3_with_dataset_expressions to None, run_after=None
[2024-11-26T06:11:44.933+0000] {logging_mixin.py:188} INFO - [2024-11-26T06:11:44.933+0000] {dag.py:3954} INFO - Setting next_dagrun for dataset_consumes_1 to None, run_after=None
[2024-11-26T06:11:44.934+0000] {logging_mixin.py:188} INFO - [2024-11-26T06:11:44.934+0000] {dag.py:3954} INFO - Setting next_dagrun for dataset_consumes_1_and_2 to None, run_after=None
[2024-11-26T06:11:44.935+0000] {logging_mixin.py:188} INFO - [2024-11-26T06:11:44.935+0000] {dag.py:3954} INFO - Setting next_dagrun for dataset_consumes_1_never_scheduled to None, run_after=None
[2024-11-26T06:11:44.935+0000] {logging_mixin.py:188} INFO - [2024-11-26T06:11:44.935+0000] {dag.py:3954} INFO - Setting next_dagrun for dataset_consumes_unknown_never_scheduled to None, run_after=None
[2024-11-26T06:11:44.937+0000] {logging_mixin.py:188} INFO - [2024-11-26T06:11:44.936+0000] {dag.py:3954} INFO - Setting next_dagrun for dataset_produces_1 to 2024-11-25 00:00:00+00:00, run_after=2024-11-26 00:00:00+00:00
[2024-11-26T06:11:44.937+0000] {logging_mixin.py:188} INFO - [2024-11-26T06:11:44.937+0000] {dag.py:3954} INFO - Setting next_dagrun for dataset_produces_2 to None, run_after=None
[2024-11-26T06:11:44.957+0000] {processor.py:183} INFO - Processing /home/airflow/.local/lib/python3.12/site-packages/airflow/example_dags/example_datasets.py took 0.084 seconds
[2024-11-26T06:12:15.247+0000] {processor.py:161} INFO - Started process (PID=525) to work on /home/airflow/.local/lib/python3.12/site-packages/airflow/example_dags/example_datasets.py
[2024-11-26T06:12:15.248+0000] {processor.py:830} INFO - Processing file /home/airflow/.local/lib/python3.12/site-packages/airflow/example_dags/example_datasets.py for tasks to queue
[2024-11-26T06:12:15.249+0000] {logging_mixin.py:188} INFO - [2024-11-26T06:12:15.249+0000] {dagbag.py:545} INFO - Filling up the DagBag from /home/airflow/.local/lib/python3.12/site-packages/airflow/example_dags/example_datasets.py
[2024-11-26T06:12:15.258+0000] {processor.py:840} INFO - DAG(s) 'dataset_consumes_1_never_scheduled', 'consume_1_and_2_with_dataset_expressions', 'dataset_consumes_1_and_2', 'dataset_consumes_1', 'consume_1_or_2_with_dataset_expressions', 'dataset_consumes_unknown_never_scheduled', 'conditional_dataset_and_time_based_timetable', 'consume_1_or_both_2_and_3_with_dataset_expressions', 'dataset_produces_2', 'dataset_produces_1' retrieved from /home/airflow/.local/lib/python3.12/site-packages/airflow/example_dags/example_datasets.py
[2024-11-26T06:12:15.285+0000] {logging_mixin.py:188} INFO - [2024-11-26T06:12:15.285+0000] {dag.py:3096} INFO - Sync 10 DAGs
[2024-11-26T06:12:15.300+0000] {logging_mixin.py:188} INFO - [2024-11-26T06:12:15.300+0000] {dag.py:3954} INFO - Setting next_dagrun for conditional_dataset_and_time_based_timetable to 2024-11-20 01:00:00+00:00, run_after=2024-11-20 01:00:00+00:00
[2024-11-26T06:12:15.302+0000] {logging_mixin.py:188} INFO - [2024-11-26T06:12:15.302+0000] {dag.py:3954} INFO - Setting next_dagrun for consume_1_and_2_with_dataset_expressions to None, run_after=None
[2024-11-26T06:12:15.303+0000] {logging_mixin.py:188} INFO - [2024-11-26T06:12:15.303+0000] {dag.py:3954} INFO - Setting next_dagrun for consume_1_or_2_with_dataset_expressions to None, run_after=None
[2024-11-26T06:12:15.304+0000] {logging_mixin.py:188} INFO - [2024-11-26T06:12:15.303+0000] {dag.py:3954} INFO - Setting next_dagrun for consume_1_or_both_2_and_3_with_dataset_expressions to None, run_after=None
[2024-11-26T06:12:15.304+0000] {logging_mixin.py:188} INFO - [2024-11-26T06:12:15.304+0000] {dag.py:3954} INFO - Setting next_dagrun for dataset_consumes_1 to None, run_after=None
[2024-11-26T06:12:15.305+0000] {logging_mixin.py:188} INFO - [2024-11-26T06:12:15.305+0000] {dag.py:3954} INFO - Setting next_dagrun for dataset_consumes_1_and_2 to None, run_after=None
[2024-11-26T06:12:15.305+0000] {logging_mixin.py:188} INFO - [2024-11-26T06:12:15.305+0000] {dag.py:3954} INFO - Setting next_dagrun for dataset_consumes_1_never_scheduled to None, run_after=None
[2024-11-26T06:12:15.306+0000] {logging_mixin.py:188} INFO - [2024-11-26T06:12:15.306+0000] {dag.py:3954} INFO - Setting next_dagrun for dataset_consumes_unknown_never_scheduled to None, run_after=None
[2024-11-26T06:12:15.307+0000] {logging_mixin.py:188} INFO - [2024-11-26T06:12:15.307+0000] {dag.py:3954} INFO - Setting next_dagrun for dataset_produces_1 to 2024-11-25 00:00:00+00:00, run_after=2024-11-26 00:00:00+00:00
[2024-11-26T06:12:15.308+0000] {logging_mixin.py:188} INFO - [2024-11-26T06:12:15.308+0000] {dag.py:3954} INFO - Setting next_dagrun for dataset_produces_2 to None, run_after=None
[2024-11-26T06:12:15.330+0000] {processor.py:183} INFO - Processing /home/airflow/.local/lib/python3.12/site-packages/airflow/example_dags/example_datasets.py took 0.087 seconds
[2024-11-26T06:12:45.780+0000] {processor.py:161} INFO - Started process (PID=588) to work on /home/airflow/.local/lib/python3.12/site-packages/airflow/example_dags/example_datasets.py
[2024-11-26T06:12:45.780+0000] {processor.py:830} INFO - Processing file /home/airflow/.local/lib/python3.12/site-packages/airflow/example_dags/example_datasets.py for tasks to queue
[2024-11-26T06:12:45.781+0000] {logging_mixin.py:188} INFO - [2024-11-26T06:12:45.781+0000] {dagbag.py:545} INFO - Filling up the DagBag from /home/airflow/.local/lib/python3.12/site-packages/airflow/example_dags/example_datasets.py
[2024-11-26T06:12:45.790+0000] {processor.py:840} INFO - DAG(s) 'conditional_dataset_and_time_based_timetable', 'dataset_produces_2', 'consume_1_and_2_with_dataset_expressions', 'dataset_consumes_unknown_never_scheduled', 'consume_1_or_both_2_and_3_with_dataset_expressions', 'dataset_produces_1', 'dataset_consumes_1_and_2', 'consume_1_or_2_with_dataset_expressions', 'dataset_consumes_1_never_scheduled', 'dataset_consumes_1' retrieved from /home/airflow/.local/lib/python3.12/site-packages/airflow/example_dags/example_datasets.py
[2024-11-26T06:12:45.817+0000] {logging_mixin.py:188} INFO - [2024-11-26T06:12:45.816+0000] {dag.py:3096} INFO - Sync 10 DAGs
[2024-11-26T06:12:45.832+0000] {logging_mixin.py:188} INFO - [2024-11-26T06:12:45.832+0000] {dag.py:3954} INFO - Setting next_dagrun for conditional_dataset_and_time_based_timetable to 2024-11-20 01:00:00+00:00, run_after=2024-11-20 01:00:00+00:00
[2024-11-26T06:12:45.834+0000] {logging_mixin.py:188} INFO - [2024-11-26T06:12:45.834+0000] {dag.py:3954} INFO - Setting next_dagrun for consume_1_and_2_with_dataset_expressions to None, run_after=None
[2024-11-26T06:12:45.835+0000] {logging_mixin.py:188} INFO - [2024-11-26T06:12:45.835+0000] {dag.py:3954} INFO - Setting next_dagrun for consume_1_or_2_with_dataset_expressions to None, run_after=None
[2024-11-26T06:12:45.835+0000] {logging_mixin.py:188} INFO - [2024-11-26T06:12:45.835+0000] {dag.py:3954} INFO - Setting next_dagrun for consume_1_or_both_2_and_3_with_dataset_expressions to None, run_after=None
[2024-11-26T06:12:45.836+0000] {logging_mixin.py:188} INFO - [2024-11-26T06:12:45.836+0000] {dag.py:3954} INFO - Setting next_dagrun for dataset_consumes_1 to None, run_after=None
[2024-11-26T06:12:45.837+0000] {logging_mixin.py:188} INFO - [2024-11-26T06:12:45.836+0000] {dag.py:3954} INFO - Setting next_dagrun for dataset_consumes_1_and_2 to None, run_after=None
[2024-11-26T06:12:45.837+0000] {logging_mixin.py:188} INFO - [2024-11-26T06:12:45.837+0000] {dag.py:3954} INFO - Setting next_dagrun for dataset_consumes_1_never_scheduled to None, run_after=None
[2024-11-26T06:12:45.838+0000] {logging_mixin.py:188} INFO - [2024-11-26T06:12:45.838+0000] {dag.py:3954} INFO - Setting next_dagrun for dataset_consumes_unknown_never_scheduled to None, run_after=None
[2024-11-26T06:12:45.839+0000] {logging_mixin.py:188} INFO - [2024-11-26T06:12:45.839+0000] {dag.py:3954} INFO - Setting next_dagrun for dataset_produces_1 to 2024-11-25 00:00:00+00:00, run_after=2024-11-26 00:00:00+00:00
[2024-11-26T06:12:45.840+0000] {logging_mixin.py:188} INFO - [2024-11-26T06:12:45.840+0000] {dag.py:3954} INFO - Setting next_dagrun for dataset_produces_2 to None, run_after=None
[2024-11-26T06:12:45.873+0000] {processor.py:183} INFO - Processing /home/airflow/.local/lib/python3.12/site-packages/airflow/example_dags/example_datasets.py took 0.097 seconds
[2024-11-26T06:13:16.093+0000] {processor.py:161} INFO - Started process (PID=651) to work on /home/airflow/.local/lib/python3.12/site-packages/airflow/example_dags/example_datasets.py
[2024-11-26T06:13:16.101+0000] {processor.py:830} INFO - Processing file /home/airflow/.local/lib/python3.12/site-packages/airflow/example_dags/example_datasets.py for tasks to queue
[2024-11-26T06:13:16.103+0000] {logging_mixin.py:188} INFO - [2024-11-26T06:13:16.102+0000] {dagbag.py:545} INFO - Filling up the DagBag from /home/airflow/.local/lib/python3.12/site-packages/airflow/example_dags/example_datasets.py
[2024-11-26T06:13:16.111+0000] {processor.py:840} INFO - DAG(s) 'dataset_produces_1', 'consume_1_or_2_with_dataset_expressions', 'dataset_produces_2', 'dataset_consumes_1_and_2', 'dataset_consumes_unknown_never_scheduled', 'conditional_dataset_and_time_based_timetable', 'consume_1_or_both_2_and_3_with_dataset_expressions', 'dataset_consumes_1_never_scheduled', 'dataset_consumes_1', 'consume_1_and_2_with_dataset_expressions' retrieved from /home/airflow/.local/lib/python3.12/site-packages/airflow/example_dags/example_datasets.py
[2024-11-26T06:13:16.138+0000] {logging_mixin.py:188} INFO - [2024-11-26T06:13:16.138+0000] {dag.py:3096} INFO - Sync 10 DAGs
[2024-11-26T06:13:16.153+0000] {logging_mixin.py:188} INFO - [2024-11-26T06:13:16.153+0000] {dag.py:3954} INFO - Setting next_dagrun for conditional_dataset_and_time_based_timetable to 2024-11-20 01:00:00+00:00, run_after=2024-11-20 01:00:00+00:00
[2024-11-26T06:13:16.155+0000] {logging_mixin.py:188} INFO - [2024-11-26T06:13:16.155+0000] {dag.py:3954} INFO - Setting next_dagrun for consume_1_and_2_with_dataset_expressions to None, run_after=None
[2024-11-26T06:13:16.155+0000] {logging_mixin.py:188} INFO - [2024-11-26T06:13:16.155+0000] {dag.py:3954} INFO - Setting next_dagrun for consume_1_or_2_with_dataset_expressions to None, run_after=None
[2024-11-26T06:13:16.156+0000] {logging_mixin.py:188} INFO - [2024-11-26T06:13:16.156+0000] {dag.py:3954} INFO - Setting next_dagrun for consume_1_or_both_2_and_3_with_dataset_expressions to None, run_after=None
[2024-11-26T06:13:16.157+0000] {logging_mixin.py:188} INFO - [2024-11-26T06:13:16.157+0000] {dag.py:3954} INFO - Setting next_dagrun for dataset_consumes_1 to None, run_after=None
[2024-11-26T06:13:16.157+0000] {logging_mixin.py:188} INFO - [2024-11-26T06:13:16.157+0000] {dag.py:3954} INFO - Setting next_dagrun for dataset_consumes_1_and_2 to None, run_after=None
[2024-11-26T06:13:16.158+0000] {logging_mixin.py:188} INFO - [2024-11-26T06:13:16.158+0000] {dag.py:3954} INFO - Setting next_dagrun for dataset_consumes_1_never_scheduled to None, run_after=None
[2024-11-26T06:13:16.158+0000] {logging_mixin.py:188} INFO - [2024-11-26T06:13:16.158+0000] {dag.py:3954} INFO - Setting next_dagrun for dataset_consumes_unknown_never_scheduled to None, run_after=None
[2024-11-26T06:13:16.160+0000] {logging_mixin.py:188} INFO - [2024-11-26T06:13:16.159+0000] {dag.py:3954} INFO - Setting next_dagrun for dataset_produces_1 to 2024-11-25 00:00:00+00:00, run_after=2024-11-26 00:00:00+00:00
[2024-11-26T06:13:16.160+0000] {logging_mixin.py:188} INFO - [2024-11-26T06:13:16.160+0000] {dag.py:3954} INFO - Setting next_dagrun for dataset_produces_2 to None, run_after=None
[2024-11-26T06:13:16.185+0000] {processor.py:183} INFO - Processing /home/airflow/.local/lib/python3.12/site-packages/airflow/example_dags/example_datasets.py took 0.096 seconds
