[2024-11-26T06:09:13.613+0000] {processor.py:161} INFO - Started process (PID=168) to work on /home/airflow/.local/lib/python3.12/site-packages/airflow/example_dags/example_branch_operator.py
[2024-11-26T06:09:13.613+0000] {processor.py:830} INFO - Processing file /home/airflow/.local/lib/python3.12/site-packages/airflow/example_dags/example_branch_operator.py for tasks to queue
[2024-11-26T06:09:13.614+0000] {logging_mixin.py:188} INFO - [2024-11-26T06:09:13.614+0000] {dagbag.py:545} INFO - Filling up the DagBag from /home/airflow/.local/lib/python3.12/site-packages/airflow/example_dags/example_branch_operator.py
[2024-11-26T06:09:13.626+0000] {processor.py:840} INFO - DAG(s) 'example_branch_operator' retrieved from /home/airflow/.local/lib/python3.12/site-packages/airflow/example_dags/example_branch_operator.py
[2024-11-26T06:09:13.698+0000] {logging_mixin.py:188} INFO - [2024-11-26T06:09:13.698+0000] {dag.py:3096} INFO - Sync 1 DAGs
[2024-11-26T06:09:13.710+0000] {logging_mixin.py:188} INFO - [2024-11-26T06:09:13.710+0000] {dag.py:3954} INFO - Setting next_dagrun for example_branch_operator to 2024-11-25 00:00:00+00:00, run_after=2024-11-26 00:00:00+00:00
[2024-11-26T06:09:13.725+0000] {processor.py:183} INFO - Processing /home/airflow/.local/lib/python3.12/site-packages/airflow/example_dags/example_branch_operator.py took 0.115 seconds
[2024-11-26T06:09:44.167+0000] {processor.py:161} INFO - Started process (PID=231) to work on /home/airflow/.local/lib/python3.12/site-packages/airflow/example_dags/example_branch_operator.py
[2024-11-26T06:09:44.168+0000] {processor.py:830} INFO - Processing file /home/airflow/.local/lib/python3.12/site-packages/airflow/example_dags/example_branch_operator.py for tasks to queue
[2024-11-26T06:09:44.169+0000] {logging_mixin.py:188} INFO - [2024-11-26T06:09:44.169+0000] {dagbag.py:545} INFO - Filling up the DagBag from /home/airflow/.local/lib/python3.12/site-packages/airflow/example_dags/example_branch_operator.py
[2024-11-26T06:09:44.180+0000] {processor.py:840} INFO - DAG(s) 'example_branch_operator' retrieved from /home/airflow/.local/lib/python3.12/site-packages/airflow/example_dags/example_branch_operator.py
[2024-11-26T06:09:44.198+0000] {logging_mixin.py:188} INFO - [2024-11-26T06:09:44.198+0000] {dag.py:3096} INFO - Sync 1 DAGs
[2024-11-26T06:09:44.212+0000] {logging_mixin.py:188} INFO - [2024-11-26T06:09:44.212+0000] {dag.py:3954} INFO - Setting next_dagrun for example_branch_operator to 2024-11-25 00:00:00+00:00, run_after=2024-11-26 00:00:00+00:00
[2024-11-26T06:09:44.228+0000] {processor.py:183} INFO - Processing /home/airflow/.local/lib/python3.12/site-packages/airflow/example_dags/example_branch_operator.py took 0.064 seconds
[2024-11-26T06:10:14.811+0000] {processor.py:161} INFO - Started process (PID=294) to work on /home/airflow/.local/lib/python3.12/site-packages/airflow/example_dags/example_branch_operator.py
[2024-11-26T06:10:14.848+0000] {processor.py:830} INFO - Processing file /home/airflow/.local/lib/python3.12/site-packages/airflow/example_dags/example_branch_operator.py for tasks to queue
[2024-11-26T06:10:14.849+0000] {logging_mixin.py:188} INFO - [2024-11-26T06:10:14.849+0000] {dagbag.py:545} INFO - Filling up the DagBag from /home/airflow/.local/lib/python3.12/site-packages/airflow/example_dags/example_branch_operator.py
[2024-11-26T06:10:14.860+0000] {processor.py:840} INFO - DAG(s) 'example_branch_operator' retrieved from /home/airflow/.local/lib/python3.12/site-packages/airflow/example_dags/example_branch_operator.py
[2024-11-26T06:10:14.879+0000] {logging_mixin.py:188} INFO - [2024-11-26T06:10:14.879+0000] {dag.py:3096} INFO - Sync 1 DAGs
[2024-11-26T06:10:14.893+0000] {logging_mixin.py:188} INFO - [2024-11-26T06:10:14.893+0000] {dag.py:3954} INFO - Setting next_dagrun for example_branch_operator to 2024-11-25 00:00:00+00:00, run_after=2024-11-26 00:00:00+00:00
[2024-11-26T06:10:14.913+0000] {processor.py:183} INFO - Processing /home/airflow/.local/lib/python3.12/site-packages/airflow/example_dags/example_branch_operator.py took 0.106 seconds
[2024-11-26T06:10:45.464+0000] {processor.py:161} INFO - Started process (PID=357) to work on /home/airflow/.local/lib/python3.12/site-packages/airflow/example_dags/example_branch_operator.py
[2024-11-26T06:10:45.464+0000] {processor.py:830} INFO - Processing file /home/airflow/.local/lib/python3.12/site-packages/airflow/example_dags/example_branch_operator.py for tasks to queue
[2024-11-26T06:10:45.466+0000] {logging_mixin.py:188} INFO - [2024-11-26T06:10:45.465+0000] {dagbag.py:545} INFO - Filling up the DagBag from /home/airflow/.local/lib/python3.12/site-packages/airflow/example_dags/example_branch_operator.py
[2024-11-26T06:10:45.476+0000] {processor.py:840} INFO - DAG(s) 'example_branch_operator' retrieved from /home/airflow/.local/lib/python3.12/site-packages/airflow/example_dags/example_branch_operator.py
[2024-11-26T06:10:45.494+0000] {logging_mixin.py:188} INFO - [2024-11-26T06:10:45.494+0000] {dag.py:3096} INFO - Sync 1 DAGs
[2024-11-26T06:10:45.508+0000] {logging_mixin.py:188} INFO - [2024-11-26T06:10:45.508+0000] {dag.py:3954} INFO - Setting next_dagrun for example_branch_operator to 2024-11-25 00:00:00+00:00, run_after=2024-11-26 00:00:00+00:00
[2024-11-26T06:10:45.553+0000] {processor.py:183} INFO - Processing /home/airflow/.local/lib/python3.12/site-packages/airflow/example_dags/example_branch_operator.py took 0.093 seconds
[2024-11-26T06:11:16.040+0000] {processor.py:161} INFO - Started process (PID=420) to work on /home/airflow/.local/lib/python3.12/site-packages/airflow/example_dags/example_branch_operator.py
[2024-11-26T06:11:16.041+0000] {processor.py:830} INFO - Processing file /home/airflow/.local/lib/python3.12/site-packages/airflow/example_dags/example_branch_operator.py for tasks to queue
[2024-11-26T06:11:16.042+0000] {logging_mixin.py:188} INFO - [2024-11-26T06:11:16.042+0000] {dagbag.py:545} INFO - Filling up the DagBag from /home/airflow/.local/lib/python3.12/site-packages/airflow/example_dags/example_branch_operator.py
[2024-11-26T06:11:16.052+0000] {processor.py:840} INFO - DAG(s) 'example_branch_operator' retrieved from /home/airflow/.local/lib/python3.12/site-packages/airflow/example_dags/example_branch_operator.py
[2024-11-26T06:11:16.070+0000] {logging_mixin.py:188} INFO - [2024-11-26T06:11:16.070+0000] {dag.py:3096} INFO - Sync 1 DAGs
[2024-11-26T06:11:16.083+0000] {logging_mixin.py:188} INFO - [2024-11-26T06:11:16.083+0000] {dag.py:3954} INFO - Setting next_dagrun for example_branch_operator to 2024-11-25 00:00:00+00:00, run_after=2024-11-26 00:00:00+00:00
[2024-11-26T06:11:16.111+0000] {processor.py:183} INFO - Processing /home/airflow/.local/lib/python3.12/site-packages/airflow/example_dags/example_branch_operator.py took 0.074 seconds
[2024-11-26T06:11:46.683+0000] {processor.py:161} INFO - Started process (PID=484) to work on /home/airflow/.local/lib/python3.12/site-packages/airflow/example_dags/example_branch_operator.py
[2024-11-26T06:11:46.683+0000] {processor.py:830} INFO - Processing file /home/airflow/.local/lib/python3.12/site-packages/airflow/example_dags/example_branch_operator.py for tasks to queue
[2024-11-26T06:11:46.684+0000] {logging_mixin.py:188} INFO - [2024-11-26T06:11:46.684+0000] {dagbag.py:545} INFO - Filling up the DagBag from /home/airflow/.local/lib/python3.12/site-packages/airflow/example_dags/example_branch_operator.py
[2024-11-26T06:11:46.694+0000] {processor.py:840} INFO - DAG(s) 'example_branch_operator' retrieved from /home/airflow/.local/lib/python3.12/site-packages/airflow/example_dags/example_branch_operator.py
[2024-11-26T06:11:46.712+0000] {logging_mixin.py:188} INFO - [2024-11-26T06:11:46.712+0000] {dag.py:3096} INFO - Sync 1 DAGs
[2024-11-26T06:11:46.725+0000] {logging_mixin.py:188} INFO - [2024-11-26T06:11:46.725+0000] {dag.py:3954} INFO - Setting next_dagrun for example_branch_operator to 2024-11-25 00:00:00+00:00, run_after=2024-11-26 00:00:00+00:00
[2024-11-26T06:11:46.745+0000] {processor.py:183} INFO - Processing /home/airflow/.local/lib/python3.12/site-packages/airflow/example_dags/example_branch_operator.py took 0.066 seconds
[2024-11-26T06:12:17.056+0000] {processor.py:161} INFO - Started process (PID=546) to work on /home/airflow/.local/lib/python3.12/site-packages/airflow/example_dags/example_branch_operator.py
[2024-11-26T06:12:17.056+0000] {processor.py:830} INFO - Processing file /home/airflow/.local/lib/python3.12/site-packages/airflow/example_dags/example_branch_operator.py for tasks to queue
[2024-11-26T06:12:17.057+0000] {logging_mixin.py:188} INFO - [2024-11-26T06:12:17.057+0000] {dagbag.py:545} INFO - Filling up the DagBag from /home/airflow/.local/lib/python3.12/site-packages/airflow/example_dags/example_branch_operator.py
[2024-11-26T06:12:17.067+0000] {processor.py:840} INFO - DAG(s) 'example_branch_operator' retrieved from /home/airflow/.local/lib/python3.12/site-packages/airflow/example_dags/example_branch_operator.py
[2024-11-26T06:12:17.085+0000] {logging_mixin.py:188} INFO - [2024-11-26T06:12:17.085+0000] {dag.py:3096} INFO - Sync 1 DAGs
[2024-11-26T06:12:17.099+0000] {logging_mixin.py:188} INFO - [2024-11-26T06:12:17.099+0000] {dag.py:3954} INFO - Setting next_dagrun for example_branch_operator to 2024-11-25 00:00:00+00:00, run_after=2024-11-26 00:00:00+00:00
[2024-11-26T06:12:17.117+0000] {processor.py:183} INFO - Processing /home/airflow/.local/lib/python3.12/site-packages/airflow/example_dags/example_branch_operator.py took 0.066 seconds
[2024-11-26T06:12:47.568+0000] {processor.py:161} INFO - Started process (PID=609) to work on /home/airflow/.local/lib/python3.12/site-packages/airflow/example_dags/example_branch_operator.py
[2024-11-26T06:12:47.568+0000] {processor.py:830} INFO - Processing file /home/airflow/.local/lib/python3.12/site-packages/airflow/example_dags/example_branch_operator.py for tasks to queue
[2024-11-26T06:12:47.569+0000] {logging_mixin.py:188} INFO - [2024-11-26T06:12:47.569+0000] {dagbag.py:545} INFO - Filling up the DagBag from /home/airflow/.local/lib/python3.12/site-packages/airflow/example_dags/example_branch_operator.py
[2024-11-26T06:12:47.580+0000] {processor.py:840} INFO - DAG(s) 'example_branch_operator' retrieved from /home/airflow/.local/lib/python3.12/site-packages/airflow/example_dags/example_branch_operator.py
[2024-11-26T06:12:47.598+0000] {logging_mixin.py:188} INFO - [2024-11-26T06:12:47.598+0000] {dag.py:3096} INFO - Sync 1 DAGs
[2024-11-26T06:12:47.612+0000] {logging_mixin.py:188} INFO - [2024-11-26T06:12:47.612+0000] {dag.py:3954} INFO - Setting next_dagrun for example_branch_operator to 2024-11-25 00:00:00+00:00, run_after=2024-11-26 00:00:00+00:00
[2024-11-26T06:12:47.630+0000] {processor.py:183} INFO - Processing /home/airflow/.local/lib/python3.12/site-packages/airflow/example_dags/example_branch_operator.py took 0.066 seconds
[2024-11-26T06:13:17.876+0000] {processor.py:161} INFO - Started process (PID=672) to work on /home/airflow/.local/lib/python3.12/site-packages/airflow/example_dags/example_branch_operator.py
[2024-11-26T06:13:17.876+0000] {processor.py:830} INFO - Processing file /home/airflow/.local/lib/python3.12/site-packages/airflow/example_dags/example_branch_operator.py for tasks to queue
[2024-11-26T06:13:17.877+0000] {logging_mixin.py:188} INFO - [2024-11-26T06:13:17.877+0000] {dagbag.py:545} INFO - Filling up the DagBag from /home/airflow/.local/lib/python3.12/site-packages/airflow/example_dags/example_branch_operator.py
[2024-11-26T06:13:17.887+0000] {processor.py:840} INFO - DAG(s) 'example_branch_operator' retrieved from /home/airflow/.local/lib/python3.12/site-packages/airflow/example_dags/example_branch_operator.py
[2024-11-26T06:13:17.905+0000] {logging_mixin.py:188} INFO - [2024-11-26T06:13:17.905+0000] {dag.py:3096} INFO - Sync 1 DAGs
[2024-11-26T06:13:17.918+0000] {logging_mixin.py:188} INFO - [2024-11-26T06:13:17.918+0000] {dag.py:3954} INFO - Setting next_dagrun for example_branch_operator to 2024-11-25 00:00:00+00:00, run_after=2024-11-26 00:00:00+00:00
[2024-11-26T06:13:17.933+0000] {processor.py:183} INFO - Processing /home/airflow/.local/lib/python3.12/site-packages/airflow/example_dags/example_branch_operator.py took 0.061 seconds
