[2024-11-26T06:09:13.582+0000] {processor.py:161} INFO - Started process (PID=167) to work on /home/airflow/.local/lib/python3.12/site-packages/airflow/example_dags/example_params_trigger_ui.py
[2024-11-26T06:09:13.582+0000] {processor.py:830} INFO - Processing file /home/airflow/.local/lib/python3.12/site-packages/airflow/example_dags/example_params_trigger_ui.py for tasks to queue
[2024-11-26T06:09:13.583+0000] {logging_mixin.py:188} INFO - [2024-11-26T06:09:13.583+0000] {dagbag.py:545} INFO - Filling up the DagBag from /home/airflow/.local/lib/python3.12/site-packages/airflow/example_dags/example_params_trigger_ui.py
[2024-11-26T06:09:13.592+0000] {processor.py:840} INFO - DAG(s) 'example_params_trigger_ui' retrieved from /home/airflow/.local/lib/python3.12/site-packages/airflow/example_dags/example_params_trigger_ui.py
[2024-11-26T06:09:13.676+0000] {logging_mixin.py:188} INFO - [2024-11-26T06:09:13.675+0000] {dag.py:3096} INFO - Sync 1 DAGs
[2024-11-26T06:09:13.682+0000] {logging_mixin.py:188} INFO - [2024-11-26T06:09:13.682+0000] {dag.py:3954} INFO - Setting next_dagrun for example_params_trigger_ui to None, run_after=None
[2024-11-26T06:09:13.694+0000] {processor.py:183} INFO - Processing /home/airflow/.local/lib/python3.12/site-packages/airflow/example_dags/example_params_trigger_ui.py took 0.116 seconds
[2024-11-26T06:09:44.157+0000] {processor.py:161} INFO - Started process (PID=230) to work on /home/airflow/.local/lib/python3.12/site-packages/airflow/example_dags/example_params_trigger_ui.py
[2024-11-26T06:09:44.158+0000] {processor.py:830} INFO - Processing file /home/airflow/.local/lib/python3.12/site-packages/airflow/example_dags/example_params_trigger_ui.py for tasks to queue
[2024-11-26T06:09:44.159+0000] {logging_mixin.py:188} INFO - [2024-11-26T06:09:44.159+0000] {dagbag.py:545} INFO - Filling up the DagBag from /home/airflow/.local/lib/python3.12/site-packages/airflow/example_dags/example_params_trigger_ui.py
[2024-11-26T06:09:44.168+0000] {processor.py:840} INFO - DAG(s) 'example_params_trigger_ui' retrieved from /home/airflow/.local/lib/python3.12/site-packages/airflow/example_dags/example_params_trigger_ui.py
[2024-11-26T06:09:44.197+0000] {logging_mixin.py:188} INFO - [2024-11-26T06:09:44.197+0000] {dag.py:3096} INFO - Sync 1 DAGs
[2024-11-26T06:09:44.206+0000] {logging_mixin.py:188} INFO - [2024-11-26T06:09:44.206+0000] {dag.py:3954} INFO - Setting next_dagrun for example_params_trigger_ui to None, run_after=None
[2024-11-26T06:09:44.218+0000] {processor.py:183} INFO - Processing /home/airflow/.local/lib/python3.12/site-packages/airflow/example_dags/example_params_trigger_ui.py took 0.064 seconds
[2024-11-26T06:10:14.749+0000] {processor.py:161} INFO - Started process (PID=293) to work on /home/airflow/.local/lib/python3.12/site-packages/airflow/example_dags/example_params_trigger_ui.py
[2024-11-26T06:10:14.750+0000] {processor.py:830} INFO - Processing file /home/airflow/.local/lib/python3.12/site-packages/airflow/example_dags/example_params_trigger_ui.py for tasks to queue
[2024-11-26T06:10:14.751+0000] {logging_mixin.py:188} INFO - [2024-11-26T06:10:14.751+0000] {dagbag.py:545} INFO - Filling up the DagBag from /home/airflow/.local/lib/python3.12/site-packages/airflow/example_dags/example_params_trigger_ui.py
[2024-11-26T06:10:14.760+0000] {processor.py:840} INFO - DAG(s) 'example_params_trigger_ui' retrieved from /home/airflow/.local/lib/python3.12/site-packages/airflow/example_dags/example_params_trigger_ui.py
[2024-11-26T06:10:14.788+0000] {logging_mixin.py:188} INFO - [2024-11-26T06:10:14.788+0000] {dag.py:3096} INFO - Sync 1 DAGs
[2024-11-26T06:10:14.796+0000] {logging_mixin.py:188} INFO - [2024-11-26T06:10:14.796+0000] {dag.py:3954} INFO - Setting next_dagrun for example_params_trigger_ui to None, run_after=None
[2024-11-26T06:10:14.853+0000] {processor.py:183} INFO - Processing /home/airflow/.local/lib/python3.12/site-packages/airflow/example_dags/example_params_trigger_ui.py took 0.108 seconds
[2024-11-26T06:10:45.425+0000] {processor.py:161} INFO - Started process (PID=356) to work on /home/airflow/.local/lib/python3.12/site-packages/airflow/example_dags/example_params_trigger_ui.py
[2024-11-26T06:10:45.425+0000] {processor.py:830} INFO - Processing file /home/airflow/.local/lib/python3.12/site-packages/airflow/example_dags/example_params_trigger_ui.py for tasks to queue
[2024-11-26T06:10:45.426+0000] {logging_mixin.py:188} INFO - [2024-11-26T06:10:45.426+0000] {dagbag.py:545} INFO - Filling up the DagBag from /home/airflow/.local/lib/python3.12/site-packages/airflow/example_dags/example_params_trigger_ui.py
[2024-11-26T06:10:45.435+0000] {processor.py:840} INFO - DAG(s) 'example_params_trigger_ui' retrieved from /home/airflow/.local/lib/python3.12/site-packages/airflow/example_dags/example_params_trigger_ui.py
[2024-11-26T06:10:45.463+0000] {logging_mixin.py:188} INFO - [2024-11-26T06:10:45.463+0000] {dag.py:3096} INFO - Sync 1 DAGs
[2024-11-26T06:10:45.471+0000] {logging_mixin.py:188} INFO - [2024-11-26T06:10:45.471+0000] {dag.py:3954} INFO - Setting next_dagrun for example_params_trigger_ui to None, run_after=None
[2024-11-26T06:10:45.486+0000] {processor.py:183} INFO - Processing /home/airflow/.local/lib/python3.12/site-packages/airflow/example_dags/example_params_trigger_ui.py took 0.065 seconds
[2024-11-26T06:11:15.977+0000] {processor.py:161} INFO - Started process (PID=419) to work on /home/airflow/.local/lib/python3.12/site-packages/airflow/example_dags/example_params_trigger_ui.py
[2024-11-26T06:11:15.978+0000] {processor.py:830} INFO - Processing file /home/airflow/.local/lib/python3.12/site-packages/airflow/example_dags/example_params_trigger_ui.py for tasks to queue
[2024-11-26T06:11:15.979+0000] {logging_mixin.py:188} INFO - [2024-11-26T06:11:15.979+0000] {dagbag.py:545} INFO - Filling up the DagBag from /home/airflow/.local/lib/python3.12/site-packages/airflow/example_dags/example_params_trigger_ui.py
[2024-11-26T06:11:15.987+0000] {processor.py:840} INFO - DAG(s) 'example_params_trigger_ui' retrieved from /home/airflow/.local/lib/python3.12/site-packages/airflow/example_dags/example_params_trigger_ui.py
[2024-11-26T06:11:16.016+0000] {logging_mixin.py:188} INFO - [2024-11-26T06:11:16.015+0000] {dag.py:3096} INFO - Sync 1 DAGs
[2024-11-26T06:11:16.023+0000] {logging_mixin.py:188} INFO - [2024-11-26T06:11:16.023+0000] {dag.py:3954} INFO - Setting next_dagrun for example_params_trigger_ui to None, run_after=None
[2024-11-26T06:11:16.040+0000] {processor.py:183} INFO - Processing /home/airflow/.local/lib/python3.12/site-packages/airflow/example_dags/example_params_trigger_ui.py took 0.067 seconds
[2024-11-26T06:11:46.601+0000] {processor.py:161} INFO - Started process (PID=482) to work on /home/airflow/.local/lib/python3.12/site-packages/airflow/example_dags/example_params_trigger_ui.py
[2024-11-26T06:11:46.601+0000] {processor.py:830} INFO - Processing file /home/airflow/.local/lib/python3.12/site-packages/airflow/example_dags/example_params_trigger_ui.py for tasks to queue
[2024-11-26T06:11:46.603+0000] {logging_mixin.py:188} INFO - [2024-11-26T06:11:46.602+0000] {dagbag.py:545} INFO - Filling up the DagBag from /home/airflow/.local/lib/python3.12/site-packages/airflow/example_dags/example_params_trigger_ui.py
[2024-11-26T06:11:46.611+0000] {processor.py:840} INFO - DAG(s) 'example_params_trigger_ui' retrieved from /home/airflow/.local/lib/python3.12/site-packages/airflow/example_dags/example_params_trigger_ui.py
[2024-11-26T06:11:46.639+0000] {logging_mixin.py:188} INFO - [2024-11-26T06:11:46.639+0000] {dag.py:3096} INFO - Sync 1 DAGs
[2024-11-26T06:11:46.647+0000] {logging_mixin.py:188} INFO - [2024-11-26T06:11:46.647+0000] {dag.py:3954} INFO - Setting next_dagrun for example_params_trigger_ui to None, run_after=None
[2024-11-26T06:11:46.664+0000] {processor.py:183} INFO - Processing /home/airflow/.local/lib/python3.12/site-packages/airflow/example_dags/example_params_trigger_ui.py took 0.067 seconds
[2024-11-26T06:12:17.004+0000] {processor.py:161} INFO - Started process (PID=545) to work on /home/airflow/.local/lib/python3.12/site-packages/airflow/example_dags/example_params_trigger_ui.py
[2024-11-26T06:12:17.005+0000] {processor.py:830} INFO - Processing file /home/airflow/.local/lib/python3.12/site-packages/airflow/example_dags/example_params_trigger_ui.py for tasks to queue
[2024-11-26T06:12:17.006+0000] {logging_mixin.py:188} INFO - [2024-11-26T06:12:17.005+0000] {dagbag.py:545} INFO - Filling up the DagBag from /home/airflow/.local/lib/python3.12/site-packages/airflow/example_dags/example_params_trigger_ui.py
[2024-11-26T06:12:17.014+0000] {processor.py:840} INFO - DAG(s) 'example_params_trigger_ui' retrieved from /home/airflow/.local/lib/python3.12/site-packages/airflow/example_dags/example_params_trigger_ui.py
[2024-11-26T06:12:17.042+0000] {logging_mixin.py:188} INFO - [2024-11-26T06:12:17.042+0000] {dag.py:3096} INFO - Sync 1 DAGs
[2024-11-26T06:12:17.050+0000] {logging_mixin.py:188} INFO - [2024-11-26T06:12:17.050+0000] {dag.py:3954} INFO - Setting next_dagrun for example_params_trigger_ui to None, run_after=None
[2024-11-26T06:12:17.067+0000] {processor.py:183} INFO - Processing /home/airflow/.local/lib/python3.12/site-packages/airflow/example_dags/example_params_trigger_ui.py took 0.066 seconds
[2024-11-26T06:12:47.489+0000] {processor.py:161} INFO - Started process (PID=608) to work on /home/airflow/.local/lib/python3.12/site-packages/airflow/example_dags/example_params_trigger_ui.py
[2024-11-26T06:12:47.490+0000] {processor.py:830} INFO - Processing file /home/airflow/.local/lib/python3.12/site-packages/airflow/example_dags/example_params_trigger_ui.py for tasks to queue
[2024-11-26T06:12:47.491+0000] {logging_mixin.py:188} INFO - [2024-11-26T06:12:47.491+0000] {dagbag.py:545} INFO - Filling up the DagBag from /home/airflow/.local/lib/python3.12/site-packages/airflow/example_dags/example_params_trigger_ui.py
[2024-11-26T06:12:47.500+0000] {processor.py:840} INFO - DAG(s) 'example_params_trigger_ui' retrieved from /home/airflow/.local/lib/python3.12/site-packages/airflow/example_dags/example_params_trigger_ui.py
[2024-11-26T06:12:47.528+0000] {logging_mixin.py:188} INFO - [2024-11-26T06:12:47.528+0000] {dag.py:3096} INFO - Sync 1 DAGs
[2024-11-26T06:12:47.537+0000] {logging_mixin.py:188} INFO - [2024-11-26T06:12:47.537+0000] {dag.py:3954} INFO - Setting next_dagrun for example_params_trigger_ui to None, run_after=None
[2024-11-26T06:12:47.549+0000] {processor.py:183} INFO - Processing /home/airflow/.local/lib/python3.12/site-packages/airflow/example_dags/example_params_trigger_ui.py took 0.064 seconds
[2024-11-26T06:13:17.788+0000] {processor.py:161} INFO - Started process (PID=670) to work on /home/airflow/.local/lib/python3.12/site-packages/airflow/example_dags/example_params_trigger_ui.py
[2024-11-26T06:13:17.788+0000] {processor.py:830} INFO - Processing file /home/airflow/.local/lib/python3.12/site-packages/airflow/example_dags/example_params_trigger_ui.py for tasks to queue
[2024-11-26T06:13:17.789+0000] {logging_mixin.py:188} INFO - [2024-11-26T06:13:17.789+0000] {dagbag.py:545} INFO - Filling up the DagBag from /home/airflow/.local/lib/python3.12/site-packages/airflow/example_dags/example_params_trigger_ui.py
[2024-11-26T06:13:17.797+0000] {processor.py:840} INFO - DAG(s) 'example_params_trigger_ui' retrieved from /home/airflow/.local/lib/python3.12/site-packages/airflow/example_dags/example_params_trigger_ui.py
[2024-11-26T06:13:17.825+0000] {logging_mixin.py:188} INFO - [2024-11-26T06:13:17.825+0000] {dag.py:3096} INFO - Sync 1 DAGs
[2024-11-26T06:13:17.833+0000] {logging_mixin.py:188} INFO - [2024-11-26T06:13:17.833+0000] {dag.py:3954} INFO - Setting next_dagrun for example_params_trigger_ui to None, run_after=None
[2024-11-26T06:13:17.852+0000] {processor.py:183} INFO - Processing /home/airflow/.local/lib/python3.12/site-packages/airflow/example_dags/example_params_trigger_ui.py took 0.068 seconds
