[2024-11-26T06:09:09.584+0000] {processor.py:161} INFO - Started process (PID=123) to work on /home/airflow/.local/lib/python3.12/site-packages/airflow/example_dags/example_branch_day_of_week_operator.py
[2024-11-26T06:09:09.584+0000] {processor.py:830} INFO - Processing file /home/airflow/.local/lib/python3.12/site-packages/airflow/example_dags/example_branch_day_of_week_operator.py for tasks to queue
[2024-11-26T06:09:09.585+0000] {logging_mixin.py:188} INFO - [2024-11-26T06:09:09.585+0000] {dagbag.py:545} INFO - Filling up the DagBag from /home/airflow/.local/lib/python3.12/site-packages/airflow/example_dags/example_branch_day_of_week_operator.py
[2024-11-26T06:09:09.592+0000] {processor.py:840} INFO - DAG(s) 'example_weekday_branch_operator' retrieved from /home/airflow/.local/lib/python3.12/site-packages/airflow/example_dags/example_branch_day_of_week_operator.py
[2024-11-26T06:09:09.665+0000] {logging_mixin.py:188} INFO - [2024-11-26T06:09:09.665+0000] {dag.py:3096} INFO - Sync 1 DAGs
[2024-11-26T06:09:09.677+0000] {logging_mixin.py:188} INFO - [2024-11-26T06:09:09.677+0000] {dag.py:3954} INFO - Setting next_dagrun for example_weekday_branch_operator to 2024-11-25 00:00:00+00:00, run_after=2024-11-26 00:00:00+00:00
[2024-11-26T06:09:09.720+0000] {processor.py:183} INFO - Processing /home/airflow/.local/lib/python3.12/site-packages/airflow/example_dags/example_branch_day_of_week_operator.py took 0.140 seconds
[2024-11-26T06:09:39.956+0000] {processor.py:161} INFO - Started process (PID=183) to work on /home/airflow/.local/lib/python3.12/site-packages/airflow/example_dags/example_branch_day_of_week_operator.py
[2024-11-26T06:09:39.956+0000] {processor.py:830} INFO - Processing file /home/airflow/.local/lib/python3.12/site-packages/airflow/example_dags/example_branch_day_of_week_operator.py for tasks to queue
[2024-11-26T06:09:39.957+0000] {logging_mixin.py:188} INFO - [2024-11-26T06:09:39.957+0000] {dagbag.py:545} INFO - Filling up the DagBag from /home/airflow/.local/lib/python3.12/site-packages/airflow/example_dags/example_branch_day_of_week_operator.py
[2024-11-26T06:09:39.962+0000] {processor.py:840} INFO - DAG(s) 'example_weekday_branch_operator' retrieved from /home/airflow/.local/lib/python3.12/site-packages/airflow/example_dags/example_branch_day_of_week_operator.py
[2024-11-26T06:09:39.975+0000] {logging_mixin.py:188} INFO - [2024-11-26T06:09:39.975+0000] {dag.py:3096} INFO - Sync 1 DAGs
[2024-11-26T06:09:39.989+0000] {logging_mixin.py:188} INFO - [2024-11-26T06:09:39.988+0000] {dag.py:3954} INFO - Setting next_dagrun for example_weekday_branch_operator to 2024-11-25 00:00:00+00:00, run_after=2024-11-26 00:00:00+00:00
[2024-11-26T06:09:40.006+0000] {processor.py:183} INFO - Processing /home/airflow/.local/lib/python3.12/site-packages/airflow/example_dags/example_branch_day_of_week_operator.py took 0.054 seconds
[2024-11-26T06:10:11.159+0000] {processor.py:161} INFO - Started process (PID=249) to work on /home/airflow/.local/lib/python3.12/site-packages/airflow/example_dags/example_branch_day_of_week_operator.py
[2024-11-26T06:10:11.169+0000] {processor.py:830} INFO - Processing file /home/airflow/.local/lib/python3.12/site-packages/airflow/example_dags/example_branch_day_of_week_operator.py for tasks to queue
[2024-11-26T06:10:11.170+0000] {logging_mixin.py:188} INFO - [2024-11-26T06:10:11.170+0000] {dagbag.py:545} INFO - Filling up the DagBag from /home/airflow/.local/lib/python3.12/site-packages/airflow/example_dags/example_branch_day_of_week_operator.py
[2024-11-26T06:10:11.175+0000] {processor.py:840} INFO - DAG(s) 'example_weekday_branch_operator' retrieved from /home/airflow/.local/lib/python3.12/site-packages/airflow/example_dags/example_branch_day_of_week_operator.py
[2024-11-26T06:10:11.188+0000] {logging_mixin.py:188} INFO - [2024-11-26T06:10:11.188+0000] {dag.py:3096} INFO - Sync 1 DAGs
[2024-11-26T06:10:11.201+0000] {logging_mixin.py:188} INFO - [2024-11-26T06:10:11.201+0000] {dag.py:3954} INFO - Setting next_dagrun for example_weekday_branch_operator to 2024-11-25 00:00:00+00:00, run_after=2024-11-26 00:00:00+00:00
[2024-11-26T06:10:11.216+0000] {processor.py:183} INFO - Processing /home/airflow/.local/lib/python3.12/site-packages/airflow/example_dags/example_branch_day_of_week_operator.py took 0.061 seconds
[2024-11-26T06:10:41.751+0000] {processor.py:161} INFO - Started process (PID=312) to work on /home/airflow/.local/lib/python3.12/site-packages/airflow/example_dags/example_branch_day_of_week_operator.py
[2024-11-26T06:10:41.752+0000] {processor.py:830} INFO - Processing file /home/airflow/.local/lib/python3.12/site-packages/airflow/example_dags/example_branch_day_of_week_operator.py for tasks to queue
[2024-11-26T06:10:41.753+0000] {logging_mixin.py:188} INFO - [2024-11-26T06:10:41.753+0000] {dagbag.py:545} INFO - Filling up the DagBag from /home/airflow/.local/lib/python3.12/site-packages/airflow/example_dags/example_branch_day_of_week_operator.py
[2024-11-26T06:10:41.758+0000] {processor.py:840} INFO - DAG(s) 'example_weekday_branch_operator' retrieved from /home/airflow/.local/lib/python3.12/site-packages/airflow/example_dags/example_branch_day_of_week_operator.py
[2024-11-26T06:10:41.771+0000] {logging_mixin.py:188} INFO - [2024-11-26T06:10:41.771+0000] {dag.py:3096} INFO - Sync 1 DAGs
[2024-11-26T06:10:41.784+0000] {logging_mixin.py:188} INFO - [2024-11-26T06:10:41.784+0000] {dag.py:3954} INFO - Setting next_dagrun for example_weekday_branch_operator to 2024-11-25 00:00:00+00:00, run_after=2024-11-26 00:00:00+00:00
[2024-11-26T06:10:41.799+0000] {processor.py:183} INFO - Processing /home/airflow/.local/lib/python3.12/site-packages/airflow/example_dags/example_branch_day_of_week_operator.py took 0.052 seconds
[2024-11-26T06:11:12.415+0000] {processor.py:161} INFO - Started process (PID=375) to work on /home/airflow/.local/lib/python3.12/site-packages/airflow/example_dags/example_branch_day_of_week_operator.py
[2024-11-26T06:11:12.416+0000] {processor.py:830} INFO - Processing file /home/airflow/.local/lib/python3.12/site-packages/airflow/example_dags/example_branch_day_of_week_operator.py for tasks to queue
[2024-11-26T06:11:12.417+0000] {logging_mixin.py:188} INFO - [2024-11-26T06:11:12.417+0000] {dagbag.py:545} INFO - Filling up the DagBag from /home/airflow/.local/lib/python3.12/site-packages/airflow/example_dags/example_branch_day_of_week_operator.py
[2024-11-26T06:11:12.423+0000] {processor.py:840} INFO - DAG(s) 'example_weekday_branch_operator' retrieved from /home/airflow/.local/lib/python3.12/site-packages/airflow/example_dags/example_branch_day_of_week_operator.py
[2024-11-26T06:11:12.436+0000] {logging_mixin.py:188} INFO - [2024-11-26T06:11:12.436+0000] {dag.py:3096} INFO - Sync 1 DAGs
[2024-11-26T06:11:12.451+0000] {logging_mixin.py:188} INFO - [2024-11-26T06:11:12.450+0000] {dag.py:3954} INFO - Setting next_dagrun for example_weekday_branch_operator to 2024-11-25 00:00:00+00:00, run_after=2024-11-26 00:00:00+00:00
[2024-11-26T06:11:12.465+0000] {processor.py:183} INFO - Processing /home/airflow/.local/lib/python3.12/site-packages/airflow/example_dags/example_branch_day_of_week_operator.py took 0.053 seconds
[2024-11-26T06:11:42.962+0000] {processor.py:161} INFO - Started process (PID=438) to work on /home/airflow/.local/lib/python3.12/site-packages/airflow/example_dags/example_branch_day_of_week_operator.py
[2024-11-26T06:11:42.963+0000] {processor.py:830} INFO - Processing file /home/airflow/.local/lib/python3.12/site-packages/airflow/example_dags/example_branch_day_of_week_operator.py for tasks to queue
[2024-11-26T06:11:42.964+0000] {logging_mixin.py:188} INFO - [2024-11-26T06:11:42.964+0000] {dagbag.py:545} INFO - Filling up the DagBag from /home/airflow/.local/lib/python3.12/site-packages/airflow/example_dags/example_branch_day_of_week_operator.py
[2024-11-26T06:11:42.969+0000] {processor.py:840} INFO - DAG(s) 'example_weekday_branch_operator' retrieved from /home/airflow/.local/lib/python3.12/site-packages/airflow/example_dags/example_branch_day_of_week_operator.py
[2024-11-26T06:11:42.981+0000] {logging_mixin.py:188} INFO - [2024-11-26T06:11:42.981+0000] {dag.py:3096} INFO - Sync 1 DAGs
[2024-11-26T06:11:42.995+0000] {logging_mixin.py:188} INFO - [2024-11-26T06:11:42.994+0000] {dag.py:3954} INFO - Setting next_dagrun for example_weekday_branch_operator to 2024-11-25 00:00:00+00:00, run_after=2024-11-26 00:00:00+00:00
[2024-11-26T06:11:43.008+0000] {processor.py:183} INFO - Processing /home/airflow/.local/lib/python3.12/site-packages/airflow/example_dags/example_branch_day_of_week_operator.py took 0.049 seconds
[2024-11-26T06:12:13.374+0000] {processor.py:161} INFO - Started process (PID=501) to work on /home/airflow/.local/lib/python3.12/site-packages/airflow/example_dags/example_branch_day_of_week_operator.py
[2024-11-26T06:12:13.375+0000] {processor.py:830} INFO - Processing file /home/airflow/.local/lib/python3.12/site-packages/airflow/example_dags/example_branch_day_of_week_operator.py for tasks to queue
[2024-11-26T06:12:13.376+0000] {logging_mixin.py:188} INFO - [2024-11-26T06:12:13.376+0000] {dagbag.py:545} INFO - Filling up the DagBag from /home/airflow/.local/lib/python3.12/site-packages/airflow/example_dags/example_branch_day_of_week_operator.py
[2024-11-26T06:12:13.381+0000] {processor.py:840} INFO - DAG(s) 'example_weekday_branch_operator' retrieved from /home/airflow/.local/lib/python3.12/site-packages/airflow/example_dags/example_branch_day_of_week_operator.py
[2024-11-26T06:12:13.394+0000] {logging_mixin.py:188} INFO - [2024-11-26T06:12:13.394+0000] {dag.py:3096} INFO - Sync 1 DAGs
[2024-11-26T06:12:13.408+0000] {logging_mixin.py:188} INFO - [2024-11-26T06:12:13.407+0000] {dag.py:3954} INFO - Setting next_dagrun for example_weekday_branch_operator to 2024-11-25 00:00:00+00:00, run_after=2024-11-26 00:00:00+00:00
[2024-11-26T06:12:13.420+0000] {processor.py:183} INFO - Processing /home/airflow/.local/lib/python3.12/site-packages/airflow/example_dags/example_branch_day_of_week_operator.py took 0.050 seconds
[2024-11-26T06:12:43.782+0000] {processor.py:161} INFO - Started process (PID=563) to work on /home/airflow/.local/lib/python3.12/site-packages/airflow/example_dags/example_branch_day_of_week_operator.py
[2024-11-26T06:12:43.782+0000] {processor.py:830} INFO - Processing file /home/airflow/.local/lib/python3.12/site-packages/airflow/example_dags/example_branch_day_of_week_operator.py for tasks to queue
[2024-11-26T06:12:43.783+0000] {logging_mixin.py:188} INFO - [2024-11-26T06:12:43.783+0000] {dagbag.py:545} INFO - Filling up the DagBag from /home/airflow/.local/lib/python3.12/site-packages/airflow/example_dags/example_branch_day_of_week_operator.py
[2024-11-26T06:12:43.788+0000] {processor.py:840} INFO - DAG(s) 'example_weekday_branch_operator' retrieved from /home/airflow/.local/lib/python3.12/site-packages/airflow/example_dags/example_branch_day_of_week_operator.py
[2024-11-26T06:12:43.801+0000] {logging_mixin.py:188} INFO - [2024-11-26T06:12:43.801+0000] {dag.py:3096} INFO - Sync 1 DAGs
[2024-11-26T06:12:43.814+0000] {logging_mixin.py:188} INFO - [2024-11-26T06:12:43.814+0000] {dag.py:3954} INFO - Setting next_dagrun for example_weekday_branch_operator to 2024-11-25 00:00:00+00:00, run_after=2024-11-26 00:00:00+00:00
[2024-11-26T06:12:43.832+0000] {processor.py:183} INFO - Processing /home/airflow/.local/lib/python3.12/site-packages/airflow/example_dags/example_branch_day_of_week_operator.py took 0.054 seconds
[2024-11-26T06:13:13.910+0000] {processor.py:161} INFO - Started process (PID=625) to work on /home/airflow/.local/lib/python3.12/site-packages/airflow/example_dags/example_branch_day_of_week_operator.py
[2024-11-26T06:13:13.911+0000] {processor.py:830} INFO - Processing file /home/airflow/.local/lib/python3.12/site-packages/airflow/example_dags/example_branch_day_of_week_operator.py for tasks to queue
[2024-11-26T06:13:13.912+0000] {logging_mixin.py:188} INFO - [2024-11-26T06:13:13.911+0000] {dagbag.py:545} INFO - Filling up the DagBag from /home/airflow/.local/lib/python3.12/site-packages/airflow/example_dags/example_branch_day_of_week_operator.py
[2024-11-26T06:13:13.916+0000] {processor.py:840} INFO - DAG(s) 'example_weekday_branch_operator' retrieved from /home/airflow/.local/lib/python3.12/site-packages/airflow/example_dags/example_branch_day_of_week_operator.py
[2024-11-26T06:13:13.929+0000] {logging_mixin.py:188} INFO - [2024-11-26T06:13:13.929+0000] {dag.py:3096} INFO - Sync 1 DAGs
[2024-11-26T06:13:13.943+0000] {logging_mixin.py:188} INFO - [2024-11-26T06:13:13.943+0000] {dag.py:3954} INFO - Setting next_dagrun for example_weekday_branch_operator to 2024-11-25 00:00:00+00:00, run_after=2024-11-26 00:00:00+00:00
[2024-11-26T06:13:13.973+0000] {processor.py:183} INFO - Processing /home/airflow/.local/lib/python3.12/site-packages/airflow/example_dags/example_branch_day_of_week_operator.py took 0.067 seconds
