[2024-11-26T06:09:10.805+0000] {processor.py:161} INFO - Started process (PID=134) to work on /home/airflow/.local/lib/python3.12/site-packages/airflow/example_dags/example_task_group.py
[2024-11-26T06:09:10.805+0000] {processor.py:830} INFO - Processing file /home/airflow/.local/lib/python3.12/site-packages/airflow/example_dags/example_task_group.py for tasks to queue
[2024-11-26T06:09:10.806+0000] {logging_mixin.py:188} INFO - [2024-11-26T06:09:10.806+0000] {dagbag.py:545} INFO - Filling up the DagBag from /home/airflow/.local/lib/python3.12/site-packages/airflow/example_dags/example_task_group.py
[2024-11-26T06:09:10.814+0000] {processor.py:840} INFO - DAG(s) 'example_task_group' retrieved from /home/airflow/.local/lib/python3.12/site-packages/airflow/example_dags/example_task_group.py
[2024-11-26T06:09:10.882+0000] {logging_mixin.py:188} INFO - [2024-11-26T06:09:10.882+0000] {dag.py:3096} INFO - Sync 1 DAGs
[2024-11-26T06:09:10.895+0000] {logging_mixin.py:188} INFO - [2024-11-26T06:09:10.895+0000] {dag.py:3954} INFO - Setting next_dagrun for example_task_group to 2024-11-25 00:00:00+00:00, run_after=2024-11-26 00:00:00+00:00
[2024-11-26T06:09:10.916+0000] {processor.py:183} INFO - Processing /home/airflow/.local/lib/python3.12/site-packages/airflow/example_dags/example_task_group.py took 0.115 seconds
[2024-11-26T06:09:40.943+0000] {processor.py:161} INFO - Started process (PID=197) to work on /home/airflow/.local/lib/python3.12/site-packages/airflow/example_dags/example_task_group.py
[2024-11-26T06:09:40.951+0000] {processor.py:830} INFO - Processing file /home/airflow/.local/lib/python3.12/site-packages/airflow/example_dags/example_task_group.py for tasks to queue
[2024-11-26T06:09:40.952+0000] {logging_mixin.py:188} INFO - [2024-11-26T06:09:40.952+0000] {dagbag.py:545} INFO - Filling up the DagBag from /home/airflow/.local/lib/python3.12/site-packages/airflow/example_dags/example_task_group.py
[2024-11-26T06:09:40.957+0000] {processor.py:840} INFO - DAG(s) 'example_task_group' retrieved from /home/airflow/.local/lib/python3.12/site-packages/airflow/example_dags/example_task_group.py
[2024-11-26T06:09:40.970+0000] {logging_mixin.py:188} INFO - [2024-11-26T06:09:40.969+0000] {dag.py:3096} INFO - Sync 1 DAGs
[2024-11-26T06:09:40.983+0000] {logging_mixin.py:188} INFO - [2024-11-26T06:09:40.983+0000] {dag.py:3954} INFO - Setting next_dagrun for example_task_group to 2024-11-25 00:00:00+00:00, run_after=2024-11-26 00:00:00+00:00
[2024-11-26T06:09:40.995+0000] {processor.py:183} INFO - Processing /home/airflow/.local/lib/python3.12/site-packages/airflow/example_dags/example_task_group.py took 0.056 seconds
[2024-11-26T06:10:11.546+0000] {processor.py:161} INFO - Started process (PID=260) to work on /home/airflow/.local/lib/python3.12/site-packages/airflow/example_dags/example_task_group.py
[2024-11-26T06:10:11.546+0000] {processor.py:830} INFO - Processing file /home/airflow/.local/lib/python3.12/site-packages/airflow/example_dags/example_task_group.py for tasks to queue
[2024-11-26T06:10:11.547+0000] {logging_mixin.py:188} INFO - [2024-11-26T06:10:11.547+0000] {dagbag.py:545} INFO - Filling up the DagBag from /home/airflow/.local/lib/python3.12/site-packages/airflow/example_dags/example_task_group.py
[2024-11-26T06:10:11.551+0000] {processor.py:840} INFO - DAG(s) 'example_task_group' retrieved from /home/airflow/.local/lib/python3.12/site-packages/airflow/example_dags/example_task_group.py
[2024-11-26T06:10:11.564+0000] {logging_mixin.py:188} INFO - [2024-11-26T06:10:11.564+0000] {dag.py:3096} INFO - Sync 1 DAGs
[2024-11-26T06:10:11.578+0000] {logging_mixin.py:188} INFO - [2024-11-26T06:10:11.578+0000] {dag.py:3954} INFO - Setting next_dagrun for example_task_group to 2024-11-25 00:00:00+00:00, run_after=2024-11-26 00:00:00+00:00
[2024-11-26T06:10:11.590+0000] {processor.py:183} INFO - Processing /home/airflow/.local/lib/python3.12/site-packages/airflow/example_dags/example_task_group.py took 0.047 seconds
[2024-11-26T06:10:42.171+0000] {processor.py:161} INFO - Started process (PID=323) to work on /home/airflow/.local/lib/python3.12/site-packages/airflow/example_dags/example_task_group.py
[2024-11-26T06:10:42.171+0000] {processor.py:830} INFO - Processing file /home/airflow/.local/lib/python3.12/site-packages/airflow/example_dags/example_task_group.py for tasks to queue
[2024-11-26T06:10:42.172+0000] {logging_mixin.py:188} INFO - [2024-11-26T06:10:42.172+0000] {dagbag.py:545} INFO - Filling up the DagBag from /home/airflow/.local/lib/python3.12/site-packages/airflow/example_dags/example_task_group.py
[2024-11-26T06:10:42.177+0000] {processor.py:840} INFO - DAG(s) 'example_task_group' retrieved from /home/airflow/.local/lib/python3.12/site-packages/airflow/example_dags/example_task_group.py
[2024-11-26T06:10:42.190+0000] {logging_mixin.py:188} INFO - [2024-11-26T06:10:42.190+0000] {dag.py:3096} INFO - Sync 1 DAGs
[2024-11-26T06:10:42.202+0000] {logging_mixin.py:188} INFO - [2024-11-26T06:10:42.202+0000] {dag.py:3954} INFO - Setting next_dagrun for example_task_group to 2024-11-25 00:00:00+00:00, run_after=2024-11-26 00:00:00+00:00
[2024-11-26T06:10:42.214+0000] {processor.py:183} INFO - Processing /home/airflow/.local/lib/python3.12/site-packages/airflow/example_dags/example_task_group.py took 0.047 seconds
[2024-11-26T06:11:12.826+0000] {processor.py:161} INFO - Started process (PID=386) to work on /home/airflow/.local/lib/python3.12/site-packages/airflow/example_dags/example_task_group.py
[2024-11-26T06:11:12.826+0000] {processor.py:830} INFO - Processing file /home/airflow/.local/lib/python3.12/site-packages/airflow/example_dags/example_task_group.py for tasks to queue
[2024-11-26T06:11:12.827+0000] {logging_mixin.py:188} INFO - [2024-11-26T06:11:12.827+0000] {dagbag.py:545} INFO - Filling up the DagBag from /home/airflow/.local/lib/python3.12/site-packages/airflow/example_dags/example_task_group.py
[2024-11-26T06:11:12.832+0000] {processor.py:840} INFO - DAG(s) 'example_task_group' retrieved from /home/airflow/.local/lib/python3.12/site-packages/airflow/example_dags/example_task_group.py
[2024-11-26T06:11:12.845+0000] {logging_mixin.py:188} INFO - [2024-11-26T06:11:12.845+0000] {dag.py:3096} INFO - Sync 1 DAGs
[2024-11-26T06:11:12.858+0000] {logging_mixin.py:188} INFO - [2024-11-26T06:11:12.858+0000] {dag.py:3954} INFO - Setting next_dagrun for example_task_group to 2024-11-25 00:00:00+00:00, run_after=2024-11-26 00:00:00+00:00
[2024-11-26T06:11:12.879+0000] {processor.py:183} INFO - Processing /home/airflow/.local/lib/python3.12/site-packages/airflow/example_dags/example_task_group.py took 0.057 seconds
[2024-11-26T06:11:43.420+0000] {processor.py:161} INFO - Started process (PID=449) to work on /home/airflow/.local/lib/python3.12/site-packages/airflow/example_dags/example_task_group.py
[2024-11-26T06:11:43.420+0000] {processor.py:830} INFO - Processing file /home/airflow/.local/lib/python3.12/site-packages/airflow/example_dags/example_task_group.py for tasks to queue
[2024-11-26T06:11:43.421+0000] {logging_mixin.py:188} INFO - [2024-11-26T06:11:43.421+0000] {dagbag.py:545} INFO - Filling up the DagBag from /home/airflow/.local/lib/python3.12/site-packages/airflow/example_dags/example_task_group.py
[2024-11-26T06:11:43.426+0000] {processor.py:840} INFO - DAG(s) 'example_task_group' retrieved from /home/airflow/.local/lib/python3.12/site-packages/airflow/example_dags/example_task_group.py
[2024-11-26T06:11:43.439+0000] {logging_mixin.py:188} INFO - [2024-11-26T06:11:43.439+0000] {dag.py:3096} INFO - Sync 1 DAGs
[2024-11-26T06:11:43.453+0000] {logging_mixin.py:188} INFO - [2024-11-26T06:11:43.452+0000] {dag.py:3954} INFO - Setting next_dagrun for example_task_group to 2024-11-25 00:00:00+00:00, run_after=2024-11-26 00:00:00+00:00
[2024-11-26T06:11:43.472+0000] {processor.py:183} INFO - Processing /home/airflow/.local/lib/python3.12/site-packages/airflow/example_dags/example_task_group.py took 0.056 seconds
[2024-11-26T06:12:13.803+0000] {processor.py:161} INFO - Started process (PID=512) to work on /home/airflow/.local/lib/python3.12/site-packages/airflow/example_dags/example_task_group.py
[2024-11-26T06:12:13.804+0000] {processor.py:830} INFO - Processing file /home/airflow/.local/lib/python3.12/site-packages/airflow/example_dags/example_task_group.py for tasks to queue
[2024-11-26T06:12:13.805+0000] {logging_mixin.py:188} INFO - [2024-11-26T06:12:13.804+0000] {dagbag.py:545} INFO - Filling up the DagBag from /home/airflow/.local/lib/python3.12/site-packages/airflow/example_dags/example_task_group.py
[2024-11-26T06:12:13.809+0000] {processor.py:840} INFO - DAG(s) 'example_task_group' retrieved from /home/airflow/.local/lib/python3.12/site-packages/airflow/example_dags/example_task_group.py
[2024-11-26T06:12:13.822+0000] {logging_mixin.py:188} INFO - [2024-11-26T06:12:13.822+0000] {dag.py:3096} INFO - Sync 1 DAGs
[2024-11-26T06:12:13.835+0000] {logging_mixin.py:188} INFO - [2024-11-26T06:12:13.835+0000] {dag.py:3954} INFO - Setting next_dagrun for example_task_group to 2024-11-25 00:00:00+00:00, run_after=2024-11-26 00:00:00+00:00
[2024-11-26T06:12:13.854+0000] {processor.py:183} INFO - Processing /home/airflow/.local/lib/python3.12/site-packages/airflow/example_dags/example_task_group.py took 0.055 seconds
[2024-11-26T06:12:44.365+0000] {processor.py:161} INFO - Started process (PID=575) to work on /home/airflow/.local/lib/python3.12/site-packages/airflow/example_dags/example_task_group.py
[2024-11-26T06:12:44.374+0000] {processor.py:830} INFO - Processing file /home/airflow/.local/lib/python3.12/site-packages/airflow/example_dags/example_task_group.py for tasks to queue
[2024-11-26T06:12:44.375+0000] {logging_mixin.py:188} INFO - [2024-11-26T06:12:44.375+0000] {dagbag.py:545} INFO - Filling up the DagBag from /home/airflow/.local/lib/python3.12/site-packages/airflow/example_dags/example_task_group.py
[2024-11-26T06:12:44.379+0000] {processor.py:840} INFO - DAG(s) 'example_task_group' retrieved from /home/airflow/.local/lib/python3.12/site-packages/airflow/example_dags/example_task_group.py
[2024-11-26T06:12:44.393+0000] {logging_mixin.py:188} INFO - [2024-11-26T06:12:44.392+0000] {dag.py:3096} INFO - Sync 1 DAGs
[2024-11-26T06:12:44.406+0000] {logging_mixin.py:188} INFO - [2024-11-26T06:12:44.406+0000] {dag.py:3954} INFO - Setting next_dagrun for example_task_group to 2024-11-25 00:00:00+00:00, run_after=2024-11-26 00:00:00+00:00
[2024-11-26T06:12:44.418+0000] {processor.py:183} INFO - Processing /home/airflow/.local/lib/python3.12/site-packages/airflow/example_dags/example_task_group.py took 0.056 seconds
[2024-11-26T06:13:14.617+0000] {processor.py:161} INFO - Started process (PID=638) to work on /home/airflow/.local/lib/python3.12/site-packages/airflow/example_dags/example_task_group.py
[2024-11-26T06:13:14.617+0000] {processor.py:830} INFO - Processing file /home/airflow/.local/lib/python3.12/site-packages/airflow/example_dags/example_task_group.py for tasks to queue
[2024-11-26T06:13:14.618+0000] {logging_mixin.py:188} INFO - [2024-11-26T06:13:14.618+0000] {dagbag.py:545} INFO - Filling up the DagBag from /home/airflow/.local/lib/python3.12/site-packages/airflow/example_dags/example_task_group.py
[2024-11-26T06:13:14.623+0000] {processor.py:840} INFO - DAG(s) 'example_task_group' retrieved from /home/airflow/.local/lib/python3.12/site-packages/airflow/example_dags/example_task_group.py
[2024-11-26T06:13:14.636+0000] {logging_mixin.py:188} INFO - [2024-11-26T06:13:14.636+0000] {dag.py:3096} INFO - Sync 1 DAGs
[2024-11-26T06:13:14.649+0000] {logging_mixin.py:188} INFO - [2024-11-26T06:13:14.649+0000] {dag.py:3954} INFO - Setting next_dagrun for example_task_group to 2024-11-25 00:00:00+00:00, run_after=2024-11-26 00:00:00+00:00
[2024-11-26T06:13:14.660+0000] {processor.py:183} INFO - Processing /home/airflow/.local/lib/python3.12/site-packages/airflow/example_dags/example_task_group.py took 0.047 seconds
