[2024-11-26T06:09:11.230+0000] {processor.py:161} INFO - Started process (PID=141) to work on /home/airflow/.local/lib/python3.12/site-packages/airflow/example_dags/example_branch_python_dop_operator_3.py
[2024-11-26T06:09:11.231+0000] {processor.py:830} INFO - Processing file /home/airflow/.local/lib/python3.12/site-packages/airflow/example_dags/example_branch_python_dop_operator_3.py for tasks to queue
[2024-11-26T06:09:11.232+0000] {logging_mixin.py:188} INFO - [2024-11-26T06:09:11.232+0000] {dagbag.py:545} INFO - Filling up the DagBag from /home/airflow/.local/lib/python3.12/site-packages/airflow/example_dags/example_branch_python_dop_operator_3.py
[2024-11-26T06:09:11.239+0000] {processor.py:840} INFO - DAG(s) 'example_branch_dop_operator_v3' retrieved from /home/airflow/.local/lib/python3.12/site-packages/airflow/example_dags/example_branch_python_dop_operator_3.py
[2024-11-26T06:09:11.307+0000] {logging_mixin.py:188} INFO - [2024-11-26T06:09:11.307+0000] {dag.py:3096} INFO - Sync 1 DAGs
[2024-11-26T06:09:11.321+0000] {logging_mixin.py:188} INFO - [2024-11-26T06:09:11.321+0000] {dag.py:3954} INFO - Setting next_dagrun for example_branch_dop_operator_v3 to 2024-11-26 06:08:00+00:00, run_after=2024-11-26 06:09:00+00:00
[2024-11-26T06:09:11.340+0000] {processor.py:183} INFO - Processing /home/airflow/.local/lib/python3.12/site-packages/airflow/example_dags/example_branch_python_dop_operator_3.py took 0.113 seconds
[2024-11-26T06:09:42.154+0000] {processor.py:161} INFO - Started process (PID=204) to work on /home/airflow/.local/lib/python3.12/site-packages/airflow/example_dags/example_branch_python_dop_operator_3.py
[2024-11-26T06:09:42.155+0000] {processor.py:830} INFO - Processing file /home/airflow/.local/lib/python3.12/site-packages/airflow/example_dags/example_branch_python_dop_operator_3.py for tasks to queue
[2024-11-26T06:09:42.156+0000] {logging_mixin.py:188} INFO - [2024-11-26T06:09:42.155+0000] {dagbag.py:545} INFO - Filling up the DagBag from /home/airflow/.local/lib/python3.12/site-packages/airflow/example_dags/example_branch_python_dop_operator_3.py
[2024-11-26T06:09:42.161+0000] {processor.py:840} INFO - DAG(s) 'example_branch_dop_operator_v3' retrieved from /home/airflow/.local/lib/python3.12/site-packages/airflow/example_dags/example_branch_python_dop_operator_3.py
[2024-11-26T06:09:42.173+0000] {logging_mixin.py:188} INFO - [2024-11-26T06:09:42.172+0000] {dag.py:3096} INFO - Sync 1 DAGs
[2024-11-26T06:09:42.187+0000] {logging_mixin.py:188} INFO - [2024-11-26T06:09:42.187+0000] {dag.py:3954} INFO - Setting next_dagrun for example_branch_dop_operator_v3 to 2024-11-26 06:08:00+00:00, run_after=2024-11-26 06:09:00+00:00
[2024-11-26T06:09:42.208+0000] {processor.py:183} INFO - Processing /home/airflow/.local/lib/python3.12/site-packages/airflow/example_dags/example_branch_python_dop_operator_3.py took 0.057 seconds
[2024-11-26T06:10:12.769+0000] {processor.py:161} INFO - Started process (PID=267) to work on /home/airflow/.local/lib/python3.12/site-packages/airflow/example_dags/example_branch_python_dop_operator_3.py
[2024-11-26T06:10:12.769+0000] {processor.py:830} INFO - Processing file /home/airflow/.local/lib/python3.12/site-packages/airflow/example_dags/example_branch_python_dop_operator_3.py for tasks to queue
[2024-11-26T06:10:12.770+0000] {logging_mixin.py:188} INFO - [2024-11-26T06:10:12.770+0000] {dagbag.py:545} INFO - Filling up the DagBag from /home/airflow/.local/lib/python3.12/site-packages/airflow/example_dags/example_branch_python_dop_operator_3.py
[2024-11-26T06:10:12.776+0000] {processor.py:840} INFO - DAG(s) 'example_branch_dop_operator_v3' retrieved from /home/airflow/.local/lib/python3.12/site-packages/airflow/example_dags/example_branch_python_dop_operator_3.py
[2024-11-26T06:10:12.788+0000] {logging_mixin.py:188} INFO - [2024-11-26T06:10:12.787+0000] {dag.py:3096} INFO - Sync 1 DAGs
[2024-11-26T06:10:12.802+0000] {logging_mixin.py:188} INFO - [2024-11-26T06:10:12.802+0000] {dag.py:3954} INFO - Setting next_dagrun for example_branch_dop_operator_v3 to 2024-11-26 06:09:00+00:00, run_after=2024-11-26 06:10:00+00:00
[2024-11-26T06:10:12.822+0000] {processor.py:183} INFO - Processing /home/airflow/.local/lib/python3.12/site-packages/airflow/example_dags/example_branch_python_dop_operator_3.py took 0.057 seconds
[2024-11-26T06:10:43.412+0000] {processor.py:161} INFO - Started process (PID=330) to work on /home/airflow/.local/lib/python3.12/site-packages/airflow/example_dags/example_branch_python_dop_operator_3.py
[2024-11-26T06:10:43.413+0000] {processor.py:830} INFO - Processing file /home/airflow/.local/lib/python3.12/site-packages/airflow/example_dags/example_branch_python_dop_operator_3.py for tasks to queue
[2024-11-26T06:10:43.414+0000] {logging_mixin.py:188} INFO - [2024-11-26T06:10:43.413+0000] {dagbag.py:545} INFO - Filling up the DagBag from /home/airflow/.local/lib/python3.12/site-packages/airflow/example_dags/example_branch_python_dop_operator_3.py
[2024-11-26T06:10:43.419+0000] {processor.py:840} INFO - DAG(s) 'example_branch_dop_operator_v3' retrieved from /home/airflow/.local/lib/python3.12/site-packages/airflow/example_dags/example_branch_python_dop_operator_3.py
[2024-11-26T06:10:43.431+0000] {logging_mixin.py:188} INFO - [2024-11-26T06:10:43.431+0000] {dag.py:3096} INFO - Sync 1 DAGs
[2024-11-26T06:10:43.446+0000] {logging_mixin.py:188} INFO - [2024-11-26T06:10:43.446+0000] {dag.py:3954} INFO - Setting next_dagrun for example_branch_dop_operator_v3 to 2024-11-26 06:09:00+00:00, run_after=2024-11-26 06:10:00+00:00
[2024-11-26T06:10:43.456+0000] {processor.py:183} INFO - Processing /home/airflow/.local/lib/python3.12/site-packages/airflow/example_dags/example_branch_python_dop_operator_3.py took 0.047 seconds
[2024-11-26T06:11:14.037+0000] {processor.py:161} INFO - Started process (PID=393) to work on /home/airflow/.local/lib/python3.12/site-packages/airflow/example_dags/example_branch_python_dop_operator_3.py
[2024-11-26T06:11:14.046+0000] {processor.py:830} INFO - Processing file /home/airflow/.local/lib/python3.12/site-packages/airflow/example_dags/example_branch_python_dop_operator_3.py for tasks to queue
[2024-11-26T06:11:14.047+0000] {logging_mixin.py:188} INFO - [2024-11-26T06:11:14.047+0000] {dagbag.py:545} INFO - Filling up the DagBag from /home/airflow/.local/lib/python3.12/site-packages/airflow/example_dags/example_branch_python_dop_operator_3.py
[2024-11-26T06:11:14.053+0000] {processor.py:840} INFO - DAG(s) 'example_branch_dop_operator_v3' retrieved from /home/airflow/.local/lib/python3.12/site-packages/airflow/example_dags/example_branch_python_dop_operator_3.py
[2024-11-26T06:11:14.065+0000] {logging_mixin.py:188} INFO - [2024-11-26T06:11:14.065+0000] {dag.py:3096} INFO - Sync 1 DAGs
[2024-11-26T06:11:14.079+0000] {logging_mixin.py:188} INFO - [2024-11-26T06:11:14.079+0000] {dag.py:3954} INFO - Setting next_dagrun for example_branch_dop_operator_v3 to 2024-11-26 06:10:00+00:00, run_after=2024-11-26 06:11:00+00:00
[2024-11-26T06:11:14.101+0000] {processor.py:183} INFO - Processing /home/airflow/.local/lib/python3.12/site-packages/airflow/example_dags/example_branch_python_dop_operator_3.py took 0.067 seconds
[2024-11-26T06:11:44.644+0000] {processor.py:161} INFO - Started process (PID=456) to work on /home/airflow/.local/lib/python3.12/site-packages/airflow/example_dags/example_branch_python_dop_operator_3.py
[2024-11-26T06:11:44.645+0000] {processor.py:830} INFO - Processing file /home/airflow/.local/lib/python3.12/site-packages/airflow/example_dags/example_branch_python_dop_operator_3.py for tasks to queue
[2024-11-26T06:11:44.646+0000] {logging_mixin.py:188} INFO - [2024-11-26T06:11:44.646+0000] {dagbag.py:545} INFO - Filling up the DagBag from /home/airflow/.local/lib/python3.12/site-packages/airflow/example_dags/example_branch_python_dop_operator_3.py
[2024-11-26T06:11:44.651+0000] {processor.py:840} INFO - DAG(s) 'example_branch_dop_operator_v3' retrieved from /home/airflow/.local/lib/python3.12/site-packages/airflow/example_dags/example_branch_python_dop_operator_3.py
[2024-11-26T06:11:44.664+0000] {logging_mixin.py:188} INFO - [2024-11-26T06:11:44.664+0000] {dag.py:3096} INFO - Sync 1 DAGs
[2024-11-26T06:11:44.679+0000] {logging_mixin.py:188} INFO - [2024-11-26T06:11:44.679+0000] {dag.py:3954} INFO - Setting next_dagrun for example_branch_dop_operator_v3 to 2024-11-26 06:10:00+00:00, run_after=2024-11-26 06:11:00+00:00
[2024-11-26T06:11:44.695+0000] {processor.py:183} INFO - Processing /home/airflow/.local/lib/python3.12/site-packages/airflow/example_dags/example_branch_python_dop_operator_3.py took 0.054 seconds
[2024-11-26T06:12:15.024+0000] {processor.py:161} INFO - Started process (PID=519) to work on /home/airflow/.local/lib/python3.12/site-packages/airflow/example_dags/example_branch_python_dop_operator_3.py
[2024-11-26T06:12:15.025+0000] {processor.py:830} INFO - Processing file /home/airflow/.local/lib/python3.12/site-packages/airflow/example_dags/example_branch_python_dop_operator_3.py for tasks to queue
[2024-11-26T06:12:15.026+0000] {logging_mixin.py:188} INFO - [2024-11-26T06:12:15.026+0000] {dagbag.py:545} INFO - Filling up the DagBag from /home/airflow/.local/lib/python3.12/site-packages/airflow/example_dags/example_branch_python_dop_operator_3.py
[2024-11-26T06:12:15.032+0000] {processor.py:840} INFO - DAG(s) 'example_branch_dop_operator_v3' retrieved from /home/airflow/.local/lib/python3.12/site-packages/airflow/example_dags/example_branch_python_dop_operator_3.py
[2024-11-26T06:12:15.044+0000] {logging_mixin.py:188} INFO - [2024-11-26T06:12:15.043+0000] {dag.py:3096} INFO - Sync 1 DAGs
[2024-11-26T06:12:15.059+0000] {logging_mixin.py:188} INFO - [2024-11-26T06:12:15.059+0000] {dag.py:3954} INFO - Setting next_dagrun for example_branch_dop_operator_v3 to 2024-11-26 06:11:00+00:00, run_after=2024-11-26 06:12:00+00:00
[2024-11-26T06:12:15.077+0000] {processor.py:183} INFO - Processing /home/airflow/.local/lib/python3.12/site-packages/airflow/example_dags/example_branch_python_dop_operator_3.py took 0.056 seconds
[2024-11-26T06:12:45.578+0000] {processor.py:161} INFO - Started process (PID=582) to work on /home/airflow/.local/lib/python3.12/site-packages/airflow/example_dags/example_branch_python_dop_operator_3.py
[2024-11-26T06:12:45.579+0000] {processor.py:830} INFO - Processing file /home/airflow/.local/lib/python3.12/site-packages/airflow/example_dags/example_branch_python_dop_operator_3.py for tasks to queue
[2024-11-26T06:12:45.580+0000] {logging_mixin.py:188} INFO - [2024-11-26T06:12:45.580+0000] {dagbag.py:545} INFO - Filling up the DagBag from /home/airflow/.local/lib/python3.12/site-packages/airflow/example_dags/example_branch_python_dop_operator_3.py
[2024-11-26T06:12:45.585+0000] {processor.py:840} INFO - DAG(s) 'example_branch_dop_operator_v3' retrieved from /home/airflow/.local/lib/python3.12/site-packages/airflow/example_dags/example_branch_python_dop_operator_3.py
[2024-11-26T06:12:45.597+0000] {logging_mixin.py:188} INFO - [2024-11-26T06:12:45.597+0000] {dag.py:3096} INFO - Sync 1 DAGs
[2024-11-26T06:12:45.611+0000] {logging_mixin.py:188} INFO - [2024-11-26T06:12:45.611+0000] {dag.py:3954} INFO - Setting next_dagrun for example_branch_dop_operator_v3 to 2024-11-26 06:11:00+00:00, run_after=2024-11-26 06:12:00+00:00
[2024-11-26T06:12:45.630+0000] {processor.py:183} INFO - Processing /home/airflow/.local/lib/python3.12/site-packages/airflow/example_dags/example_branch_python_dop_operator_3.py took 0.056 seconds
[2024-11-26T06:13:15.869+0000] {processor.py:161} INFO - Started process (PID=645) to work on /home/airflow/.local/lib/python3.12/site-packages/airflow/example_dags/example_branch_python_dop_operator_3.py
[2024-11-26T06:13:15.870+0000] {processor.py:830} INFO - Processing file /home/airflow/.local/lib/python3.12/site-packages/airflow/example_dags/example_branch_python_dop_operator_3.py for tasks to queue
[2024-11-26T06:13:15.871+0000] {logging_mixin.py:188} INFO - [2024-11-26T06:13:15.870+0000] {dagbag.py:545} INFO - Filling up the DagBag from /home/airflow/.local/lib/python3.12/site-packages/airflow/example_dags/example_branch_python_dop_operator_3.py
[2024-11-26T06:13:15.876+0000] {processor.py:840} INFO - DAG(s) 'example_branch_dop_operator_v3' retrieved from /home/airflow/.local/lib/python3.12/site-packages/airflow/example_dags/example_branch_python_dop_operator_3.py
[2024-11-26T06:13:15.888+0000] {logging_mixin.py:188} INFO - [2024-11-26T06:13:15.887+0000] {dag.py:3096} INFO - Sync 1 DAGs
[2024-11-26T06:13:15.902+0000] {logging_mixin.py:188} INFO - [2024-11-26T06:13:15.902+0000] {dag.py:3954} INFO - Setting next_dagrun for example_branch_dop_operator_v3 to 2024-11-26 06:12:00+00:00, run_after=2024-11-26 06:13:00+00:00
[2024-11-26T06:13:15.923+0000] {processor.py:183} INFO - Processing /home/airflow/.local/lib/python3.12/site-packages/airflow/example_dags/example_branch_python_dop_operator_3.py took 0.057 seconds
