[2024-11-26T06:09:12.218+0000] {processor.py:161} INFO - Started process (PID=151) to work on /home/airflow/.local/lib/python3.12/site-packages/airflow/example_dags/example_latest_only_with_trigger.py
[2024-11-26T06:09:12.219+0000] {processor.py:830} INFO - Processing file /home/airflow/.local/lib/python3.12/site-packages/airflow/example_dags/example_latest_only_with_trigger.py for tasks to queue
[2024-11-26T06:09:12.220+0000] {logging_mixin.py:188} INFO - [2024-11-26T06:09:12.220+0000] {dagbag.py:545} INFO - Filling up the DagBag from /home/airflow/.local/lib/python3.12/site-packages/airflow/example_dags/example_latest_only_with_trigger.py
[2024-11-26T06:09:12.224+0000] {processor.py:840} INFO - DAG(s) 'latest_only_with_trigger' retrieved from /home/airflow/.local/lib/python3.12/site-packages/airflow/example_dags/example_latest_only_with_trigger.py
[2024-11-26T06:09:12.291+0000] {logging_mixin.py:188} INFO - [2024-11-26T06:09:12.291+0000] {dag.py:3096} INFO - Sync 1 DAGs
[2024-11-26T06:09:12.302+0000] {logging_mixin.py:188} INFO - [2024-11-26T06:09:12.302+0000] {dag.py:3954} INFO - Setting next_dagrun for latest_only_with_trigger to 2024-11-26 00:00:00+00:00, run_after=2024-11-26 04:00:00+00:00
[2024-11-26T06:09:12.392+0000] {processor.py:183} INFO - Processing /home/airflow/.local/lib/python3.12/site-packages/airflow/example_dags/example_latest_only_with_trigger.py took 0.177 seconds
[2024-11-26T06:09:42.545+0000] {processor.py:161} INFO - Started process (PID=214) to work on /home/airflow/.local/lib/python3.12/site-packages/airflow/example_dags/example_latest_only_with_trigger.py
[2024-11-26T06:09:42.545+0000] {processor.py:830} INFO - Processing file /home/airflow/.local/lib/python3.12/site-packages/airflow/example_dags/example_latest_only_with_trigger.py for tasks to queue
[2024-11-26T06:09:42.547+0000] {logging_mixin.py:188} INFO - [2024-11-26T06:09:42.546+0000] {dagbag.py:545} INFO - Filling up the DagBag from /home/airflow/.local/lib/python3.12/site-packages/airflow/example_dags/example_latest_only_with_trigger.py
[2024-11-26T06:09:42.550+0000] {processor.py:840} INFO - DAG(s) 'latest_only_with_trigger' retrieved from /home/airflow/.local/lib/python3.12/site-packages/airflow/example_dags/example_latest_only_with_trigger.py
[2024-11-26T06:09:42.563+0000] {logging_mixin.py:188} INFO - [2024-11-26T06:09:42.563+0000] {dag.py:3096} INFO - Sync 1 DAGs
[2024-11-26T06:09:42.576+0000] {logging_mixin.py:188} INFO - [2024-11-26T06:09:42.576+0000] {dag.py:3954} INFO - Setting next_dagrun for latest_only_with_trigger to 2024-11-26 00:00:00+00:00, run_after=2024-11-26 04:00:00+00:00
[2024-11-26T06:09:42.591+0000] {processor.py:183} INFO - Processing /home/airflow/.local/lib/python3.12/site-packages/airflow/example_dags/example_latest_only_with_trigger.py took 0.050 seconds
[2024-11-26T06:10:13.142+0000] {processor.py:161} INFO - Started process (PID=276) to work on /home/airflow/.local/lib/python3.12/site-packages/airflow/example_dags/example_latest_only_with_trigger.py
[2024-11-26T06:10:13.143+0000] {processor.py:830} INFO - Processing file /home/airflow/.local/lib/python3.12/site-packages/airflow/example_dags/example_latest_only_with_trigger.py for tasks to queue
[2024-11-26T06:10:13.144+0000] {logging_mixin.py:188} INFO - [2024-11-26T06:10:13.143+0000] {dagbag.py:545} INFO - Filling up the DagBag from /home/airflow/.local/lib/python3.12/site-packages/airflow/example_dags/example_latest_only_with_trigger.py
[2024-11-26T06:10:13.147+0000] {processor.py:840} INFO - DAG(s) 'latest_only_with_trigger' retrieved from /home/airflow/.local/lib/python3.12/site-packages/airflow/example_dags/example_latest_only_with_trigger.py
[2024-11-26T06:10:13.160+0000] {logging_mixin.py:188} INFO - [2024-11-26T06:10:13.160+0000] {dag.py:3096} INFO - Sync 1 DAGs
[2024-11-26T06:10:13.172+0000] {logging_mixin.py:188} INFO - [2024-11-26T06:10:13.172+0000] {dag.py:3954} INFO - Setting next_dagrun for latest_only_with_trigger to 2024-11-26 00:00:00+00:00, run_after=2024-11-26 04:00:00+00:00
[2024-11-26T06:10:13.186+0000] {processor.py:183} INFO - Processing /home/airflow/.local/lib/python3.12/site-packages/airflow/example_dags/example_latest_only_with_trigger.py took 0.047 seconds
[2024-11-26T06:10:43.820+0000] {processor.py:161} INFO - Started process (PID=340) to work on /home/airflow/.local/lib/python3.12/site-packages/airflow/example_dags/example_latest_only_with_trigger.py
[2024-11-26T06:10:43.820+0000] {processor.py:830} INFO - Processing file /home/airflow/.local/lib/python3.12/site-packages/airflow/example_dags/example_latest_only_with_trigger.py for tasks to queue
[2024-11-26T06:10:43.821+0000] {logging_mixin.py:188} INFO - [2024-11-26T06:10:43.821+0000] {dagbag.py:545} INFO - Filling up the DagBag from /home/airflow/.local/lib/python3.12/site-packages/airflow/example_dags/example_latest_only_with_trigger.py
[2024-11-26T06:10:43.825+0000] {processor.py:840} INFO - DAG(s) 'latest_only_with_trigger' retrieved from /home/airflow/.local/lib/python3.12/site-packages/airflow/example_dags/example_latest_only_with_trigger.py
[2024-11-26T06:10:43.837+0000] {logging_mixin.py:188} INFO - [2024-11-26T06:10:43.837+0000] {dag.py:3096} INFO - Sync 1 DAGs
[2024-11-26T06:10:43.849+0000] {logging_mixin.py:188} INFO - [2024-11-26T06:10:43.849+0000] {dag.py:3954} INFO - Setting next_dagrun for latest_only_with_trigger to 2024-11-26 00:00:00+00:00, run_after=2024-11-26 04:00:00+00:00
[2024-11-26T06:10:43.861+0000] {processor.py:183} INFO - Processing /home/airflow/.local/lib/python3.12/site-packages/airflow/example_dags/example_latest_only_with_trigger.py took 0.044 seconds
[2024-11-26T06:11:14.421+0000] {processor.py:161} INFO - Started process (PID=403) to work on /home/airflow/.local/lib/python3.12/site-packages/airflow/example_dags/example_latest_only_with_trigger.py
[2024-11-26T06:11:14.421+0000] {processor.py:830} INFO - Processing file /home/airflow/.local/lib/python3.12/site-packages/airflow/example_dags/example_latest_only_with_trigger.py for tasks to queue
[2024-11-26T06:11:14.422+0000] {logging_mixin.py:188} INFO - [2024-11-26T06:11:14.422+0000] {dagbag.py:545} INFO - Filling up the DagBag from /home/airflow/.local/lib/python3.12/site-packages/airflow/example_dags/example_latest_only_with_trigger.py
[2024-11-26T06:11:14.426+0000] {processor.py:840} INFO - DAG(s) 'latest_only_with_trigger' retrieved from /home/airflow/.local/lib/python3.12/site-packages/airflow/example_dags/example_latest_only_with_trigger.py
[2024-11-26T06:11:14.439+0000] {logging_mixin.py:188} INFO - [2024-11-26T06:11:14.438+0000] {dag.py:3096} INFO - Sync 1 DAGs
[2024-11-26T06:11:14.452+0000] {logging_mixin.py:188} INFO - [2024-11-26T06:11:14.451+0000] {dag.py:3954} INFO - Setting next_dagrun for latest_only_with_trigger to 2024-11-26 00:00:00+00:00, run_after=2024-11-26 04:00:00+00:00
[2024-11-26T06:11:14.464+0000] {processor.py:183} INFO - Processing /home/airflow/.local/lib/python3.12/site-packages/airflow/example_dags/example_latest_only_with_trigger.py took 0.047 seconds
[2024-11-26T06:11:45.015+0000] {processor.py:161} INFO - Started process (PID=466) to work on /home/airflow/.local/lib/python3.12/site-packages/airflow/example_dags/example_latest_only_with_trigger.py
[2024-11-26T06:11:45.016+0000] {processor.py:830} INFO - Processing file /home/airflow/.local/lib/python3.12/site-packages/airflow/example_dags/example_latest_only_with_trigger.py for tasks to queue
[2024-11-26T06:11:45.017+0000] {logging_mixin.py:188} INFO - [2024-11-26T06:11:45.017+0000] {dagbag.py:545} INFO - Filling up the DagBag from /home/airflow/.local/lib/python3.12/site-packages/airflow/example_dags/example_latest_only_with_trigger.py
[2024-11-26T06:11:45.020+0000] {processor.py:840} INFO - DAG(s) 'latest_only_with_trigger' retrieved from /home/airflow/.local/lib/python3.12/site-packages/airflow/example_dags/example_latest_only_with_trigger.py
[2024-11-26T06:11:45.033+0000] {logging_mixin.py:188} INFO - [2024-11-26T06:11:45.033+0000] {dag.py:3096} INFO - Sync 1 DAGs
[2024-11-26T06:11:45.046+0000] {logging_mixin.py:188} INFO - [2024-11-26T06:11:45.046+0000] {dag.py:3954} INFO - Setting next_dagrun for latest_only_with_trigger to 2024-11-26 00:00:00+00:00, run_after=2024-11-26 04:00:00+00:00
[2024-11-26T06:11:45.058+0000] {processor.py:183} INFO - Processing /home/airflow/.local/lib/python3.12/site-packages/airflow/example_dags/example_latest_only_with_trigger.py took 0.046 seconds
[2024-11-26T06:12:15.398+0000] {processor.py:161} INFO - Started process (PID=529) to work on /home/airflow/.local/lib/python3.12/site-packages/airflow/example_dags/example_latest_only_with_trigger.py
[2024-11-26T06:12:15.398+0000] {processor.py:830} INFO - Processing file /home/airflow/.local/lib/python3.12/site-packages/airflow/example_dags/example_latest_only_with_trigger.py for tasks to queue
[2024-11-26T06:12:15.399+0000] {logging_mixin.py:188} INFO - [2024-11-26T06:12:15.399+0000] {dagbag.py:545} INFO - Filling up the DagBag from /home/airflow/.local/lib/python3.12/site-packages/airflow/example_dags/example_latest_only_with_trigger.py
[2024-11-26T06:12:15.403+0000] {processor.py:840} INFO - DAG(s) 'latest_only_with_trigger' retrieved from /home/airflow/.local/lib/python3.12/site-packages/airflow/example_dags/example_latest_only_with_trigger.py
[2024-11-26T06:12:15.416+0000] {logging_mixin.py:188} INFO - [2024-11-26T06:12:15.415+0000] {dag.py:3096} INFO - Sync 1 DAGs
[2024-11-26T06:12:15.429+0000] {logging_mixin.py:188} INFO - [2024-11-26T06:12:15.429+0000] {dag.py:3954} INFO - Setting next_dagrun for latest_only_with_trigger to 2024-11-26 00:00:00+00:00, run_after=2024-11-26 04:00:00+00:00
[2024-11-26T06:12:15.440+0000] {processor.py:183} INFO - Processing /home/airflow/.local/lib/python3.12/site-packages/airflow/example_dags/example_latest_only_with_trigger.py took 0.046 seconds
[2024-11-26T06:12:45.942+0000] {processor.py:161} INFO - Started process (PID=592) to work on /home/airflow/.local/lib/python3.12/site-packages/airflow/example_dags/example_latest_only_with_trigger.py
[2024-11-26T06:12:45.949+0000] {processor.py:830} INFO - Processing file /home/airflow/.local/lib/python3.12/site-packages/airflow/example_dags/example_latest_only_with_trigger.py for tasks to queue
[2024-11-26T06:12:45.951+0000] {logging_mixin.py:188} INFO - [2024-11-26T06:12:45.950+0000] {dagbag.py:545} INFO - Filling up the DagBag from /home/airflow/.local/lib/python3.12/site-packages/airflow/example_dags/example_latest_only_with_trigger.py
[2024-11-26T06:12:45.954+0000] {processor.py:840} INFO - DAG(s) 'latest_only_with_trigger' retrieved from /home/airflow/.local/lib/python3.12/site-packages/airflow/example_dags/example_latest_only_with_trigger.py
[2024-11-26T06:12:45.967+0000] {logging_mixin.py:188} INFO - [2024-11-26T06:12:45.967+0000] {dag.py:3096} INFO - Sync 1 DAGs
[2024-11-26T06:12:45.980+0000] {logging_mixin.py:188} INFO - [2024-11-26T06:12:45.980+0000] {dag.py:3954} INFO - Setting next_dagrun for latest_only_with_trigger to 2024-11-26 00:00:00+00:00, run_after=2024-11-26 04:00:00+00:00
[2024-11-26T06:12:45.994+0000] {processor.py:183} INFO - Processing /home/airflow/.local/lib/python3.12/site-packages/airflow/example_dags/example_latest_only_with_trigger.py took 0.056 seconds
[2024-11-26T06:13:16.244+0000] {processor.py:161} INFO - Started process (PID=655) to work on /home/airflow/.local/lib/python3.12/site-packages/airflow/example_dags/example_latest_only_with_trigger.py
[2024-11-26T06:13:16.245+0000] {processor.py:830} INFO - Processing file /home/airflow/.local/lib/python3.12/site-packages/airflow/example_dags/example_latest_only_with_trigger.py for tasks to queue
[2024-11-26T06:13:16.246+0000] {logging_mixin.py:188} INFO - [2024-11-26T06:13:16.245+0000] {dagbag.py:545} INFO - Filling up the DagBag from /home/airflow/.local/lib/python3.12/site-packages/airflow/example_dags/example_latest_only_with_trigger.py
[2024-11-26T06:13:16.249+0000] {processor.py:840} INFO - DAG(s) 'latest_only_with_trigger' retrieved from /home/airflow/.local/lib/python3.12/site-packages/airflow/example_dags/example_latest_only_with_trigger.py
[2024-11-26T06:13:16.262+0000] {logging_mixin.py:188} INFO - [2024-11-26T06:13:16.261+0000] {dag.py:3096} INFO - Sync 1 DAGs
[2024-11-26T06:13:16.274+0000] {logging_mixin.py:188} INFO - [2024-11-26T06:13:16.274+0000] {dag.py:3954} INFO - Setting next_dagrun for latest_only_with_trigger to 2024-11-26 00:00:00+00:00, run_after=2024-11-26 04:00:00+00:00
[2024-11-26T06:13:16.286+0000] {processor.py:183} INFO - Processing /home/airflow/.local/lib/python3.12/site-packages/airflow/example_dags/example_latest_only_with_trigger.py took 0.046 seconds
