[2024-11-26T06:09:11.097+0000] {processor.py:161} INFO - Started process (PID=139) to work on /home/airflow/.local/lib/python3.12/site-packages/airflow/example_dags/example_latest_only.py
[2024-11-26T06:09:11.098+0000] {processor.py:830} INFO - Processing file /home/airflow/.local/lib/python3.12/site-packages/airflow/example_dags/example_latest_only.py for tasks to queue
[2024-11-26T06:09:11.099+0000] {logging_mixin.py:188} INFO - [2024-11-26T06:09:11.098+0000] {dagbag.py:545} INFO - Filling up the DagBag from /home/airflow/.local/lib/python3.12/site-packages/airflow/example_dags/example_latest_only.py
[2024-11-26T06:09:11.104+0000] {processor.py:840} INFO - DAG(s) 'latest_only' retrieved from /home/airflow/.local/lib/python3.12/site-packages/airflow/example_dags/example_latest_only.py
[2024-11-26T06:09:11.171+0000] {logging_mixin.py:188} INFO - [2024-11-26T06:09:11.171+0000] {dag.py:3096} INFO - Sync 1 DAGs
[2024-11-26T06:09:11.182+0000] {logging_mixin.py:188} INFO - [2024-11-26T06:09:11.182+0000] {dag.py:3954} INFO - Setting next_dagrun for latest_only to 2024-11-26 00:00:00+00:00, run_after=2024-11-26 04:00:00+00:00
[2024-11-26T06:09:11.210+0000] {processor.py:183} INFO - Processing /home/airflow/.local/lib/python3.12/site-packages/airflow/example_dags/example_latest_only.py took 0.116 seconds
[2024-11-26T06:09:42.093+0000] {processor.py:161} INFO - Started process (PID=202) to work on /home/airflow/.local/lib/python3.12/site-packages/airflow/example_dags/example_latest_only.py
[2024-11-26T06:09:42.093+0000] {processor.py:830} INFO - Processing file /home/airflow/.local/lib/python3.12/site-packages/airflow/example_dags/example_latest_only.py for tasks to queue
[2024-11-26T06:09:42.094+0000] {logging_mixin.py:188} INFO - [2024-11-26T06:09:42.094+0000] {dagbag.py:545} INFO - Filling up the DagBag from /home/airflow/.local/lib/python3.12/site-packages/airflow/example_dags/example_latest_only.py
[2024-11-26T06:09:42.097+0000] {processor.py:840} INFO - DAG(s) 'latest_only' retrieved from /home/airflow/.local/lib/python3.12/site-packages/airflow/example_dags/example_latest_only.py
[2024-11-26T06:09:42.108+0000] {logging_mixin.py:188} INFO - [2024-11-26T06:09:42.108+0000] {dag.py:3096} INFO - Sync 1 DAGs
[2024-11-26T06:09:42.121+0000] {logging_mixin.py:188} INFO - [2024-11-26T06:09:42.121+0000] {dag.py:3954} INFO - Setting next_dagrun for latest_only to 2024-11-26 00:00:00+00:00, run_after=2024-11-26 04:00:00+00:00
[2024-11-26T06:09:42.137+0000] {processor.py:183} INFO - Processing /home/airflow/.local/lib/python3.12/site-packages/airflow/example_dags/example_latest_only.py took 0.048 seconds
[2024-11-26T06:10:12.708+0000] {processor.py:161} INFO - Started process (PID=265) to work on /home/airflow/.local/lib/python3.12/site-packages/airflow/example_dags/example_latest_only.py
[2024-11-26T06:10:12.709+0000] {processor.py:830} INFO - Processing file /home/airflow/.local/lib/python3.12/site-packages/airflow/example_dags/example_latest_only.py for tasks to queue
[2024-11-26T06:10:12.710+0000] {logging_mixin.py:188} INFO - [2024-11-26T06:10:12.710+0000] {dagbag.py:545} INFO - Filling up the DagBag from /home/airflow/.local/lib/python3.12/site-packages/airflow/example_dags/example_latest_only.py
[2024-11-26T06:10:12.713+0000] {processor.py:840} INFO - DAG(s) 'latest_only' retrieved from /home/airflow/.local/lib/python3.12/site-packages/airflow/example_dags/example_latest_only.py
[2024-11-26T06:10:12.724+0000] {logging_mixin.py:188} INFO - [2024-11-26T06:10:12.724+0000] {dag.py:3096} INFO - Sync 1 DAGs
[2024-11-26T06:10:12.737+0000] {logging_mixin.py:188} INFO - [2024-11-26T06:10:12.737+0000] {dag.py:3954} INFO - Setting next_dagrun for latest_only to 2024-11-26 00:00:00+00:00, run_after=2024-11-26 04:00:00+00:00
[2024-11-26T06:10:12.751+0000] {processor.py:183} INFO - Processing /home/airflow/.local/lib/python3.12/site-packages/airflow/example_dags/example_latest_only.py took 0.047 seconds
[2024-11-26T06:10:43.345+0000] {processor.py:161} INFO - Started process (PID=328) to work on /home/airflow/.local/lib/python3.12/site-packages/airflow/example_dags/example_latest_only.py
[2024-11-26T06:10:43.345+0000] {processor.py:830} INFO - Processing file /home/airflow/.local/lib/python3.12/site-packages/airflow/example_dags/example_latest_only.py for tasks to queue
[2024-11-26T06:10:43.346+0000] {logging_mixin.py:188} INFO - [2024-11-26T06:10:43.346+0000] {dagbag.py:545} INFO - Filling up the DagBag from /home/airflow/.local/lib/python3.12/site-packages/airflow/example_dags/example_latest_only.py
[2024-11-26T06:10:43.349+0000] {processor.py:840} INFO - DAG(s) 'latest_only' retrieved from /home/airflow/.local/lib/python3.12/site-packages/airflow/example_dags/example_latest_only.py
[2024-11-26T06:10:43.361+0000] {logging_mixin.py:188} INFO - [2024-11-26T06:10:43.361+0000] {dag.py:3096} INFO - Sync 1 DAGs
[2024-11-26T06:10:43.373+0000] {logging_mixin.py:188} INFO - [2024-11-26T06:10:43.373+0000] {dag.py:3954} INFO - Setting next_dagrun for latest_only to 2024-11-26 00:00:00+00:00, run_after=2024-11-26 04:00:00+00:00
[2024-11-26T06:10:43.396+0000] {processor.py:183} INFO - Processing /home/airflow/.local/lib/python3.12/site-packages/airflow/example_dags/example_latest_only.py took 0.055 seconds
[2024-11-26T06:11:13.977+0000] {processor.py:161} INFO - Started process (PID=391) to work on /home/airflow/.local/lib/python3.12/site-packages/airflow/example_dags/example_latest_only.py
[2024-11-26T06:11:13.978+0000] {processor.py:830} INFO - Processing file /home/airflow/.local/lib/python3.12/site-packages/airflow/example_dags/example_latest_only.py for tasks to queue
[2024-11-26T06:11:13.979+0000] {logging_mixin.py:188} INFO - [2024-11-26T06:11:13.979+0000] {dagbag.py:545} INFO - Filling up the DagBag from /home/airflow/.local/lib/python3.12/site-packages/airflow/example_dags/example_latest_only.py
[2024-11-26T06:11:13.981+0000] {processor.py:840} INFO - DAG(s) 'latest_only' retrieved from /home/airflow/.local/lib/python3.12/site-packages/airflow/example_dags/example_latest_only.py
[2024-11-26T06:11:13.993+0000] {logging_mixin.py:188} INFO - [2024-11-26T06:11:13.993+0000] {dag.py:3096} INFO - Sync 1 DAGs
[2024-11-26T06:11:14.005+0000] {logging_mixin.py:188} INFO - [2024-11-26T06:11:14.005+0000] {dag.py:3954} INFO - Setting next_dagrun for latest_only to 2024-11-26 00:00:00+00:00, run_after=2024-11-26 04:00:00+00:00
[2024-11-26T06:11:14.020+0000] {processor.py:183} INFO - Processing /home/airflow/.local/lib/python3.12/site-packages/airflow/example_dags/example_latest_only.py took 0.046 seconds
[2024-11-26T06:11:44.572+0000] {processor.py:161} INFO - Started process (PID=454) to work on /home/airflow/.local/lib/python3.12/site-packages/airflow/example_dags/example_latest_only.py
[2024-11-26T06:11:44.572+0000] {processor.py:830} INFO - Processing file /home/airflow/.local/lib/python3.12/site-packages/airflow/example_dags/example_latest_only.py for tasks to queue
[2024-11-26T06:11:44.573+0000] {logging_mixin.py:188} INFO - [2024-11-26T06:11:44.573+0000] {dagbag.py:545} INFO - Filling up the DagBag from /home/airflow/.local/lib/python3.12/site-packages/airflow/example_dags/example_latest_only.py
[2024-11-26T06:11:44.576+0000] {processor.py:840} INFO - DAG(s) 'latest_only' retrieved from /home/airflow/.local/lib/python3.12/site-packages/airflow/example_dags/example_latest_only.py
[2024-11-26T06:11:44.588+0000] {logging_mixin.py:188} INFO - [2024-11-26T06:11:44.588+0000] {dag.py:3096} INFO - Sync 1 DAGs
[2024-11-26T06:11:44.600+0000] {logging_mixin.py:188} INFO - [2024-11-26T06:11:44.600+0000] {dag.py:3954} INFO - Setting next_dagrun for latest_only to 2024-11-26 00:00:00+00:00, run_after=2024-11-26 04:00:00+00:00
[2024-11-26T06:11:44.625+0000] {processor.py:183} INFO - Processing /home/airflow/.local/lib/python3.12/site-packages/airflow/example_dags/example_latest_only.py took 0.057 seconds
[2024-11-26T06:12:14.963+0000] {processor.py:161} INFO - Started process (PID=517) to work on /home/airflow/.local/lib/python3.12/site-packages/airflow/example_dags/example_latest_only.py
[2024-11-26T06:12:14.963+0000] {processor.py:830} INFO - Processing file /home/airflow/.local/lib/python3.12/site-packages/airflow/example_dags/example_latest_only.py for tasks to queue
[2024-11-26T06:12:14.964+0000] {logging_mixin.py:188} INFO - [2024-11-26T06:12:14.964+0000] {dagbag.py:545} INFO - Filling up the DagBag from /home/airflow/.local/lib/python3.12/site-packages/airflow/example_dags/example_latest_only.py
[2024-11-26T06:12:14.967+0000] {processor.py:840} INFO - DAG(s) 'latest_only' retrieved from /home/airflow/.local/lib/python3.12/site-packages/airflow/example_dags/example_latest_only.py
[2024-11-26T06:12:14.980+0000] {logging_mixin.py:188} INFO - [2024-11-26T06:12:14.980+0000] {dag.py:3096} INFO - Sync 1 DAGs
[2024-11-26T06:12:14.993+0000] {logging_mixin.py:188} INFO - [2024-11-26T06:12:14.992+0000] {dag.py:3954} INFO - Setting next_dagrun for latest_only to 2024-11-26 00:00:00+00:00, run_after=2024-11-26 04:00:00+00:00
[2024-11-26T06:12:15.006+0000] {processor.py:183} INFO - Processing /home/airflow/.local/lib/python3.12/site-packages/airflow/example_dags/example_latest_only.py took 0.047 seconds
[2024-11-26T06:12:45.516+0000] {processor.py:161} INFO - Started process (PID=580) to work on /home/airflow/.local/lib/python3.12/site-packages/airflow/example_dags/example_latest_only.py
[2024-11-26T06:12:45.517+0000] {processor.py:830} INFO - Processing file /home/airflow/.local/lib/python3.12/site-packages/airflow/example_dags/example_latest_only.py for tasks to queue
[2024-11-26T06:12:45.518+0000] {logging_mixin.py:188} INFO - [2024-11-26T06:12:45.517+0000] {dagbag.py:545} INFO - Filling up the DagBag from /home/airflow/.local/lib/python3.12/site-packages/airflow/example_dags/example_latest_only.py
[2024-11-26T06:12:45.520+0000] {processor.py:840} INFO - DAG(s) 'latest_only' retrieved from /home/airflow/.local/lib/python3.12/site-packages/airflow/example_dags/example_latest_only.py
[2024-11-26T06:12:45.532+0000] {logging_mixin.py:188} INFO - [2024-11-26T06:12:45.532+0000] {dag.py:3096} INFO - Sync 1 DAGs
[2024-11-26T06:12:45.545+0000] {logging_mixin.py:188} INFO - [2024-11-26T06:12:45.544+0000] {dag.py:3954} INFO - Setting next_dagrun for latest_only to 2024-11-26 00:00:00+00:00, run_after=2024-11-26 04:00:00+00:00
[2024-11-26T06:12:45.560+0000] {processor.py:183} INFO - Processing /home/airflow/.local/lib/python3.12/site-packages/airflow/example_dags/example_latest_only.py took 0.047 seconds
[2024-11-26T06:13:15.808+0000] {processor.py:161} INFO - Started process (PID=643) to work on /home/airflow/.local/lib/python3.12/site-packages/airflow/example_dags/example_latest_only.py
[2024-11-26T06:13:15.809+0000] {processor.py:830} INFO - Processing file /home/airflow/.local/lib/python3.12/site-packages/airflow/example_dags/example_latest_only.py for tasks to queue
[2024-11-26T06:13:15.810+0000] {logging_mixin.py:188} INFO - [2024-11-26T06:13:15.810+0000] {dagbag.py:545} INFO - Filling up the DagBag from /home/airflow/.local/lib/python3.12/site-packages/airflow/example_dags/example_latest_only.py
[2024-11-26T06:13:15.813+0000] {processor.py:840} INFO - DAG(s) 'latest_only' retrieved from /home/airflow/.local/lib/python3.12/site-packages/airflow/example_dags/example_latest_only.py
[2024-11-26T06:13:15.825+0000] {logging_mixin.py:188} INFO - [2024-11-26T06:13:15.825+0000] {dag.py:3096} INFO - Sync 1 DAGs
[2024-11-26T06:13:15.837+0000] {logging_mixin.py:188} INFO - [2024-11-26T06:13:15.837+0000] {dag.py:3954} INFO - Setting next_dagrun for latest_only to 2024-11-26 00:00:00+00:00, run_after=2024-11-26 04:00:00+00:00
[2024-11-26T06:13:15.851+0000] {processor.py:183} INFO - Processing /home/airflow/.local/lib/python3.12/site-packages/airflow/example_dags/example_latest_only.py took 0.047 seconds
