[2024-11-26T06:09:11.838+0000] {processor.py:161} INFO - Started process (PID=148) to work on /home/airflow/.local/lib/python3.12/site-packages/airflow/example_dags/example_complex.py
[2024-11-26T06:09:11.838+0000] {processor.py:830} INFO - Processing file /home/airflow/.local/lib/python3.12/site-packages/airflow/example_dags/example_complex.py for tasks to queue
[2024-11-26T06:09:11.839+0000] {logging_mixin.py:188} INFO - [2024-11-26T06:09:11.839+0000] {dagbag.py:545} INFO - Filling up the DagBag from /home/airflow/.local/lib/python3.12/site-packages/airflow/example_dags/example_complex.py
[2024-11-26T06:09:11.848+0000] {processor.py:840} INFO - DAG(s) 'example_complex' retrieved from /home/airflow/.local/lib/python3.12/site-packages/airflow/example_dags/example_complex.py
[2024-11-26T06:09:11.924+0000] {logging_mixin.py:188} INFO - [2024-11-26T06:09:11.923+0000] {dag.py:3096} INFO - Sync 1 DAGs
[2024-11-26T06:09:11.930+0000] {logging_mixin.py:188} INFO - [2024-11-26T06:09:11.930+0000] {dag.py:3954} INFO - Setting next_dagrun for example_complex to None, run_after=None
[2024-11-26T06:09:12.103+0000] {processor.py:183} INFO - Processing /home/airflow/.local/lib/python3.12/site-packages/airflow/example_dags/example_complex.py took 0.269 seconds
[2024-11-26T06:09:42.389+0000] {processor.py:161} INFO - Started process (PID=211) to work on /home/airflow/.local/lib/python3.12/site-packages/airflow/example_dags/example_complex.py
[2024-11-26T06:09:42.403+0000] {processor.py:830} INFO - Processing file /home/airflow/.local/lib/python3.12/site-packages/airflow/example_dags/example_complex.py for tasks to queue
[2024-11-26T06:09:42.404+0000] {logging_mixin.py:188} INFO - [2024-11-26T06:09:42.404+0000] {dagbag.py:545} INFO - Filling up the DagBag from /home/airflow/.local/lib/python3.12/site-packages/airflow/example_dags/example_complex.py
[2024-11-26T06:09:42.411+0000] {processor.py:840} INFO - DAG(s) 'example_complex' retrieved from /home/airflow/.local/lib/python3.12/site-packages/airflow/example_dags/example_complex.py
[2024-11-26T06:09:42.430+0000] {logging_mixin.py:188} INFO - [2024-11-26T06:09:42.430+0000] {dag.py:3096} INFO - Sync 1 DAGs
[2024-11-26T06:09:42.438+0000] {logging_mixin.py:188} INFO - [2024-11-26T06:09:42.438+0000] {dag.py:3954} INFO - Setting next_dagrun for example_complex to None, run_after=None
[2024-11-26T06:09:42.460+0000] {processor.py:183} INFO - Processing /home/airflow/.local/lib/python3.12/site-packages/airflow/example_dags/example_complex.py took 0.074 seconds
[2024-11-26T06:10:13.053+0000] {processor.py:161} INFO - Started process (PID=274) to work on /home/airflow/.local/lib/python3.12/site-packages/airflow/example_dags/example_complex.py
[2024-11-26T06:10:13.067+0000] {processor.py:830} INFO - Processing file /home/airflow/.local/lib/python3.12/site-packages/airflow/example_dags/example_complex.py for tasks to queue
[2024-11-26T06:10:13.068+0000] {logging_mixin.py:188} INFO - [2024-11-26T06:10:13.068+0000] {dagbag.py:545} INFO - Filling up the DagBag from /home/airflow/.local/lib/python3.12/site-packages/airflow/example_dags/example_complex.py
[2024-11-26T06:10:13.075+0000] {processor.py:840} INFO - DAG(s) 'example_complex' retrieved from /home/airflow/.local/lib/python3.12/site-packages/airflow/example_dags/example_complex.py
[2024-11-26T06:10:13.095+0000] {logging_mixin.py:188} INFO - [2024-11-26T06:10:13.095+0000] {dag.py:3096} INFO - Sync 1 DAGs
[2024-11-26T06:10:13.103+0000] {logging_mixin.py:188} INFO - [2024-11-26T06:10:13.103+0000] {dag.py:3954} INFO - Setting next_dagrun for example_complex to None, run_after=None
[2024-11-26T06:10:13.125+0000] {processor.py:183} INFO - Processing /home/airflow/.local/lib/python3.12/site-packages/airflow/example_dags/example_complex.py took 0.075 seconds
[2024-11-26T06:10:43.657+0000] {processor.py:161} INFO - Started process (PID=337) to work on /home/airflow/.local/lib/python3.12/site-packages/airflow/example_dags/example_complex.py
[2024-11-26T06:10:43.661+0000] {processor.py:830} INFO - Processing file /home/airflow/.local/lib/python3.12/site-packages/airflow/example_dags/example_complex.py for tasks to queue
[2024-11-26T06:10:43.662+0000] {logging_mixin.py:188} INFO - [2024-11-26T06:10:43.662+0000] {dagbag.py:545} INFO - Filling up the DagBag from /home/airflow/.local/lib/python3.12/site-packages/airflow/example_dags/example_complex.py
[2024-11-26T06:10:43.669+0000] {processor.py:840} INFO - DAG(s) 'example_complex' retrieved from /home/airflow/.local/lib/python3.12/site-packages/airflow/example_dags/example_complex.py
[2024-11-26T06:10:43.688+0000] {logging_mixin.py:188} INFO - [2024-11-26T06:10:43.688+0000] {dag.py:3096} INFO - Sync 1 DAGs
[2024-11-26T06:10:43.696+0000] {logging_mixin.py:188} INFO - [2024-11-26T06:10:43.696+0000] {dag.py:3954} INFO - Setting next_dagrun for example_complex to None, run_after=None
[2024-11-26T06:10:43.719+0000] {processor.py:183} INFO - Processing /home/airflow/.local/lib/python3.12/site-packages/airflow/example_dags/example_complex.py took 0.066 seconds
[2024-11-26T06:11:14.292+0000] {processor.py:161} INFO - Started process (PID=400) to work on /home/airflow/.local/lib/python3.12/site-packages/airflow/example_dags/example_complex.py
[2024-11-26T06:11:14.292+0000] {processor.py:830} INFO - Processing file /home/airflow/.local/lib/python3.12/site-packages/airflow/example_dags/example_complex.py for tasks to queue
[2024-11-26T06:11:14.293+0000] {logging_mixin.py:188} INFO - [2024-11-26T06:11:14.293+0000] {dagbag.py:545} INFO - Filling up the DagBag from /home/airflow/.local/lib/python3.12/site-packages/airflow/example_dags/example_complex.py
[2024-11-26T06:11:14.300+0000] {processor.py:840} INFO - DAG(s) 'example_complex' retrieved from /home/airflow/.local/lib/python3.12/site-packages/airflow/example_dags/example_complex.py
[2024-11-26T06:11:14.320+0000] {logging_mixin.py:188} INFO - [2024-11-26T06:11:14.320+0000] {dag.py:3096} INFO - Sync 1 DAGs
[2024-11-26T06:11:14.327+0000] {logging_mixin.py:188} INFO - [2024-11-26T06:11:14.327+0000] {dag.py:3954} INFO - Setting next_dagrun for example_complex to None, run_after=None
[2024-11-26T06:11:14.343+0000] {processor.py:183} INFO - Processing /home/airflow/.local/lib/python3.12/site-packages/airflow/example_dags/example_complex.py took 0.055 seconds
[2024-11-26T06:11:44.886+0000] {processor.py:161} INFO - Started process (PID=463) to work on /home/airflow/.local/lib/python3.12/site-packages/airflow/example_dags/example_complex.py
[2024-11-26T06:11:44.886+0000] {processor.py:830} INFO - Processing file /home/airflow/.local/lib/python3.12/site-packages/airflow/example_dags/example_complex.py for tasks to queue
[2024-11-26T06:11:44.887+0000] {logging_mixin.py:188} INFO - [2024-11-26T06:11:44.887+0000] {dagbag.py:545} INFO - Filling up the DagBag from /home/airflow/.local/lib/python3.12/site-packages/airflow/example_dags/example_complex.py
[2024-11-26T06:11:44.894+0000] {processor.py:840} INFO - DAG(s) 'example_complex' retrieved from /home/airflow/.local/lib/python3.12/site-packages/airflow/example_dags/example_complex.py
[2024-11-26T06:11:44.913+0000] {logging_mixin.py:188} INFO - [2024-11-26T06:11:44.913+0000] {dag.py:3096} INFO - Sync 1 DAGs
[2024-11-26T06:11:44.921+0000] {logging_mixin.py:188} INFO - [2024-11-26T06:11:44.921+0000] {dag.py:3954} INFO - Setting next_dagrun for example_complex to None, run_after=None
[2024-11-26T06:11:44.937+0000] {processor.py:183} INFO - Processing /home/airflow/.local/lib/python3.12/site-packages/airflow/example_dags/example_complex.py took 0.055 seconds
[2024-11-26T06:12:15.269+0000] {processor.py:161} INFO - Started process (PID=526) to work on /home/airflow/.local/lib/python3.12/site-packages/airflow/example_dags/example_complex.py
[2024-11-26T06:12:15.270+0000] {processor.py:830} INFO - Processing file /home/airflow/.local/lib/python3.12/site-packages/airflow/example_dags/example_complex.py for tasks to queue
[2024-11-26T06:12:15.271+0000] {logging_mixin.py:188} INFO - [2024-11-26T06:12:15.271+0000] {dagbag.py:545} INFO - Filling up the DagBag from /home/airflow/.local/lib/python3.12/site-packages/airflow/example_dags/example_complex.py
[2024-11-26T06:12:15.277+0000] {processor.py:840} INFO - DAG(s) 'example_complex' retrieved from /home/airflow/.local/lib/python3.12/site-packages/airflow/example_dags/example_complex.py
[2024-11-26T06:12:15.297+0000] {logging_mixin.py:188} INFO - [2024-11-26T06:12:15.297+0000] {dag.py:3096} INFO - Sync 1 DAGs
[2024-11-26T06:12:15.305+0000] {logging_mixin.py:188} INFO - [2024-11-26T06:12:15.305+0000] {dag.py:3954} INFO - Setting next_dagrun for example_complex to None, run_after=None
[2024-11-26T06:12:15.319+0000] {processor.py:183} INFO - Processing /home/airflow/.local/lib/python3.12/site-packages/airflow/example_dags/example_complex.py took 0.054 seconds
[2024-11-26T06:12:45.809+0000] {processor.py:161} INFO - Started process (PID=589) to work on /home/airflow/.local/lib/python3.12/site-packages/airflow/example_dags/example_complex.py
[2024-11-26T06:12:45.810+0000] {processor.py:830} INFO - Processing file /home/airflow/.local/lib/python3.12/site-packages/airflow/example_dags/example_complex.py for tasks to queue
[2024-11-26T06:12:45.811+0000] {logging_mixin.py:188} INFO - [2024-11-26T06:12:45.811+0000] {dagbag.py:545} INFO - Filling up the DagBag from /home/airflow/.local/lib/python3.12/site-packages/airflow/example_dags/example_complex.py
[2024-11-26T06:12:45.817+0000] {processor.py:840} INFO - DAG(s) 'example_complex' retrieved from /home/airflow/.local/lib/python3.12/site-packages/airflow/example_dags/example_complex.py
[2024-11-26T06:12:45.837+0000] {logging_mixin.py:188} INFO - [2024-11-26T06:12:45.837+0000] {dag.py:3096} INFO - Sync 1 DAGs
[2024-11-26T06:12:45.844+0000] {logging_mixin.py:188} INFO - [2024-11-26T06:12:45.844+0000] {dag.py:3954} INFO - Setting next_dagrun for example_complex to None, run_after=None
[2024-11-26T06:12:45.863+0000] {processor.py:183} INFO - Processing /home/airflow/.local/lib/python3.12/site-packages/airflow/example_dags/example_complex.py took 0.057 seconds
[2024-11-26T06:13:16.113+0000] {processor.py:161} INFO - Started process (PID=652) to work on /home/airflow/.local/lib/python3.12/site-packages/airflow/example_dags/example_complex.py
[2024-11-26T06:13:16.114+0000] {processor.py:830} INFO - Processing file /home/airflow/.local/lib/python3.12/site-packages/airflow/example_dags/example_complex.py for tasks to queue
[2024-11-26T06:13:16.115+0000] {logging_mixin.py:188} INFO - [2024-11-26T06:13:16.115+0000] {dagbag.py:545} INFO - Filling up the DagBag from /home/airflow/.local/lib/python3.12/site-packages/airflow/example_dags/example_complex.py
[2024-11-26T06:13:16.121+0000] {processor.py:840} INFO - DAG(s) 'example_complex' retrieved from /home/airflow/.local/lib/python3.12/site-packages/airflow/example_dags/example_complex.py
[2024-11-26T06:13:16.141+0000] {logging_mixin.py:188} INFO - [2024-11-26T06:13:16.141+0000] {dag.py:3096} INFO - Sync 1 DAGs
[2024-11-26T06:13:16.148+0000] {logging_mixin.py:188} INFO - [2024-11-26T06:13:16.148+0000] {dag.py:3954} INFO - Setting next_dagrun for example_complex to None, run_after=None
[2024-11-26T06:13:16.165+0000] {processor.py:183} INFO - Processing /home/airflow/.local/lib/python3.12/site-packages/airflow/example_dags/example_complex.py took 0.055 seconds
