[2024-11-26T06:09:10.264+0000] {processor.py:161} INFO - Started process (PID=127) to work on /home/airflow/.local/lib/python3.12/site-packages/airflow/example_dags/example_task_group_decorator.py
[2024-11-26T06:09:10.265+0000] {processor.py:830} INFO - Processing file /home/airflow/.local/lib/python3.12/site-packages/airflow/example_dags/example_task_group_decorator.py for tasks to queue
[2024-11-26T06:09:10.266+0000] {logging_mixin.py:188} INFO - [2024-11-26T06:09:10.266+0000] {dagbag.py:545} INFO - Filling up the DagBag from /home/airflow/.local/lib/python3.12/site-packages/airflow/example_dags/example_task_group_decorator.py
[2024-11-26T06:09:10.277+0000] {processor.py:840} INFO - DAG(s) 'example_task_group_decorator' retrieved from /home/airflow/.local/lib/python3.12/site-packages/airflow/example_dags/example_task_group_decorator.py
[2024-11-26T06:09:10.350+0000] {logging_mixin.py:188} INFO - [2024-11-26T06:09:10.350+0000] {dag.py:3096} INFO - Sync 1 DAGs
[2024-11-26T06:09:10.362+0000] {logging_mixin.py:188} INFO - [2024-11-26T06:09:10.362+0000] {dag.py:3954} INFO - Setting next_dagrun for example_task_group_decorator to 2024-11-25 00:00:00+00:00, run_after=2024-11-26 00:00:00+00:00
[2024-11-26T06:09:10.390+0000] {processor.py:183} INFO - Processing /home/airflow/.local/lib/python3.12/site-packages/airflow/example_dags/example_task_group_decorator.py took 0.129 seconds
[2024-11-26T06:09:40.716+0000] {processor.py:161} INFO - Started process (PID=190) to work on /home/airflow/.local/lib/python3.12/site-packages/airflow/example_dags/example_task_group_decorator.py
[2024-11-26T06:09:40.716+0000] {processor.py:830} INFO - Processing file /home/airflow/.local/lib/python3.12/site-packages/airflow/example_dags/example_task_group_decorator.py for tasks to queue
[2024-11-26T06:09:40.717+0000] {logging_mixin.py:188} INFO - [2024-11-26T06:09:40.717+0000] {dagbag.py:545} INFO - Filling up the DagBag from /home/airflow/.local/lib/python3.12/site-packages/airflow/example_dags/example_task_group_decorator.py
[2024-11-26T06:09:40.726+0000] {processor.py:840} INFO - DAG(s) 'example_task_group_decorator' retrieved from /home/airflow/.local/lib/python3.12/site-packages/airflow/example_dags/example_task_group_decorator.py
[2024-11-26T06:09:40.741+0000] {logging_mixin.py:188} INFO - [2024-11-26T06:09:40.741+0000] {dag.py:3096} INFO - Sync 1 DAGs
[2024-11-26T06:09:40.754+0000] {logging_mixin.py:188} INFO - [2024-11-26T06:09:40.754+0000] {dag.py:3954} INFO - Setting next_dagrun for example_task_group_decorator to 2024-11-25 00:00:00+00:00, run_after=2024-11-26 00:00:00+00:00
[2024-11-26T06:09:40.773+0000] {processor.py:183} INFO - Processing /home/airflow/.local/lib/python3.12/site-packages/airflow/example_dags/example_task_group_decorator.py took 0.061 seconds
[2024-11-26T06:10:11.305+0000] {processor.py:161} INFO - Started process (PID=253) to work on /home/airflow/.local/lib/python3.12/site-packages/airflow/example_dags/example_task_group_decorator.py
[2024-11-26T06:10:11.305+0000] {processor.py:830} INFO - Processing file /home/airflow/.local/lib/python3.12/site-packages/airflow/example_dags/example_task_group_decorator.py for tasks to queue
[2024-11-26T06:10:11.306+0000] {logging_mixin.py:188} INFO - [2024-11-26T06:10:11.306+0000] {dagbag.py:545} INFO - Filling up the DagBag from /home/airflow/.local/lib/python3.12/site-packages/airflow/example_dags/example_task_group_decorator.py
[2024-11-26T06:10:11.315+0000] {processor.py:840} INFO - DAG(s) 'example_task_group_decorator' retrieved from /home/airflow/.local/lib/python3.12/site-packages/airflow/example_dags/example_task_group_decorator.py
[2024-11-26T06:10:11.331+0000] {logging_mixin.py:188} INFO - [2024-11-26T06:10:11.331+0000] {dag.py:3096} INFO - Sync 1 DAGs
[2024-11-26T06:10:11.344+0000] {logging_mixin.py:188} INFO - [2024-11-26T06:10:11.344+0000] {dag.py:3954} INFO - Setting next_dagrun for example_task_group_decorator to 2024-11-25 00:00:00+00:00, run_after=2024-11-26 00:00:00+00:00
[2024-11-26T06:10:11.357+0000] {processor.py:183} INFO - Processing /home/airflow/.local/lib/python3.12/site-packages/airflow/example_dags/example_task_group_decorator.py took 0.056 seconds
[2024-11-26T06:10:41.907+0000] {processor.py:161} INFO - Started process (PID=316) to work on /home/airflow/.local/lib/python3.12/site-packages/airflow/example_dags/example_task_group_decorator.py
[2024-11-26T06:10:41.908+0000] {processor.py:830} INFO - Processing file /home/airflow/.local/lib/python3.12/site-packages/airflow/example_dags/example_task_group_decorator.py for tasks to queue
[2024-11-26T06:10:41.909+0000] {logging_mixin.py:188} INFO - [2024-11-26T06:10:41.909+0000] {dagbag.py:545} INFO - Filling up the DagBag from /home/airflow/.local/lib/python3.12/site-packages/airflow/example_dags/example_task_group_decorator.py
[2024-11-26T06:10:41.918+0000] {processor.py:840} INFO - DAG(s) 'example_task_group_decorator' retrieved from /home/airflow/.local/lib/python3.12/site-packages/airflow/example_dags/example_task_group_decorator.py
[2024-11-26T06:10:41.933+0000] {logging_mixin.py:188} INFO - [2024-11-26T06:10:41.933+0000] {dag.py:3096} INFO - Sync 1 DAGs
[2024-11-26T06:10:41.946+0000] {logging_mixin.py:188} INFO - [2024-11-26T06:10:41.946+0000] {dag.py:3954} INFO - Setting next_dagrun for example_task_group_decorator to 2024-11-25 00:00:00+00:00, run_after=2024-11-26 00:00:00+00:00
[2024-11-26T06:10:41.961+0000] {processor.py:183} INFO - Processing /home/airflow/.local/lib/python3.12/site-packages/airflow/example_dags/example_task_group_decorator.py took 0.057 seconds
[2024-11-26T06:11:12.574+0000] {processor.py:161} INFO - Started process (PID=379) to work on /home/airflow/.local/lib/python3.12/site-packages/airflow/example_dags/example_task_group_decorator.py
[2024-11-26T06:11:12.574+0000] {processor.py:830} INFO - Processing file /home/airflow/.local/lib/python3.12/site-packages/airflow/example_dags/example_task_group_decorator.py for tasks to queue
[2024-11-26T06:11:12.575+0000] {logging_mixin.py:188} INFO - [2024-11-26T06:11:12.575+0000] {dagbag.py:545} INFO - Filling up the DagBag from /home/airflow/.local/lib/python3.12/site-packages/airflow/example_dags/example_task_group_decorator.py
[2024-11-26T06:11:12.584+0000] {processor.py:840} INFO - DAG(s) 'example_task_group_decorator' retrieved from /home/airflow/.local/lib/python3.12/site-packages/airflow/example_dags/example_task_group_decorator.py
[2024-11-26T06:11:12.599+0000] {logging_mixin.py:188} INFO - [2024-11-26T06:11:12.599+0000] {dag.py:3096} INFO - Sync 1 DAGs
[2024-11-26T06:11:12.612+0000] {logging_mixin.py:188} INFO - [2024-11-26T06:11:12.612+0000] {dag.py:3954} INFO - Setting next_dagrun for example_task_group_decorator to 2024-11-25 00:00:00+00:00, run_after=2024-11-26 00:00:00+00:00
[2024-11-26T06:11:12.626+0000] {processor.py:183} INFO - Processing /home/airflow/.local/lib/python3.12/site-packages/airflow/example_dags/example_task_group_decorator.py took 0.056 seconds
[2024-11-26T06:11:43.162+0000] {processor.py:161} INFO - Started process (PID=442) to work on /home/airflow/.local/lib/python3.12/site-packages/airflow/example_dags/example_task_group_decorator.py
[2024-11-26T06:11:43.163+0000] {processor.py:830} INFO - Processing file /home/airflow/.local/lib/python3.12/site-packages/airflow/example_dags/example_task_group_decorator.py for tasks to queue
[2024-11-26T06:11:43.164+0000] {logging_mixin.py:188} INFO - [2024-11-26T06:11:43.164+0000] {dagbag.py:545} INFO - Filling up the DagBag from /home/airflow/.local/lib/python3.12/site-packages/airflow/example_dags/example_task_group_decorator.py
[2024-11-26T06:11:43.173+0000] {processor.py:840} INFO - DAG(s) 'example_task_group_decorator' retrieved from /home/airflow/.local/lib/python3.12/site-packages/airflow/example_dags/example_task_group_decorator.py
[2024-11-26T06:11:43.188+0000] {logging_mixin.py:188} INFO - [2024-11-26T06:11:43.188+0000] {dag.py:3096} INFO - Sync 1 DAGs
[2024-11-26T06:11:43.201+0000] {logging_mixin.py:188} INFO - [2024-11-26T06:11:43.201+0000] {dag.py:3954} INFO - Setting next_dagrun for example_task_group_decorator to 2024-11-25 00:00:00+00:00, run_after=2024-11-26 00:00:00+00:00
[2024-11-26T06:11:43.220+0000] {processor.py:183} INFO - Processing /home/airflow/.local/lib/python3.12/site-packages/airflow/example_dags/example_task_group_decorator.py took 0.062 seconds
[2024-11-26T06:12:13.549+0000] {processor.py:161} INFO - Started process (PID=505) to work on /home/airflow/.local/lib/python3.12/site-packages/airflow/example_dags/example_task_group_decorator.py
[2024-11-26T06:12:13.558+0000] {processor.py:830} INFO - Processing file /home/airflow/.local/lib/python3.12/site-packages/airflow/example_dags/example_task_group_decorator.py for tasks to queue
[2024-11-26T06:12:13.559+0000] {logging_mixin.py:188} INFO - [2024-11-26T06:12:13.559+0000] {dagbag.py:545} INFO - Filling up the DagBag from /home/airflow/.local/lib/python3.12/site-packages/airflow/example_dags/example_task_group_decorator.py
[2024-11-26T06:12:13.568+0000] {processor.py:840} INFO - DAG(s) 'example_task_group_decorator' retrieved from /home/airflow/.local/lib/python3.12/site-packages/airflow/example_dags/example_task_group_decorator.py
[2024-11-26T06:12:13.584+0000] {logging_mixin.py:188} INFO - [2024-11-26T06:12:13.583+0000] {dag.py:3096} INFO - Sync 1 DAGs
[2024-11-26T06:12:13.597+0000] {logging_mixin.py:188} INFO - [2024-11-26T06:12:13.597+0000] {dag.py:3954} INFO - Setting next_dagrun for example_task_group_decorator to 2024-11-25 00:00:00+00:00, run_after=2024-11-26 00:00:00+00:00
[2024-11-26T06:12:13.612+0000] {processor.py:183} INFO - Processing /home/airflow/.local/lib/python3.12/site-packages/airflow/example_dags/example_task_group_decorator.py took 0.067 seconds
[2024-11-26T06:12:44.071+0000] {processor.py:161} INFO - Started process (PID=568) to work on /home/airflow/.local/lib/python3.12/site-packages/airflow/example_dags/example_task_group_decorator.py
[2024-11-26T06:12:44.072+0000] {processor.py:830} INFO - Processing file /home/airflow/.local/lib/python3.12/site-packages/airflow/example_dags/example_task_group_decorator.py for tasks to queue
[2024-11-26T06:12:44.073+0000] {logging_mixin.py:188} INFO - [2024-11-26T06:12:44.073+0000] {dagbag.py:545} INFO - Filling up the DagBag from /home/airflow/.local/lib/python3.12/site-packages/airflow/example_dags/example_task_group_decorator.py
[2024-11-26T06:12:44.082+0000] {processor.py:840} INFO - DAG(s) 'example_task_group_decorator' retrieved from /home/airflow/.local/lib/python3.12/site-packages/airflow/example_dags/example_task_group_decorator.py
[2024-11-26T06:12:44.097+0000] {logging_mixin.py:188} INFO - [2024-11-26T06:12:44.097+0000] {dag.py:3096} INFO - Sync 1 DAGs
[2024-11-26T06:12:44.110+0000] {logging_mixin.py:188} INFO - [2024-11-26T06:12:44.110+0000] {dag.py:3954} INFO - Setting next_dagrun for example_task_group_decorator to 2024-11-25 00:00:00+00:00, run_after=2024-11-26 00:00:00+00:00
[2024-11-26T06:12:44.125+0000] {processor.py:183} INFO - Processing /home/airflow/.local/lib/python3.12/site-packages/airflow/example_dags/example_task_group_decorator.py took 0.057 seconds
[2024-11-26T06:13:14.189+0000] {processor.py:161} INFO - Started process (PID=629) to work on /home/airflow/.local/lib/python3.12/site-packages/airflow/example_dags/example_task_group_decorator.py
[2024-11-26T06:13:14.191+0000] {processor.py:830} INFO - Processing file /home/airflow/.local/lib/python3.12/site-packages/airflow/example_dags/example_task_group_decorator.py for tasks to queue
[2024-11-26T06:13:14.192+0000] {logging_mixin.py:188} INFO - [2024-11-26T06:13:14.192+0000] {dagbag.py:545} INFO - Filling up the DagBag from /home/airflow/.local/lib/python3.12/site-packages/airflow/example_dags/example_task_group_decorator.py
[2024-11-26T06:13:14.201+0000] {processor.py:840} INFO - DAG(s) 'example_task_group_decorator' retrieved from /home/airflow/.local/lib/python3.12/site-packages/airflow/example_dags/example_task_group_decorator.py
[2024-11-26T06:13:14.216+0000] {logging_mixin.py:188} INFO - [2024-11-26T06:13:14.216+0000] {dag.py:3096} INFO - Sync 1 DAGs
[2024-11-26T06:13:14.229+0000] {logging_mixin.py:188} INFO - [2024-11-26T06:13:14.229+0000] {dag.py:3954} INFO - Setting next_dagrun for example_task_group_decorator to 2024-11-25 00:00:00+00:00, run_after=2024-11-26 00:00:00+00:00
[2024-11-26T06:13:14.245+0000] {processor.py:183} INFO - Processing /home/airflow/.local/lib/python3.12/site-packages/airflow/example_dags/example_task_group_decorator.py took 0.060 seconds
