[2024-11-26T06:09:12.874+0000] {processor.py:161} INFO - Started process (PID=159) to work on /home/airflow/.local/lib/python3.12/site-packages/airflow/example_dags/tutorial.py
[2024-11-26T06:09:12.875+0000] {processor.py:830} INFO - Processing file /home/airflow/.local/lib/python3.12/site-packages/airflow/example_dags/tutorial.py for tasks to queue
[2024-11-26T06:09:12.876+0000] {logging_mixin.py:188} INFO - [2024-11-26T06:09:12.876+0000] {dagbag.py:545} INFO - Filling up the DagBag from /home/airflow/.local/lib/python3.12/site-packages/airflow/example_dags/tutorial.py
[2024-11-26T06:09:12.880+0000] {processor.py:840} INFO - DAG(s) 'tutorial' retrieved from /home/airflow/.local/lib/python3.12/site-packages/airflow/example_dags/tutorial.py
[2024-11-26T06:09:12.944+0000] {logging_mixin.py:188} INFO - [2024-11-26T06:09:12.944+0000] {dag.py:3096} INFO - Sync 1 DAGs
[2024-11-26T06:09:12.955+0000] {logging_mixin.py:188} INFO - [2024-11-26T06:09:12.955+0000] {dag.py:3954} INFO - Setting next_dagrun for tutorial to 2024-11-25 00:00:00+00:00, run_after=2024-11-26 00:00:00+00:00
[2024-11-26T06:09:13.007+0000] {processor.py:183} INFO - Processing /home/airflow/.local/lib/python3.12/site-packages/airflow/example_dags/tutorial.py took 0.136 seconds
[2024-11-26T06:09:43.832+0000] {processor.py:161} INFO - Started process (PID=222) to work on /home/airflow/.local/lib/python3.12/site-packages/airflow/example_dags/tutorial.py
[2024-11-26T06:09:43.833+0000] {processor.py:830} INFO - Processing file /home/airflow/.local/lib/python3.12/site-packages/airflow/example_dags/tutorial.py for tasks to queue
[2024-11-26T06:09:43.834+0000] {logging_mixin.py:188} INFO - [2024-11-26T06:09:43.834+0000] {dagbag.py:545} INFO - Filling up the DagBag from /home/airflow/.local/lib/python3.12/site-packages/airflow/example_dags/tutorial.py
[2024-11-26T06:09:43.838+0000] {processor.py:840} INFO - DAG(s) 'tutorial' retrieved from /home/airflow/.local/lib/python3.12/site-packages/airflow/example_dags/tutorial.py
[2024-11-26T06:09:43.850+0000] {logging_mixin.py:188} INFO - [2024-11-26T06:09:43.850+0000] {dag.py:3096} INFO - Sync 1 DAGs
[2024-11-26T06:09:43.863+0000] {logging_mixin.py:188} INFO - [2024-11-26T06:09:43.863+0000] {dag.py:3954} INFO - Setting next_dagrun for tutorial to 2024-11-25 00:00:00+00:00, run_after=2024-11-26 00:00:00+00:00
[2024-11-26T06:09:43.885+0000] {processor.py:183} INFO - Processing /home/airflow/.local/lib/python3.12/site-packages/airflow/example_dags/tutorial.py took 0.057 seconds
[2024-11-26T06:10:14.416+0000] {processor.py:161} INFO - Started process (PID=285) to work on /home/airflow/.local/lib/python3.12/site-packages/airflow/example_dags/tutorial.py
[2024-11-26T06:10:14.417+0000] {processor.py:830} INFO - Processing file /home/airflow/.local/lib/python3.12/site-packages/airflow/example_dags/tutorial.py for tasks to queue
[2024-11-26T06:10:14.418+0000] {logging_mixin.py:188} INFO - [2024-11-26T06:10:14.418+0000] {dagbag.py:545} INFO - Filling up the DagBag from /home/airflow/.local/lib/python3.12/site-packages/airflow/example_dags/tutorial.py
[2024-11-26T06:10:14.422+0000] {processor.py:840} INFO - DAG(s) 'tutorial' retrieved from /home/airflow/.local/lib/python3.12/site-packages/airflow/example_dags/tutorial.py
[2024-11-26T06:10:14.434+0000] {logging_mixin.py:188} INFO - [2024-11-26T06:10:14.434+0000] {dag.py:3096} INFO - Sync 1 DAGs
[2024-11-26T06:10:14.446+0000] {logging_mixin.py:188} INFO - [2024-11-26T06:10:14.446+0000] {dag.py:3954} INFO - Setting next_dagrun for tutorial to 2024-11-25 00:00:00+00:00, run_after=2024-11-26 00:00:00+00:00
[2024-11-26T06:10:14.469+0000] {processor.py:183} INFO - Processing /home/airflow/.local/lib/python3.12/site-packages/airflow/example_dags/tutorial.py took 0.056 seconds
[2024-11-26T06:10:45.090+0000] {processor.py:161} INFO - Started process (PID=348) to work on /home/airflow/.local/lib/python3.12/site-packages/airflow/example_dags/tutorial.py
[2024-11-26T06:10:45.090+0000] {processor.py:830} INFO - Processing file /home/airflow/.local/lib/python3.12/site-packages/airflow/example_dags/tutorial.py for tasks to queue
[2024-11-26T06:10:45.091+0000] {logging_mixin.py:188} INFO - [2024-11-26T06:10:45.091+0000] {dagbag.py:545} INFO - Filling up the DagBag from /home/airflow/.local/lib/python3.12/site-packages/airflow/example_dags/tutorial.py
[2024-11-26T06:10:45.095+0000] {processor.py:840} INFO - DAG(s) 'tutorial' retrieved from /home/airflow/.local/lib/python3.12/site-packages/airflow/example_dags/tutorial.py
[2024-11-26T06:10:45.107+0000] {logging_mixin.py:188} INFO - [2024-11-26T06:10:45.106+0000] {dag.py:3096} INFO - Sync 1 DAGs
[2024-11-26T06:10:45.119+0000] {logging_mixin.py:188} INFO - [2024-11-26T06:10:45.119+0000] {dag.py:3954} INFO - Setting next_dagrun for tutorial to 2024-11-25 00:00:00+00:00, run_after=2024-11-26 00:00:00+00:00
[2024-11-26T06:10:45.143+0000] {processor.py:183} INFO - Processing /home/airflow/.local/lib/python3.12/site-packages/airflow/example_dags/tutorial.py took 0.057 seconds
[2024-11-26T06:11:15.654+0000] {processor.py:161} INFO - Started process (PID=411) to work on /home/airflow/.local/lib/python3.12/site-packages/airflow/example_dags/tutorial.py
[2024-11-26T06:11:15.654+0000] {processor.py:830} INFO - Processing file /home/airflow/.local/lib/python3.12/site-packages/airflow/example_dags/tutorial.py for tasks to queue
[2024-11-26T06:11:15.655+0000] {logging_mixin.py:188} INFO - [2024-11-26T06:11:15.655+0000] {dagbag.py:545} INFO - Filling up the DagBag from /home/airflow/.local/lib/python3.12/site-packages/airflow/example_dags/tutorial.py
[2024-11-26T06:11:15.659+0000] {processor.py:840} INFO - DAG(s) 'tutorial' retrieved from /home/airflow/.local/lib/python3.12/site-packages/airflow/example_dags/tutorial.py
[2024-11-26T06:11:15.670+0000] {logging_mixin.py:188} INFO - [2024-11-26T06:11:15.670+0000] {dag.py:3096} INFO - Sync 1 DAGs
[2024-11-26T06:11:15.682+0000] {logging_mixin.py:188} INFO - [2024-11-26T06:11:15.682+0000] {dag.py:3954} INFO - Setting next_dagrun for tutorial to 2024-11-25 00:00:00+00:00, run_after=2024-11-26 00:00:00+00:00
[2024-11-26T06:11:15.707+0000] {processor.py:183} INFO - Processing /home/airflow/.local/lib/python3.12/site-packages/airflow/example_dags/tutorial.py took 0.057 seconds
[2024-11-26T06:11:46.288+0000] {processor.py:161} INFO - Started process (PID=474) to work on /home/airflow/.local/lib/python3.12/site-packages/airflow/example_dags/tutorial.py
[2024-11-26T06:11:46.288+0000] {processor.py:830} INFO - Processing file /home/airflow/.local/lib/python3.12/site-packages/airflow/example_dags/tutorial.py for tasks to queue
[2024-11-26T06:11:46.290+0000] {logging_mixin.py:188} INFO - [2024-11-26T06:11:46.289+0000] {dagbag.py:545} INFO - Filling up the DagBag from /home/airflow/.local/lib/python3.12/site-packages/airflow/example_dags/tutorial.py
[2024-11-26T06:11:46.293+0000] {processor.py:840} INFO - DAG(s) 'tutorial' retrieved from /home/airflow/.local/lib/python3.12/site-packages/airflow/example_dags/tutorial.py
[2024-11-26T06:11:46.305+0000] {logging_mixin.py:188} INFO - [2024-11-26T06:11:46.305+0000] {dag.py:3096} INFO - Sync 1 DAGs
[2024-11-26T06:11:46.317+0000] {logging_mixin.py:188} INFO - [2024-11-26T06:11:46.317+0000] {dag.py:3954} INFO - Setting next_dagrun for tutorial to 2024-11-25 00:00:00+00:00, run_after=2024-11-26 00:00:00+00:00
[2024-11-26T06:11:46.341+0000] {processor.py:183} INFO - Processing /home/airflow/.local/lib/python3.12/site-packages/airflow/example_dags/tutorial.py took 0.057 seconds
[2024-11-26T06:12:16.672+0000] {processor.py:161} INFO - Started process (PID=537) to work on /home/airflow/.local/lib/python3.12/site-packages/airflow/example_dags/tutorial.py
[2024-11-26T06:12:16.672+0000] {processor.py:830} INFO - Processing file /home/airflow/.local/lib/python3.12/site-packages/airflow/example_dags/tutorial.py for tasks to queue
[2024-11-26T06:12:16.673+0000] {logging_mixin.py:188} INFO - [2024-11-26T06:12:16.673+0000] {dagbag.py:545} INFO - Filling up the DagBag from /home/airflow/.local/lib/python3.12/site-packages/airflow/example_dags/tutorial.py
[2024-11-26T06:12:16.677+0000] {processor.py:840} INFO - DAG(s) 'tutorial' retrieved from /home/airflow/.local/lib/python3.12/site-packages/airflow/example_dags/tutorial.py
[2024-11-26T06:12:16.689+0000] {logging_mixin.py:188} INFO - [2024-11-26T06:12:16.689+0000] {dag.py:3096} INFO - Sync 1 DAGs
[2024-11-26T06:12:16.702+0000] {logging_mixin.py:188} INFO - [2024-11-26T06:12:16.702+0000] {dag.py:3954} INFO - Setting next_dagrun for tutorial to 2024-11-25 00:00:00+00:00, run_after=2024-11-26 00:00:00+00:00
[2024-11-26T06:12:16.723+0000] {processor.py:183} INFO - Processing /home/airflow/.local/lib/python3.12/site-packages/airflow/example_dags/tutorial.py took 0.055 seconds
[2024-11-26T06:12:47.185+0000] {processor.py:161} INFO - Started process (PID=600) to work on /home/airflow/.local/lib/python3.12/site-packages/airflow/example_dags/tutorial.py
[2024-11-26T06:12:47.185+0000] {processor.py:830} INFO - Processing file /home/airflow/.local/lib/python3.12/site-packages/airflow/example_dags/tutorial.py for tasks to queue
[2024-11-26T06:12:47.186+0000] {logging_mixin.py:188} INFO - [2024-11-26T06:12:47.186+0000] {dagbag.py:545} INFO - Filling up the DagBag from /home/airflow/.local/lib/python3.12/site-packages/airflow/example_dags/tutorial.py
[2024-11-26T06:12:47.190+0000] {processor.py:840} INFO - DAG(s) 'tutorial' retrieved from /home/airflow/.local/lib/python3.12/site-packages/airflow/example_dags/tutorial.py
[2024-11-26T06:12:47.202+0000] {logging_mixin.py:188} INFO - [2024-11-26T06:12:47.202+0000] {dag.py:3096} INFO - Sync 1 DAGs
[2024-11-26T06:12:47.215+0000] {logging_mixin.py:188} INFO - [2024-11-26T06:12:47.215+0000] {dag.py:3954} INFO - Setting next_dagrun for tutorial to 2024-11-25 00:00:00+00:00, run_after=2024-11-26 00:00:00+00:00
[2024-11-26T06:12:47.236+0000] {processor.py:183} INFO - Processing /home/airflow/.local/lib/python3.12/site-packages/airflow/example_dags/tutorial.py took 0.055 seconds
[2024-11-26T06:13:17.496+0000] {processor.py:161} INFO - Started process (PID=663) to work on /home/airflow/.local/lib/python3.12/site-packages/airflow/example_dags/tutorial.py
[2024-11-26T06:13:17.497+0000] {processor.py:830} INFO - Processing file /home/airflow/.local/lib/python3.12/site-packages/airflow/example_dags/tutorial.py for tasks to queue
[2024-11-26T06:13:17.498+0000] {logging_mixin.py:188} INFO - [2024-11-26T06:13:17.498+0000] {dagbag.py:545} INFO - Filling up the DagBag from /home/airflow/.local/lib/python3.12/site-packages/airflow/example_dags/tutorial.py
[2024-11-26T06:13:17.501+0000] {processor.py:840} INFO - DAG(s) 'tutorial' retrieved from /home/airflow/.local/lib/python3.12/site-packages/airflow/example_dags/tutorial.py
[2024-11-26T06:13:17.513+0000] {logging_mixin.py:188} INFO - [2024-11-26T06:13:17.513+0000] {dag.py:3096} INFO - Sync 1 DAGs
[2024-11-26T06:13:17.525+0000] {logging_mixin.py:188} INFO - [2024-11-26T06:13:17.525+0000] {dag.py:3954} INFO - Setting next_dagrun for tutorial to 2024-11-25 00:00:00+00:00, run_after=2024-11-26 00:00:00+00:00
[2024-11-26T06:13:17.549+0000] {processor.py:183} INFO - Processing /home/airflow/.local/lib/python3.12/site-packages/airflow/example_dags/tutorial.py took 0.056 seconds
